#
# A fatal error has been detected by the Java Runtime Environment:
#
#  SIGSEGV (0xb) at pc=0x5f85ca78, pid=21478, tid=1638603584
#
# JRE version: OpenJDK Runtime Environment (7.0_75-b13) (build 1.7.0_75-b13)
# Java VM: OpenJDK Server VM (24.75-b04 mixed mode linux-x86 )
# Derivative: IcedTea 2.5.4
# Distribution: Ubuntu 14.04 LTS, package 7u75-2.5.4-1~trusty1
# Problematic frame:
# C  0x5f85ca78
#
# Failed to write core dump. Core dumps have been disabled. To enable core dumping, try "ulimit -c unlimited" before starting Java again
#
# If you would like to submit a bug report, please include
# instructions on how to reproduce the bug and visit:
#   http://icedtea.classpath.org/bugzilla
# The crash happened outside the Java Virtual Machine in native code.
# See problematic frame for where to report the bug.
#

---------------  T H R E A D  ---------------

Current thread (0x668ae800):  JavaThread "LWJGL Application" [_thread_in_native, id=21501, stack(0x61a61000,0x61ab2000)]

siginfo:si_signo=SIGSEGV: si_errno=0, si_code=2 (SEGV_ACCERR), si_addr=0x5f85ca78

Registers:
EAX=0x5f85af38, EBX=0x67133ff4, ECX=0x00000000, EDX=0x5f86a1b0
ESP=0x61ab0cac, EBP=0x5fa50a18, ESI=0x5f85aef8, EDI=0x00000200
EIP=0x5f85ca78, EFLAGS=0x00210212, CR2=0x5f85ca78

Top of Stack: (sp=0x61ab0cac)
0x61ab0cac:   670e3dc4 5f85aef8 5f85af38 5f7da3c4
0x61ab0cbc:   5f86859c 61ab0d2c b6f8bd30 668ae928
0x61ab0ccc:   b6be2ecf 67a35564 668affb0 67a35170
0x61ab0cdc:   00000000 67a35564 000003ec 5f7da3b8
0x61ab0cec:   5f868590 bee66666 00000000 41a17c58
0x61ab0cfc:   00000000 00000000 00000000 5fa37840
0x61ab0d0c:   5f85bd58 5f85adb8 00000000 00000000
0x61ab0d1c:   00000000 00000000 3f800000 3f800000 

Instructions: (pc=0x5f85ca78)
0x5f85ca58:   00 00 00 00 00 00 80 3f 00 00 00 00 00 00 00 00
0x5f85ca68:   00 00 00 00 00 00 00 00 00 00 00 00 00 00 00 00
0x5f85ca78:   78 d4 85 5f 24 00 00 00 78 cf 85 5f 70 87 86 5f
0x5f85ca88:   f8 ae 85 5f 78 ca 85 5f 00 00 00 00 00 00 00 00 

Register to memory mapping:

EAX=0x5f85af38 is an unknown value
EBX=0x67133ff4: <offset 0x72ff4> in /tmp/libgdxhunter/2535ec09/libgdx.so at 0x670c1000
ECX=0x00000000 is an unknown value
EDX=0x5f86a1b0 is an unknown value
ESP=0x61ab0cac is pointing into the stack for thread: 0x668ae800
EBP=0x5fa50a18 is an unknown value
ESI=0x5f85aef8 is an unknown value
EDI=0x00000200 is an unknown value


Stack: [0x61a61000,0x61ab2000],  sp=0x61ab0cac,  free space=319k
Native frames: (J=compiled Java code, j=interpreted, Vv=VM code, C=native code)
C  0x5f85ca78

Java frames: (J=compiled Java code, j=interpreted, Vv=VM code)
j  com.badlogic.gdx.physics.box2d.World.jniStep(JFII)V+0
j  com.badlogic.gdx.physics.box2d.World.step(FII)V+8
j  csctrails.states.PlayState.update(F)V+12
j  csctrails.handlers.GameStateManager.update(F)V+11
j  csctrails.main.Game.render()V+20
j  com.badlogic.gdx.backends.lwjgl.LwjglApplication.mainLoop()V+642
j  com.badlogic.gdx.backends.lwjgl.LwjglApplication$1.run()V+27
v  ~StubRoutines::call_stub

---------------  P R O C E S S  ---------------

Java Threads: ( => current thread )
  0x67af9800 JavaThread "process reaper" daemon [_thread_blocked, id=21503, stack(0x61a46000,0x61a61000)]
  0xb6407c00 JavaThread "DestroyJavaVM" [_thread_blocked, id=21483, stack(0xb6598000,0xb65e9000)]
=>0x668ae800 JavaThread "LWJGL Application" [_thread_in_native, id=21501, stack(0x61a61000,0x61ab2000)]
  0x6681b000 JavaThread "AWT-XAWT" daemon [_thread_in_native, id=21497, stack(0x667af000,0x66800000)]
  0x6680a400 JavaThread "Java2D Disposer" daemon [_thread_blocked, id=21496, stack(0x6690d000,0x6695e000)]
  0x67c9cc00 JavaThread "Service Thread" daemon [_thread_blocked, id=21494, stack(0x6760b000,0x6765c000)]
  0x67c9b000 JavaThread "C2 CompilerThread1" daemon [_thread_blocked, id=21493, stack(0x6765c000,0x676dd000)]
  0x67c99000 JavaThread "C2 CompilerThread0" daemon [_thread_blocked, id=21492, stack(0x676dd000,0x6775e000)]
  0x67c97400 JavaThread "Signal Dispatcher" daemon [_thread_blocked, id=21491, stack(0x6775e000,0x677af000)]
  0x67c85800 JavaThread "Finalizer" daemon [_thread_blocked, id=21490, stack(0x679af000,0x67a00000)]
  0x67c83c00 JavaThread "Reference Handler" daemon [_thread_blocked, id=21489, stack(0x6a92e000,0x6a97f000)]

Other Threads:
  0x67c81400 VMThread [stack: 0x67d4e000,0x67dcf000] [id=21488]
  0x67c9ec00 WatcherThread [stack: 0x6758a000,0x6760b000] [id=21495]

VM state:not at safepoint (normal execution)

VM Mutex/Monitor currently owned by a thread: None

Heap
 PSYoungGen      total 19456K, used 8121K [0x9ddc0000, 0x9f340000, 0xb3340000)
  eden space 16896K, 32% used [0x9ddc0000,0x9e32e880,0x9ee40000)
  from space 2560K, 99% used [0x9ee40000,0x9f0bfcf0,0x9f0c0000)
  to   space 2560K, 0% used [0x9f0c0000,0x9f0c0000,0x9f340000)
 ParOldGen       total 43520K, used 1301K [0x73340000, 0x75dc0000, 0x9ddc0000)
  object space 43520K, 2% used [0x73340000,0x734857a8,0x75dc0000)
 PSPermGen       total 16384K, used 6796K [0x6b340000, 0x6c340000, 0x73340000)
  object space 16384K, 41% used [0x6b340000,0x6b9e3258,0x6c340000)

Card table byte_map: [0x6b0ff000,0x6b340000] byte_map_base: 0x6ada5600

Polling page: 0xb779a000

Code Cache  [0xb3400000, 0xb3640000, 0xb6400000)
 total_blobs=475 nmethods=166 adapters=263 free_code_cache=48524Kb largest_free_block=49670720

Compilation events (10 events):
Event: 5.896 Thread 0x67c9b000  161             java.util.ArrayList$SubList$1::next (79 bytes)
Event: 5.896 Thread 0x67c99000  162             java.util.ArrayList$SubList$1::checkForComodification (26 bytes)
Event: 5.897 Thread 0x67c99000 nmethod 162 0xb349f808 code [0xb349f900, 0xb349f990]
Event: 5.898 Thread 0x67c9b000 nmethod 161 0xb349f4c8 code [0xb349f5c0, 0xb349f6b0]
Event: 6.446 Thread 0x67c99000  163             com.badlogic.gdx.physics.box2d.Contact::getFixtureA (22 bytes)
Event: 6.449 Thread 0x67c99000 nmethod 163 0xb349d408 code [0xb349d540, 0xb349d810]
Event: 6.511 Thread 0x67c9b000  164             java.util.ArrayList::access$100 (5 bytes)
Event: 6.512 Thread 0x67c9b000 nmethod 164 0xb349d248 code [0xb349d340, 0xb349d390]
Event: 6.797 Thread 0x67c99000  165             com.badlogic.gdx.physics.box2d.Contact::getFixtureB (22 bytes)
Event: 6.804 Thread 0x67c99000 nmethod 165 0xb34a0ec8 code [0xb34a1000, 0xb34a12d0]

GC Heap History (2 events):
Event: 2.728 GC heap before
{Heap before GC invocations=1 (full 0):
 PSYoungGen      total 19456K, used 16896K [0x9ddc0000, 0x9f340000, 0xb3340000)
  eden space 16896K, 100% used [0x9ddc0000,0x9ee40000,0x9ee40000)
  from space 2560K, 0% used [0x9f0c0000,0x9f0c0000,0x9f340000)
  to   space 2560K, 0% used [0x9ee40000,0x9ee40000,0x9f0c0000)
 ParOldGen       total 43520K, used 0K [0x73340000, 0x75dc0000, 0x9ddc0000)
  object space 43520K, 0% used [0x73340000,0x73340000,0x75dc0000)
 PSPermGen       total 16384K, used 6777K [0x6b340000, 0x6c340000, 0x73340000)
  object space 16384K, 41% used [0x6b340000,0x6b9de7f0,0x6c340000)
Event: 2.740 GC heap after
Heap after GC invocations=1 (full 0):
 PSYoungGen      total 19456K, used 2559K [0x9ddc0000, 0x9f340000, 0xb3340000)
  eden space 16896K, 0% used [0x9ddc0000,0x9ddc0000,0x9ee40000)
  from space 2560K, 99% used [0x9ee40000,0x9f0bfcf0,0x9f0c0000)
  to   space 2560K, 0% used [0x9f0c0000,0x9f0c0000,0x9f340000)
 ParOldGen       total 43520K, used 1301K [0x73340000, 0x75dc0000, 0x9ddc0000)
  object space 43520K, 2% used [0x73340000,0x734857a8,0x75dc0000)
 PSPermGen       total 16384K, used 6777K [0x6b340000, 0x6c340000, 0x73340000)
  object space 16384K, 41% used [0x6b340000,0x6b9de7f0,0x6c340000)
}

Deoptimization events (1 events):
Event: 3.190 Thread 0x668ae800 Uncommon trap: reason=unreached action=reinterpret pc=0xb347bf8c method=com.badlogic.gdx.utils.Array.iterator()Ljava/util/Iterator; @ 4

Internal exceptions (10 events):
Event: 1.168 Thread 0x668ae800 Threw 0x9eaec778 at /build/buildd/openjdk-7-7u75-2.5.4/build/openjdk/hotspot/src/share/vm/prims/jvm.cpp:1284
Event: 1.172 Thread 0x668ae800 Threw 0x9eaf9b58 at /build/buildd/openjdk-7-7u75-2.5.4/build/openjdk/hotspot/src/share/vm/prims/jvm.cpp:1284
Event: 1.211 Thread 0x668ae800 Threw 0x9ec9cc50 at /build/buildd/openjdk-7-7u75-2.5.4/build/openjdk/hotspot/src/share/vm/prims/jvm.cpp:1284
Event: 1.211 Thread 0x668ae800 Threw 0x9eca1800 at /build/buildd/openjdk-7-7u75-2.5.4/build/openjdk/hotspot/src/share/vm/prims/jvm.cpp:1284
Event: 1.213 Thread 0x668ae800 Threw 0x9eca6278 at /build/buildd/openjdk-7-7u75-2.5.4/build/openjdk/hotspot/src/share/vm/prims/jvm.cpp:1284
Event: 1.214 Thread 0x668ae800 Threw 0x9ecaad70 at /build/buildd/openjdk-7-7u75-2.5.4/build/openjdk/hotspot/src/share/vm/prims/jvm.cpp:1284
Event: 1.214 Thread 0x668ae800 Threw 0x9ecaf4c8 at /build/buildd/openjdk-7-7u75-2.5.4/build/openjdk/hotspot/src/share/vm/prims/jvm.cpp:1284
Event: 1.215 Thread 0x668ae800 Threw 0x9ecb3ee0 at /build/buildd/openjdk-7-7u75-2.5.4/build/openjdk/hotspot/src/share/vm/prims/jvm.cpp:1284
Event: 1.355 Thread 0x668ae800 Threw 0x9ecd7920 at /build/buildd/openjdk-7-7u75-2.5.4/build/openjdk/hotspot/src/share/vm/prims/jvm.cpp:1284
Event: 3.190 Thread 0x668ae800 Implicit null exception at 0xb347bb69 to 0xb347bf75

Events (10 events):
Event: 1.215 loading class 0x5fa7bfa8 done
Event: 1.355 loading class 0x6748e600
Event: 1.355 loading class 0x6748e600 done
Event: 2.728 Executing VM operation: ParallelGCFailedAllocation
Event: 2.740 Executing VM operation: ParallelGCFailedAllocation done
Event: 3.190 Thread 0x668ae800 Uncommon trap: trap_request=0xffffffad fr.pc=0xb347bf8c
Event: 3.190 Thread 0x668ae800 DEOPT PACKING pc=0xb347bf8c sp=0x61ab0e50
Event: 3.190 Thread 0x668ae800 DEOPT UNPACKING pc=0xb342cbc8 sp=0x61ab0e00 mode 2
Event: 4.089 Executing VM operation: EnableBiasedLocking
Event: 4.089 Executing VM operation: EnableBiasedLocking done


Dynamic libraries:
08048000-08049000 r-xp 00000000 08:09 3675650    /usr/lib/jvm/java-7-openjdk-i386/jre/bin/java
08049000-0804a000 r--p 00000000 08:09 3675650    /usr/lib/jvm/java-7-openjdk-i386/jre/bin/java
0804a000-0804b000 rw-p 00001000 08:09 3675650    /usr/lib/jvm/java-7-openjdk-i386/jre/bin/java
09dd9000-09dfa000 rw-p 00000000 00:00 0          [heap]
5f500000-5f537000 rw-p 00000000 00:00 0 
5f537000-5f600000 ---p 00000000 00:00 0 
5f600000-5f6f2000 rw-p 00000000 00:00 0 
5f6f2000-5f700000 ---p 00000000 00:00 0 
5f700000-5f7f7000 rw-p 00000000 00:00 0 
5f7f7000-5f800000 ---p 00000000 00:00 0 
5f800000-5f900000 rw-p 00000000 00:00 0 
5f900000-5fb00000 rw-p 00000000 00:00 0 
5fb00000-5fd00000 rw-p 00000000 00:00 0 
5fd00000-5fe00000 rw-p 00000000 00:00 0 
5fe1d000-5fe1f000 rw-s 00000000 00:04 152375     /drm mm object (deleted)
5fe1f000-5fe21000 rw-s 00000000 00:04 153214     /drm mm object (deleted)
5fe21000-5fe59000 rw-s 00000000 00:04 154456     /drm mm object (deleted)
5fe59000-5fe5b000 rw-s 00000000 00:04 154455     /drm mm object (deleted)
5fe5b000-5fe5d000 rw-s 00000000 00:04 154454     /drm mm object (deleted)
5fe5d000-5fe5f000 rw-s 00000000 00:04 154453     /drm mm object (deleted)
5fe5f000-5fe61000 rw-s 00000000 00:04 154452     /drm mm object (deleted)
5fe61000-5fe63000 rw-s 00000000 00:04 154451     /drm mm object (deleted)
5fe63000-5fe65000 rw-s 00000000 00:04 154450     /drm mm object (deleted)
5fe65000-5fe67000 rw-s 00000000 00:04 154449     /drm mm object (deleted)
5fe67000-60100000 rw-p 00000000 00:00 0 
60100000-601fe000 rw-p 00000000 00:00 0 
601fe000-60200000 ---p 00000000 00:00 0 
60201000-60203000 rw-s 00000000 00:04 154448     /drm mm object (deleted)
60203000-60205000 rw-s 00000000 00:04 154447     /drm mm object (deleted)
60205000-60207000 rw-s 00000000 00:04 154446     /drm mm object (deleted)
60207000-60209000 rw-s 00000000 00:04 154445     /drm mm object (deleted)
60209000-6020b000 rw-s 00000000 00:04 154444     /drm mm object (deleted)
6020b000-6020d000 rw-s 00000000 00:04 154443     /drm mm object (deleted)
6020d000-6020f000 rw-s 00000000 00:04 154442     /drm mm object (deleted)
6020f000-60211000 rw-s 00000000 00:04 154441     /drm mm object (deleted)
60211000-60213000 rw-s 00000000 00:04 154440     /drm mm object (deleted)
60213000-6024b000 rw-s 00000000 00:04 154435     /drm mm object (deleted)
6024b000-60283000 rw-s 00000000 00:04 154434     /drm mm object (deleted)
60283000-60285000 rw-s 00000000 00:04 154433     /drm mm object (deleted)
60285000-60287000 rw-s 00000000 00:04 154432     /drm mm object (deleted)
60287000-60289000 rw-s 00000000 00:04 154431     /drm mm object (deleted)
60289000-6028b000 rw-s 00000000 00:04 154430     /drm mm object (deleted)
6028b000-61190000 rw-p 00000000 00:00 0 
61190000-611e7000 rw-p 00000000 00:00 0 
611e8000-611ea000 rw-s 00000000 00:04 154429     /drm mm object (deleted)
611ea000-611ec000 rw-s 00000000 00:04 154428     /drm mm object (deleted)
611ec000-611ee000 rw-s 00000000 00:04 154427     /drm mm object (deleted)
611ee000-611f0000 rw-s 00000000 00:04 154426     /drm mm object (deleted)
611f0000-611f2000 rw-s 00000000 00:04 154425     /drm mm object (deleted)
611f2000-611f4000 rw-s 00000000 00:04 154424     /drm mm object (deleted)
611f4000-611f6000 rw-s 00000000 00:04 154423     /drm mm object (deleted)
611f6000-611f8000 rw-s 00000000 00:04 154422     /drm mm object (deleted)
611f8000-611fa000 rw-s 00000000 00:04 154421     /drm mm object (deleted)
611fa000-611fc000 rw-s 00000000 00:04 154420     /drm mm object (deleted)
611fc000-61231000 r-xp 00000000 08:09 3550246    /usr/lib/i386-linux-gnu/libtxc_dxtn_s2tc.so.0.0.0
61231000-61232000 r--p 00034000 08:09 3550246    /usr/lib/i386-linux-gnu/libtxc_dxtn_s2tc.so.0.0.0
61232000-61233000 rw-p 00035000 08:09 3550246    /usr/lib/i386-linux-gnu/libtxc_dxtn_s2tc.so.0.0.0
61233000-6127b000 rw-p 00000000 00:00 0 
6127b000-61284000 r-xp 00000000 08:09 3545497    /usr/lib/i386-linux-gnu/libpciaccess.so.0.11.1
61284000-61285000 r--p 00008000 08:09 3545497    /usr/lib/i386-linux-gnu/libpciaccess.so.0.11.1
61285000-61286000 rw-p 00009000 08:09 3545497    /usr/lib/i386-linux-gnu/libpciaccess.so.0.11.1
61286000-61292000 r-xp 00000000 08:09 3542044    /usr/lib/i386-linux-gnu/libdrm_radeon.so.1.0.1
61292000-61293000 r--p 0000c000 08:09 3542044    /usr/lib/i386-linux-gnu/libdrm_radeon.so.1.0.1
61293000-61294000 rw-p 0000d000 08:09 3542044    /usr/lib/i386-linux-gnu/libdrm_radeon.so.1.0.1
61294000-6129a000 r-xp 00000000 08:09 3542041    /usr/lib/i386-linux-gnu/libdrm_nouveau.so.2.0.0
6129a000-6129b000 r--p 00005000 08:09 3542041    /usr/lib/i386-linux-gnu/libdrm_nouveau.so.2.0.0
6129b000-6129c000 rw-p 00006000 08:09 3542041    /usr/lib/i386-linux-gnu/libdrm_nouveau.so.2.0.0
6129c000-612bc000 r-xp 00000000 08:09 3542039    /usr/lib/i386-linux-gnu/libdrm_intel.so.1.0.0
612bc000-612bd000 r--p 0001f000 08:09 3542039    /usr/lib/i386-linux-gnu/libdrm_intel.so.1.0.0
612bd000-612be000 rw-p 00020000 08:09 3542039    /usr/lib/i386-linux-gnu/libdrm_intel.so.1.0.0
612be000-617e3000 r-xp 00000000 08:09 3671282    /usr/lib/i386-linux-gnu/dri/i965_dri.so
617e3000-617f0000 r--p 00524000 08:09 3671282    /usr/lib/i386-linux-gnu/dri/i965_dri.so
617f0000-617f8000 rw-p 00531000 08:09 3671282    /usr/lib/i386-linux-gnu/dri/i965_dri.so
617f8000-61831000 rw-p 00000000 00:00 0 
61831000-61848000 r-xp 00000000 08:09 5243960    /lib/i386-linux-gnu/libnih.so.1.0.0
61848000-61849000 r--p 00016000 08:09 5243960    /lib/i386-linux-gnu/libnih.so.1.0.0
61849000-6184a000 rw-p 00017000 08:09 5243960    /lib/i386-linux-gnu/libnih.so.1.0.0
6184a000-61866000 r-xp 00000000 08:09 5243900    /lib/i386-linux-gnu/libcgmanager.so.0.0.0
61866000-61867000 r--p 0001b000 08:09 5243900    /lib/i386-linux-gnu/libcgmanager.so.0.0.0
61867000-61868000 rw-p 0001c000 08:09 5243900    /lib/i386-linux-gnu/libcgmanager.so.0.0.0
61868000-61879000 r-xp 00000000 08:09 5244044    /lib/i386-linux-gnu/libudev.so.1.3.5
61879000-6187a000 r--p 00010000 08:09 5244044    /lib/i386-linux-gnu/libudev.so.1.3.5
6187a000-6187b000 rw-p 00011000 08:09 5244044    /lib/i386-linux-gnu/libudev.so.1.3.5
6187b000-61886000 r-xp 00000000 08:09 3540179    /usr/lib/i386-linux-gnu/libdrm.so.2.4.0
61886000-61887000 r--p 0000a000 08:09 3540179    /usr/lib/i386-linux-gnu/libdrm.so.2.4.0
61887000-61888000 rw-p 0000b000 08:09 3540179    /usr/lib/i386-linux-gnu/libdrm.so.2.4.0
61888000-6189e000 r-xp 00000000 08:09 3545767    /usr/lib/i386-linux-gnu/libxcb-glx.so.0.0.0
6189e000-6189f000 r--p 00016000 08:09 3545767    /usr/lib/i386-linux-gnu/libxcb-glx.so.0.0.0
6189f000-618a0000 rw-p 00017000 08:09 3545767    /usr/lib/i386-linux-gnu/libxcb-glx.so.0.0.0
618a0000-618f9000 r-xp 00000000 08:09 3674195    /usr/lib/i386-linux-gnu/mesa/libGL.so.1.2.0
618f9000-618fb000 r--p 00058000 08:09 3674195    /usr/lib/i386-linux-gnu/mesa/libGL.so.1.2.0
618fb000-61900000 rwxp 0005a000 08:09 3674195    /usr/lib/i386-linux-gnu/mesa/libGL.so.1.2.0
61900000-619fe000 rw-p 00000000 00:00 0 
619fe000-61a00000 ---p 00000000 00:00 0 
61a00000-61a08000 r-xp 00000000 08:09 5243958    /lib/i386-linux-gnu/libnih-dbus.so.1.0.0
61a08000-61a09000 r--p 00007000 08:09 5243958    /lib/i386-linux-gnu/libnih-dbus.so.1.0.0
61a09000-61a0a000 rw-p 00008000 08:09 5243958    /lib/i386-linux-gnu/libnih-dbus.so.1.0.0
61a0a000-61a0b000 r-xp 00000000 08:09 3545809    /usr/lib/i386-linux-gnu/libxshmfence.so.1.0.0
61a0b000-61a0c000 r--p 00000000 08:09 3545809    /usr/lib/i386-linux-gnu/libxshmfence.so.1.0.0
61a0c000-61a0d000 rw-p 00001000 08:09 3545809    /usr/lib/i386-linux-gnu/libxshmfence.so.1.0.0
61a0d000-61a12000 r-xp 00000000 08:09 3545787    /usr/lib/i386-linux-gnu/libxcb-sync.so.1.0.0
61a12000-61a13000 r--p 00004000 08:09 3545787    /usr/lib/i386-linux-gnu/libxcb-sync.so.1.0.0
61a13000-61a14000 rw-p 00005000 08:09 3545787    /usr/lib/i386-linux-gnu/libxcb-sync.so.1.0.0
61a14000-61a24000 r-xp 00000000 08:09 3545733    /usr/lib/i386-linux-gnu/libglapi.so.0.0.0
61a24000-61a26000 r--p 0000f000 08:09 3545733    /usr/lib/i386-linux-gnu/libglapi.so.0.0.0
61a26000-61a2b000 rwxp 00011000 08:09 3545733    /usr/lib/i386-linux-gnu/libglapi.so.0.0.0
61a2b000-61a2c000 rwxp 00000000 00:00 0 
61a2c000-61a2e000 rw-s 00000000 00:04 154419     /drm mm object (deleted)
61a2e000-61a36000 rw-s 00000000 00:04 154412     /drm mm object (deleted)
61a36000-61a3e000 rw-s 00000000 00:04 152367     /drm mm object (deleted)
61a3e000-61a46000 rw-s 00000000 00:04 152363     /drm mm object (deleted)
61a46000-61a49000 ---p 00000000 00:00 0 
61a49000-61a61000 rw-p 00000000 00:00 0          [stack:21503]
61a61000-61a64000 ---p 00000000 00:00 0 
61a64000-61ab2000 rw-p 00000000 00:00 0          [stack:21501]
61ab2000-61ab3000 ---p 00000000 00:00 0 
61ab3000-61bb3000 rw-p 00000000 00:00 0          [stack:21500]
61bb3000-65bb4000 rw-s 00000000 00:14 152351     /run/shm/pulse-shm-3918033300
65bb4000-65bb5000 ---p 00000000 00:00 0 
65bb5000-663b5000 rw-p 00000000 00:00 0          [stack:21499]
663b5000-663bc000 r-xp 00000000 08:09 3545433    /usr/lib/i386-linux-gnu/libogg.so.0.8.1
663bc000-663bd000 r--p 00006000 08:09 3545433    /usr/lib/i386-linux-gnu/libogg.so.0.8.1
663bd000-663be000 rw-p 00007000 08:09 3545433    /usr/lib/i386-linux-gnu/libogg.so.0.8.1
663be000-663e7000 r-xp 00000000 08:09 3545717    /usr/lib/i386-linux-gnu/libvorbis.so.0.4.5
663e7000-663e8000 ---p 00029000 08:09 3545717    /usr/lib/i386-linux-gnu/libvorbis.so.0.4.5
663e8000-663e9000 r--p 00029000 08:09 3545717    /usr/lib/i386-linux-gnu/libvorbis.so.0.4.5
663e9000-663ea000 rw-p 0002a000 08:09 3545717    /usr/lib/i386-linux-gnu/libvorbis.so.0.4.5
663ea000-66550000 r-xp 00000000 08:09 3545719    /usr/lib/i386-linux-gnu/libvorbisenc.so.2.0.8
66550000-66561000 r--p 00165000 08:09 3545719    /usr/lib/i386-linux-gnu/libvorbisenc.so.2.0.8
66561000-66562000 rw-p 00176000 08:09 3545719    /usr/lib/i386-linux-gnu/libvorbisenc.so.2.0.8
66562000-66594000 r-xp 00000000 08:09 3542046    /usr/lib/i386-linux-gnu/libFLAC.so.8.3.0
66594000-66595000 r--p 00031000 08:09 3542046    /usr/lib/i386-linux-gnu/libFLAC.so.8.3.0
66595000-66596000 rw-p 00032000 08:09 3542046    /usr/lib/i386-linux-gnu/libFLAC.so.8.3.0
66596000-6659b000 r-xp 00000000 08:09 3544706    /usr/lib/i386-linux-gnu/libasyncns.so.0.3.1
6659b000-6659c000 r--p 00004000 08:09 3544706    /usr/lib/i386-linux-gnu/libasyncns.so.0.3.1
6659c000-6659d000 rw-p 00005000 08:09 3544706    /usr/lib/i386-linux-gnu/libasyncns.so.0.3.1
6659d000-66608000 r-xp 00000000 08:09 3545614    /usr/lib/i386-linux-gnu/libsndfile.so.1.0.25
66608000-66609000 ---p 0006b000 08:09 3545614    /usr/lib/i386-linux-gnu/libsndfile.so.1.0.25
66609000-6660a000 r--p 0006b000 08:09 3545614    /usr/lib/i386-linux-gnu/libsndfile.so.1.0.25
6660a000-6660b000 rw-p 0006c000 08:09 3545614    /usr/lib/i386-linux-gnu/libsndfile.so.1.0.25
6660b000-6660f000 rw-p 00000000 00:00 0 
6660f000-66617000 r-xp 00000000 08:09 5244056    /lib/i386-linux-gnu/libwrap.so.0.7.6
66617000-66618000 r--p 00007000 08:09 5244056    /lib/i386-linux-gnu/libwrap.so.0.7.6
66618000-66619000 rw-p 00008000 08:09 5244056    /lib/i386-linux-gnu/libwrap.so.0.7.6
66619000-66686000 r-xp 00000000 08:09 3672785    /usr/lib/i386-linux-gnu/pulseaudio/libpulsecommon-4.0.so
66686000-66687000 r--p 0006c000 08:09 3672785    /usr/lib/i386-linux-gnu/pulseaudio/libpulsecommon-4.0.so
66687000-66688000 rw-p 0006d000 08:09 3672785    /usr/lib/i386-linux-gnu/pulseaudio/libpulsecommon-4.0.so
66688000-66691000 r-xp 00000000 08:09 5243935    /lib/i386-linux-gnu/libjson-c.so.2.0.0
66691000-66692000 r--p 00008000 08:09 5243935    /lib/i386-linux-gnu/libjson-c.so.2.0.0
66692000-66693000 rw-p 00009000 08:09 5243935    /lib/i386-linux-gnu/libjson-c.so.2.0.0
66693000-666e0000 r-xp 00000000 08:09 3545533    /usr/lib/i386-linux-gnu/libpulse.so.0.16.2
666e0000-666e1000 r--p 0004c000 08:09 3545533    /usr/lib/i386-linux-gnu/libpulse.so.0.16.2
666e1000-666e2000 rw-p 0004d000 08:09 3545533    /usr/lib/i386-linux-gnu/libpulse.so.0.16.2
666e2000-66730000 r-xp 00000000 08:09 928522     /tmp/libgdxhunter/13fdc6a4/libopenal.so
66730000-66732000 r--p 0004d000 08:09 928522     /tmp/libgdxhunter/13fdc6a4/libopenal.so
66732000-66733000 rw-p 0004f000 08:09 928522     /tmp/libgdxhunter/13fdc6a4/libopenal.so
66733000-66737000 r-xp 00000000 08:09 3544663    /usr/lib/i386-linux-gnu/libXxf86vm.so.1.0.0
66737000-66738000 r--p 00004000 08:09 3544663    /usr/lib/i386-linux-gnu/libXxf86vm.so.1.0.0
66738000-66739000 rw-p 00005000 08:09 3544663    /usr/lib/i386-linux-gnu/libXxf86vm.so.1.0.0
6673a000-6673c000 r-xp 00000000 08:09 3545775    /usr/lib/i386-linux-gnu/libxcb-present.so.0.0.0
6673c000-6673d000 r--p 00001000 08:09 3545775    /usr/lib/i386-linux-gnu/libxcb-present.so.0.0.0
6673d000-6673e000 rw-p 00002000 08:09 3545775    /usr/lib/i386-linux-gnu/libxcb-present.so.0.0.0
6673e000-66740000 r-xp 00000000 08:09 3545765    /usr/lib/i386-linux-gnu/libxcb-dri3.so.0.0.0
66740000-66741000 r--p 00001000 08:09 3545765    /usr/lib/i386-linux-gnu/libxcb-dri3.so.0.0.0
66741000-66742000 rw-p 00002000 08:09 3545765    /usr/lib/i386-linux-gnu/libxcb-dri3.so.0.0.0
66742000-66746000 r-xp 00000000 08:09 3545763    /usr/lib/i386-linux-gnu/libxcb-dri2.so.0.0.0
66746000-66747000 r--p 00003000 08:09 3545763    /usr/lib/i386-linux-gnu/libxcb-dri2.so.0.0.0
66747000-66748000 rw-p 00004000 08:09 3545763    /usr/lib/i386-linux-gnu/libxcb-dri2.so.0.0.0
66748000-6674a000 r-xp 00000000 08:09 3544623    /usr/lib/i386-linux-gnu/libXdamage.so.1.1.0
6674a000-6674b000 r--p 00001000 08:09 3544623    /usr/lib/i386-linux-gnu/libXdamage.so.1.1.0
6674b000-6674c000 rw-p 00002000 08:09 3544623    /usr/lib/i386-linux-gnu/libXdamage.so.1.1.0
6674c000-66753000 r--s 00000000 08:09 3678258    /usr/lib/i386-linux-gnu/gconv/gconv-modules.cache
66753000-667ad000 r-xp 00000000 08:09 928518     /tmp/libgdxhunter/13fdc6a4/liblwjgl.so
667ad000-667ae000 r--p 0005a000 08:09 928518     /tmp/libgdxhunter/13fdc6a4/liblwjgl.so
667ae000-667af000 rw-p 0005b000 08:09 928518     /tmp/libgdxhunter/13fdc6a4/liblwjgl.so
667af000-667b2000 ---p 00000000 00:00 0 
667b2000-66800000 rw-p 00000000 00:00 0          [stack:21497]
66800000-668c3000 rw-p 00000000 00:00 0 
668c3000-66900000 ---p 00000000 00:00 0 
66900000-66902000 rw-s 00000000 00:04 154418     /drm mm object (deleted)
66902000-6690b000 r-xp 00000000 08:09 3544645    /usr/lib/i386-linux-gnu/libXrandr.so.2.2.0
6690b000-6690c000 r--p 00008000 08:09 3544645    /usr/lib/i386-linux-gnu/libXrandr.so.2.2.0
6690c000-6690d000 rw-p 00009000 08:09 3544645    /usr/lib/i386-linux-gnu/libXrandr.so.2.2.0
6690d000-66910000 ---p 00000000 00:00 0 
66910000-6695e000 rw-p 00000000 00:00 0          [stack:21496]
6695e000-66961000 r-xp 00000000 08:09 5243928    /lib/i386-linux-gnu/libgpg-error.so.0.10.0
66961000-66962000 r--p 00002000 08:09 5243928    /lib/i386-linux-gnu/libgpg-error.so.0.10.0
66962000-66963000 rw-p 00003000 08:09 5243928    /lib/i386-linux-gnu/libgpg-error.so.0.10.0
66963000-66965000 r-xp 00000000 08:09 5243938    /lib/i386-linux-gnu/libkeyutils.so.1.4
66965000-66966000 r--p 00002000 08:09 5243938    /lib/i386-linux-gnu/libkeyutils.so.1.4
66966000-66967000 rw-p 00003000 08:09 5243938    /lib/i386-linux-gnu/libkeyutils.so.1.4
66967000-6698d000 r-xp 00000000 08:09 5244011    /lib/i386-linux-gnu/libpng12.so.0.50.0
6698d000-6698e000 r--p 00025000 08:09 5244011    /lib/i386-linux-gnu/libpng12.so.0.50.0
6698e000-6698f000 rw-p 00026000 08:09 5244011    /lib/i386-linux-gnu/libpng12.so.0.50.0
6698f000-669d8000 r-xp 00000000 08:09 5243909    /lib/i386-linux-gnu/libdbus-1.so.3.7.6
669d8000-669d9000 r--p 00048000 08:09 5243909    /lib/i386-linux-gnu/libdbus-1.so.3.7.6
669d9000-669da000 rw-p 00049000 08:09 5243909    /lib/i386-linux-gnu/libdbus-1.so.3.7.6
669da000-66a11000 r-xp 00000000 08:09 3545473    /usr/lib/i386-linux-gnu/libp11-kit.so.0.0.0
66a11000-66a12000 ---p 00037000 08:09 3545473    /usr/lib/i386-linux-gnu/libp11-kit.so.0.0.0
66a12000-66a15000 r--p 00037000 08:09 3545473    /usr/lib/i386-linux-gnu/libp11-kit.so.0.0.0
66a15000-66a16000 rw-p 0003a000 08:09 3545473    /usr/lib/i386-linux-gnu/libp11-kit.so.0.0.0
66a16000-66a28000 r-xp 00000000 08:09 3545650    /usr/lib/i386-linux-gnu/libtasn1.so.6.2.0
66a28000-66a29000 r--p 00011000 08:09 3545650    /usr/lib/i386-linux-gnu/libtasn1.so.6.2.0
66a29000-66a2a000 rw-p 00012000 08:09 3545650    /usr/lib/i386-linux-gnu/libtasn1.so.6.2.0
66a2a000-66aac000 r-xp 00000000 08:09 5243924    /lib/i386-linux-gnu/libgcrypt.so.11.8.2
66aac000-66aad000 ---p 00082000 08:09 5243924    /lib/i386-linux-gnu/libgcrypt.so.11.8.2
66aad000-66aae000 r--p 00082000 08:09 5243924    /lib/i386-linux-gnu/libgcrypt.so.11.8.2
66aae000-66ab0000 rw-p 00083000 08:09 5243924    /lib/i386-linux-gnu/libgcrypt.so.11.8.2
66ab0000-66ab1000 rw-p 00000000 00:00 0 
66ab1000-66abb000 r-xp 00000000 08:09 3545314    /usr/lib/i386-linux-gnu/libkrb5support.so.0.1
66abb000-66abc000 r--p 00009000 08:09 3545314    /usr/lib/i386-linux-gnu/libkrb5support.so.0.1
66abc000-66abd000 rw-p 0000a000 08:09 3545314    /usr/lib/i386-linux-gnu/libkrb5support.so.0.1
66abd000-66ac0000 r-xp 00000000 08:09 5243904    /lib/i386-linux-gnu/libcom_err.so.2.1
66ac0000-66ac1000 r--p 00002000 08:09 5243904    /lib/i386-linux-gnu/libcom_err.so.2.1
66ac1000-66ac2000 rw-p 00003000 08:09 5243904    /lib/i386-linux-gnu/libcom_err.so.2.1
66ac2000-66af0000 r-xp 00000000 08:09 3545306    /usr/lib/i386-linux-gnu/libk5crypto.so.3.1
66af0000-66af1000 r--p 0002d000 08:09 3545306    /usr/lib/i386-linux-gnu/libk5crypto.so.3.1
66af1000-66af2000 rw-p 0002e000 08:09 3545306    /usr/lib/i386-linux-gnu/libk5crypto.so.3.1
66af2000-66ba9000 r-xp 00000000 08:09 3545312    /usr/lib/i386-linux-gnu/libkrb5.so.3.3
66ba9000-66baf000 r--p 000b7000 08:09 3545312    /usr/lib/i386-linux-gnu/libkrb5.so.3.3
66baf000-66bb0000 rw-p 000bd000 08:09 3545312    /usr/lib/i386-linux-gnu/libkrb5.so.3.3
66bb0000-66bb5000 r-xp 00000000 08:09 3544625    /usr/lib/i386-linux-gnu/libXdmcp.so.6.0.0
66bb5000-66bb6000 r--p 00004000 08:09 3544625    /usr/lib/i386-linux-gnu/libXdmcp.so.6.0.0
66bb6000-66bb7000 rw-p 00005000 08:09 3544625    /usr/lib/i386-linux-gnu/libXdmcp.so.6.0.0
66bb7000-66bdc000 r-xp 00000000 08:09 5243917    /lib/i386-linux-gnu/libexpat.so.1.6.0
66bdc000-66bdd000 ---p 00025000 08:09 5243917    /lib/i386-linux-gnu/libexpat.so.1.6.0
66bdd000-66bdf000 r--p 00025000 08:09 5243917    /lib/i386-linux-gnu/libexpat.so.1.6.0
66bdf000-66be0000 rw-p 00027000 08:09 5243917    /lib/i386-linux-gnu/libexpat.so.1.6.0
66be0000-66c7a000 r-xp 00000000 08:09 3544989    /usr/lib/i386-linux-gnu/libfreetype.so.6.11.1
66c7a000-66c7b000 ---p 0009a000 08:09 3544989    /usr/lib/i386-linux-gnu/libfreetype.so.6.11.1
66c7b000-66c7f000 r--p 0009a000 08:09 3544989    /usr/lib/i386-linux-gnu/libfreetype.so.6.11.1
66c7f000-66c80000 rw-p 0009e000 08:09 3544989    /usr/lib/i386-linux-gnu/libfreetype.so.6.11.1
66c80000-66c90000 r-xp 00000000 08:09 3544720    /usr/lib/i386-linux-gnu/libavahi-client.so.3.2.9
66c90000-66c91000 r--p 0000f000 08:09 3544720    /usr/lib/i386-linux-gnu/libavahi-client.so.3.2.9
66c91000-66c92000 rw-p 00010000 08:09 3544720    /usr/lib/i386-linux-gnu/libavahi-client.so.3.2.9
66c92000-66c9e000 r-xp 00000000 08:09 3544722    /usr/lib/i386-linux-gnu/libavahi-common.so.3.5.3
66c9e000-66c9f000 r--p 0000b000 08:09 3544722    /usr/lib/i386-linux-gnu/libavahi-common.so.3.5.3
66c9f000-66ca0000 rw-p 0000c000 08:09 3544722    /usr/lib/i386-linux-gnu/libavahi-common.so.3.5.3
66ca0000-66d61000 r-xp 00000000 08:09 3545081    /usr/lib/i386-linux-gnu/libgnutls.so.26.22.6
66d61000-66d65000 r--p 000c0000 08:09 3545081    /usr/lib/i386-linux-gnu/libgnutls.so.26.22.6
66d65000-66d66000 rw-p 000c4000 08:09 3545081    /usr/lib/i386-linux-gnu/libgnutls.so.26.22.6
66d66000-66da9000 r-xp 00000000 08:09 3545115    /usr/lib/i386-linux-gnu/libgssapi_krb5.so.2.2
66da9000-66daa000 r--p 00042000 08:09 3545115    /usr/lib/i386-linux-gnu/libgssapi_krb5.so.2.2
66daa000-66dab000 rw-p 00043000 08:09 3545115    /usr/lib/i386-linux-gnu/libgssapi_krb5.so.2.2
66dab000-66dcb000 r-xp 00000000 08:09 3545799    /usr/lib/i386-linux-gnu/libxcb.so.1.1.0
66dcb000-66dcc000 r--p 0001f000 08:09 3545799    /usr/lib/i386-linux-gnu/libxcb.so.1.1.0
66dcc000-66dcd000 rw-p 00020000 08:09 3545799    /usr/lib/i386-linux-gnu/libxcb.so.1.1.0
66dcd000-66e06000 r-xp 00000000 08:09 3544961    /usr/lib/i386-linux-gnu/libfontconfig.so.1.8.0
66e06000-66e07000 r--p 00039000 08:09 3544961    /usr/lib/i386-linux-gnu/libfontconfig.so.1.8.0
66e07000-66e08000 rw-p 0003a000 08:09 3544961    /usr/lib/i386-linux-gnu/libfontconfig.so.1.8.0
66e08000-66e6f000 r-xp 00000000 08:09 3544819    /usr/lib/i386-linux-gnu/libcups.so.2
66e6f000-66e70000 ---p 00067000 08:09 3544819    /usr/lib/i386-linux-gnu/libcups.so.2
66e70000-66e74000 r--p 00067000 08:09 3544819    /usr/lib/i386-linux-gnu/libcups.so.2
66e74000-66e75000 rw-p 0006b000 08:09 3544819    /usr/lib/i386-linux-gnu/libcups.so.2
66e75000-66e84000 r-xp 00000000 08:09 3544635    /usr/lib/i386-linux-gnu/libXi.so.6.1.0
66e84000-66e85000 r--p 0000e000 08:09 3544635    /usr/lib/i386-linux-gnu/libXi.so.6.1.0
66e85000-66e86000 rw-p 0000f000 08:09 3544635    /usr/lib/i386-linux-gnu/libXi.so.6.1.0
66e86000-66fb6000 r-xp 00000000 08:09 3544610    /usr/lib/i386-linux-gnu/libX11.so.6.3.0
66fb6000-66fb7000 r--p 00130000 08:09 3544610    /usr/lib/i386-linux-gnu/libX11.so.6.3.0
66fb7000-66fb9000 rw-p 00131000 08:09 3544610    /usr/lib/i386-linux-gnu/libX11.so.6.3.0
66fb9000-66fba000 rw-p 00000000 00:00 0 
66fba000-67002000 r-xp 00000000 08:09 3675633    /usr/lib/jvm/java-7-openjdk-i386/jre/lib/i386/xawt/libmawt.so
67002000-67003000 r--p 00047000 08:09 3675633    /usr/lib/jvm/java-7-openjdk-i386/jre/lib/i386/xawt/libmawt.so
67003000-67005000 rw-p 00048000 08:09 3675633    /usr/lib/jvm/java-7-openjdk-i386/jre/lib/i386/xawt/libmawt.so
67005000-67006000 rw-p 00000000 00:00 0 
67006000-67095000 r-xp 00000000 08:09 3675661    /usr/lib/jvm/java-7-openjdk-i386/jre/lib/i386/libawt.so
67095000-67096000 r--p 0008f000 08:09 3675661    /usr/lib/jvm/java-7-openjdk-i386/jre/lib/i386/libawt.so
67096000-6709d000 rw-p 00090000 08:09 3675661    /usr/lib/jvm/java-7-openjdk-i386/jre/lib/i386/libawt.so
6709d000-670c1000 rw-p 00000000 00:00 0 
670c1000-67133000 r-xp 00000000 08:09 928512     /tmp/libgdxhunter/2535ec09/libgdx.so
67133000-67134000 r--p 00072000 08:09 928512     /tmp/libgdxhunter/2535ec09/libgdx.so
67134000-67135000 rw-p 00073000 08:09 928512     /tmp/libgdxhunter/2535ec09/libgdx.so
67135000-67171000 r-xp 00000000 08:09 5243999    /lib/i386-linux-gnu/libpcre.so.3.13.1
67171000-67172000 r--p 0003b000 08:09 5243999    /lib/i386-linux-gnu/libpcre.so.3.13.1
67172000-67173000 rw-p 0003c000 08:09 5243999    /lib/i386-linux-gnu/libpcre.so.3.13.1
67173000-6727d000 r-xp 00000000 08:09 5243926    /lib/i386-linux-gnu/libglib-2.0.so.0.4002.0
6727d000-6727e000 r--p 00109000 08:09 5243926    /lib/i386-linux-gnu/libglib-2.0.so.0.4002.0
6727e000-6727f000 rw-p 0010a000 08:09 5243926    /lib/i386-linux-gnu/libglib-2.0.so.0.4002.0
6727f000-673fc000 r-xp 00000000 08:09 3545047    /usr/lib/i386-linux-gnu/libgio-2.0.so.0.4002.0
673fc000-673fe000 r--p 0017d000 08:09 3545047    /usr/lib/i386-linux-gnu/libgio-2.0.so.0.4002.0
673fe000-673ff000 rw-p 0017f000 08:09 3545047    /usr/lib/i386-linux-gnu/libgio-2.0.so.0.4002.0
673ff000-67400000 rw-p 00000000 00:00 0 
67400000-674fb000 rw-p 00000000 00:00 0 
674fb000-67500000 ---p 00000000 00:00 0 
67500000-67501000 r-xp 00000000 08:09 3544608    /usr/lib/i386-linux-gnu/libX11-xcb.so.1.0.0
67501000-67502000 r--p 00000000 08:09 3544608    /usr/lib/i386-linux-gnu/libX11-xcb.so.1.0.0
67502000-67503000 rw-p 00001000 08:09 3544608    /usr/lib/i386-linux-gnu/libX11-xcb.so.1.0.0
67503000-67508000 r-xp 00000000 08:09 3544653    /usr/lib/i386-linux-gnu/libXtst.so.6.1.0
67508000-67509000 r--p 00004000 08:09 3544653    /usr/lib/i386-linux-gnu/libXtst.so.6.1.0
67509000-6750a000 rw-p 00005000 08:09 3544653    /usr/lib/i386-linux-gnu/libXtst.so.6.1.0
6750a000-67513000 r-xp 00000000 08:09 3544647    /usr/lib/i386-linux-gnu/libXrender.so.1.3.0
67513000-67514000 r--p 00008000 08:09 3544647    /usr/lib/i386-linux-gnu/libXrender.so.1.3.0
67514000-67515000 rw-p 00009000 08:09 3544647    /usr/lib/i386-linux-gnu/libXrender.so.1.3.0
67515000-67535000 r-xp 00000000 08:09 5244026    /lib/i386-linux-gnu/libselinux.so.1
67535000-67536000 r--p 0001f000 08:09 5244026    /lib/i386-linux-gnu/libselinux.so.1
67536000-67537000 rw-p 00020000 08:09 5244026    /lib/i386-linux-gnu/libselinux.so.1
67537000-67538000 rw-p 00000000 00:00 0 
67538000-67588000 r-xp 00000000 08:09 3545087    /usr/lib/i386-linux-gnu/libgobject-2.0.so.0.4002.0
67588000-67589000 r--p 0004f000 08:09 3545087    /usr/lib/i386-linux-gnu/libgobject-2.0.so.0.4002.0
67589000-6758a000 rw-p 00050000 08:09 3545087    /usr/lib/i386-linux-gnu/libgobject-2.0.so.0.4002.0
6758a000-6758b000 ---p 00000000 00:00 0 
6758b000-6760b000 rw-p 00000000 00:00 0          [stack:21495]
6760b000-6760e000 ---p 00000000 00:00 0 
6760e000-6765c000 rw-p 00000000 00:00 0          [stack:21494]
6765c000-6765f000 ---p 00000000 00:00 0 
6765f000-676dd000 rw-p 00000000 00:00 0          [stack:21493]
676dd000-676e0000 ---p 00000000 00:00 0 
676e0000-6775e000 rw-p 00000000 00:00 0          [stack:21492]
6775e000-67761000 ---p 00000000 00:00 0 
67761000-677af000 rw-p 00000000 00:00 0          [stack:21491]
677af000-679af000 r--p 00000000 08:09 3545965    /usr/lib/locale/locale-archive
679af000-679b2000 ---p 00000000 00:00 0 
679b2000-67a00000 rw-p 00000000 00:00 0          [stack:21490]
67a00000-67afa000 rw-p 00000000 00:00 0 
67afa000-67b00000 ---p 00000000 00:00 0 
67b00000-67b21000 rw-p 00000000 00:00 0 
67b21000-67c00000 ---p 00000000 00:00 0 
67c00000-67cfa000 rw-p 00000000 00:00 0 
67cfa000-67d00000 ---p 00000000 00:00 0 
67d00000-67d01000 rwxp 00000000 00:00 0 
67d01000-67d12000 r-xp 00000000 08:09 3544627    /usr/lib/i386-linux-gnu/libXext.so.6.4.0
67d12000-67d13000 r--p 00010000 08:09 3544627    /usr/lib/i386-linux-gnu/libXext.so.6.4.0
67d13000-67d14000 rw-p 00011000 08:09 3544627    /usr/lib/i386-linux-gnu/libXext.so.6.4.0
67d14000-67d19000 r-xp 00000000 08:09 3544927    /usr/lib/i386-linux-gnu/libffi.so.6.0.1
67d19000-67d1a000 r--p 00005000 08:09 3544927    /usr/lib/i386-linux-gnu/libffi.so.6.0.1
67d1a000-67d1b000 rw-p 00006000 08:09 3544927    /usr/lib/i386-linux-gnu/libffi.so.6.0.1
67d1b000-67d1f000 r-xp 00000000 08:09 3544629    /usr/lib/i386-linux-gnu/libXfixes.so.3.1.0
67d1f000-67d20000 r--p 00003000 08:09 3544629    /usr/lib/i386-linux-gnu/libXfixes.so.3.1.0
67d20000-67d21000 rw-p 00004000 08:09 3544629    /usr/lib/i386-linux-gnu/libXfixes.so.3.1.0
67d21000-67d2a000 r-xp 00000000 08:09 3544621    /usr/lib/i386-linux-gnu/libXcursor.so.1.0.2
67d2a000-67d2b000 r--p 00008000 08:09 3544621    /usr/lib/i386-linux-gnu/libXcursor.so.1.0.2
67d2b000-67d2c000 rw-p 00009000 08:09 3544621    /usr/lib/i386-linux-gnu/libXcursor.so.1.0.2
67d2c000-67d35000 r--s 000b9000 08:09 3675720    /usr/lib/jvm/java-7-openjdk-i386/jre/lib/resources.jar
67d35000-67d4c000 r-xp 00000000 08:09 3675680    /usr/lib/jvm/java-7-openjdk-i386/jre/lib/i386/libnet.so
67d4c000-67d4d000 r--p 00017000 08:09 3675680    /usr/lib/jvm/java-7-openjdk-i386/jre/lib/i386/libnet.so
67d4d000-67d4e000 rw-p 00018000 08:09 3675680    /usr/lib/jvm/java-7-openjdk-i386/jre/lib/i386/libnet.so
67d4e000-67d4f000 ---p 00000000 00:00 0 
67d4f000-67dcf000 rw-p 00000000 00:00 0          [stack:21488]
67dcf000-67f80000 r--s 01d23000 08:09 3675721    /usr/lib/jvm/java-7-openjdk-i386/jre/lib/rt.jar
67f80000-6a800000 rw-p 00000000 00:00 0 
6a800000-6a8fa000 rw-p 00000000 00:00 0 
6a8fa000-6a900000 ---p 00000000 00:00 0 
6a900000-6a913000 r-xp 00000000 08:09 5248966    /lib/i386-linux-gnu/libresolv-2.19.so
6a913000-6a914000 ---p 00013000 08:09 5248966    /lib/i386-linux-gnu/libresolv-2.19.so
6a914000-6a915000 r--p 00013000 08:09 5248966    /lib/i386-linux-gnu/libresolv-2.19.so
6a915000-6a916000 rw-p 00014000 08:09 5248966    /lib/i386-linux-gnu/libresolv-2.19.so
6a916000-6a918000 rw-p 00000000 00:00 0 
6a918000-6a92e000 r--s 00150000 08:09 9046121    /home/hunter/git/LaTech-CSC122/csctrails/libs/gdx.jar
6a92e000-6a931000 ---p 00000000 00:00 0 
6a931000-6a97f000 rw-p 00000000 00:00 0          [stack:21489]
6a97f000-6a980000 ---p 00000000 00:00 0 
6a980000-6aa00000 rw-p 00000000 00:00 0          [stack:21487]
6aa00000-6aa21000 rw-p 00000000 00:00 0 
6aa21000-6ab00000 ---p 00000000 00:00 0 
6ab00000-6ab21000 rw-p 00000000 00:00 0 
6ab21000-6ac00000 ---p 00000000 00:00 0 
6ac00000-6ac11000 r-xp 00000000 08:09 3675672    /usr/lib/jvm/java-7-openjdk-i386/jre/lib/i386/libnio.so
6ac11000-6ac12000 r--p 00010000 08:09 3675672    /usr/lib/jvm/java-7-openjdk-i386/jre/lib/i386/libnio.so
6ac12000-6ac13000 rw-p 00011000 08:09 3675672    /usr/lib/jvm/java-7-openjdk-i386/jre/lib/i386/libnio.so
6ac13000-6ac24000 r--s 00126000 08:09 9046119    /home/hunter/git/LaTech-CSC122/csctrails/libs/gdx-backend-lwjgl.jar
6ac24000-6ac7f000 rw-p 00000000 00:00 0 
6ac7f000-6ac80000 ---p 00000000 00:00 0 
6ac80000-6ad00000 rw-p 00000000 00:00 0          [stack:21486]
6ad00000-6ad21000 rw-p 00000000 00:00 0 
6ad21000-6ae00000 ---p 00000000 00:00 0 
6ae00000-6ae01000 r-xp 00000000 08:09 3675665    /usr/lib/jvm/java-7-openjdk-i386/jre/lib/i386/libjawt.so
6ae01000-6ae02000 r--p 00000000 08:09 3675665    /usr/lib/jvm/java-7-openjdk-i386/jre/lib/i386/libjawt.so
6ae02000-6ae03000 rw-p 00001000 08:09 3675665    /usr/lib/jvm/java-7-openjdk-i386/jre/lib/i386/libjawt.so
6ae03000-6ae67000 rw-p 00000000 00:00 0 
6ae67000-6ae68000 ---p 00000000 00:00 0 
6ae68000-6aee8000 rw-p 00000000 00:00 0          [stack:21485]
6aee8000-6aee9000 ---p 00000000 00:00 0 
6aee9000-6af71000 rw-p 00000000 00:00 0          [stack:21484]
6af71000-6afa9000 rw-p 00000000 00:00 0 
6afa9000-6afbf000 rw-p 00000000 00:00 0 
6afbf000-6b0ff000 rw-p 00000000 00:00 0 
6b0ff000-6b107000 rw-p 00000000 00:00 0 
6b107000-6b13f000 rw-p 00000000 00:00 0 
6b13f000-6b155000 rw-p 00000000 00:00 0 
6b155000-6b294000 rw-p 00000000 00:00 0 
6b294000-6b29f000 rw-p 00000000 00:00 0 
6b29f000-6b33f000 rw-p 00000000 00:00 0 
6b33f000-6c340000 rw-p 00000000 00:00 0 
6c340000-73340000 rw-p 00000000 00:00 0 
73340000-75dc0000 rw-p 00000000 00:00 0 
75dc0000-9ddc0000 rw-p 00000000 00:00 0 
9ddc0000-9f340000 rw-p 00000000 00:00 0 
9f340000-b3340000 rw-p 00000000 00:00 0 
b3340000-b3349000 rw-p 00000000 00:00 0 
b3349000-b3400000 rw-p 00000000 00:00 0 
b3400000-b3640000 rwxp 00000000 00:00 0 
b3640000-b64ff000 rw-p 00000000 00:00 0 
b64ff000-b6500000 ---p 00000000 00:00 0 
b6500000-b6501000 rw-s 00000000 00:04 152364     /drm mm object (deleted)
b6501000-b6503000 r-xp 00000000 08:09 3544614    /usr/lib/i386-linux-gnu/libXau.so.6.0.0
b6503000-b6504000 r--p 00001000 08:09 3544614    /usr/lib/i386-linux-gnu/libXau.so.6.0.0
b6504000-b6505000 rw-p 00002000 08:09 3544614    /usr/lib/i386-linux-gnu/libXau.so.6.0.0
b6505000-b6508000 r-xp 00000000 08:09 3545063    /usr/lib/i386-linux-gnu/libgmodule-2.0.so.0.4002.0
b6508000-b6509000 r--p 00002000 08:09 3545063    /usr/lib/i386-linux-gnu/libgmodule-2.0.so.0.4002.0
b6509000-b650a000 rw-p 00003000 08:09 3545063    /usr/lib/i386-linux-gnu/libgmodule-2.0.so.0.4002.0
b650a000-b650b000 r--s 00127000 08:09 9046120    /home/hunter/git/LaTech-CSC122/csctrails/libs/gdx-natives.jar
b650b000-b650d000 r--s 0019e000 08:09 9046118    /home/hunter/git/LaTech-CSC122/csctrails/libs/gdx-backend-lwjgl-natives.jar
b650d000-b6511000 r--s 00034000 08:09 3675701    /usr/lib/jvm/java-7-openjdk-i386/jre/lib/ext/sunjce_provider.jar
b6511000-b651c000 r-xp 00000000 08:09 5248953    /lib/i386-linux-gnu/libnss_files-2.19.so
b651c000-b651d000 r--p 0000a000 08:09 5248953    /lib/i386-linux-gnu/libnss_files-2.19.so
b651d000-b651e000 rw-p 0000b000 08:09 5248953    /lib/i386-linux-gnu/libnss_files-2.19.so
b651e000-b6528000 r-xp 00000000 08:09 5248960    /lib/i386-linux-gnu/libnss_nis-2.19.so
b6528000-b6529000 r--p 00009000 08:09 5248960    /lib/i386-linux-gnu/libnss_nis-2.19.so
b6529000-b652a000 rw-p 0000a000 08:09 5248960    /lib/i386-linux-gnu/libnss_nis-2.19.so
b652a000-b653f000 r-xp 00000000 08:09 5248957    /lib/i386-linux-gnu/libnsl-2.19.so
b653f000-b6540000 r--p 00015000 08:09 5248957    /lib/i386-linux-gnu/libnsl-2.19.so
b6540000-b6541000 rw-p 00016000 08:09 5248957    /lib/i386-linux-gnu/libnsl-2.19.so
b6541000-b6543000 rw-p 00000000 00:00 0 
b6543000-b654a000 r-xp 00000000 08:09 5248961    /lib/i386-linux-gnu/libnss_compat-2.19.so
b654a000-b654b000 r--p 00006000 08:09 5248961    /lib/i386-linux-gnu/libnss_compat-2.19.so
b654b000-b654c000 rw-p 00007000 08:09 5248961    /lib/i386-linux-gnu/libnss_compat-2.19.so
b654c000-b654d000 r--s 00002000 08:09 3675697    /usr/lib/jvm/java-7-openjdk-i386/jre/lib/ext/dnsns.jar
b654d000-b6551000 r--s 0003c000 08:09 3675702    /usr/lib/jvm/java-7-openjdk-i386/jre/lib/ext/sunpkcs11.jar
b6551000-b6554000 r--s 0000f000 08:09 3675699    /usr/lib/jvm/java-7-openjdk-i386/jre/lib/ext/icedtea-sound.jar
b6554000-b6556000 r--s 00012000 08:09 3675700    /usr/lib/jvm/java-7-openjdk-i386/jre/lib/ext/zipfs.jar
b6556000-b6558000 r--s 00006000 08:09 4068527    /usr/share/java/java-atk-wrapper.jar
b6558000-b655b000 r--s 00086000 08:09 3675698    /usr/lib/jvm/java-7-openjdk-i386/jre/lib/ext/localedata.jar
b655b000-b655c000 r--p 002c5000 08:09 3545965    /usr/lib/locale/locale-archive
b655c000-b6564000 r-xp 00000000 08:09 3675675    /usr/lib/jvm/java-7-openjdk-i386/jre/lib/i386/libzip.so
b6564000-b6565000 r--p 00007000 08:09 3675675    /usr/lib/jvm/java-7-openjdk-i386/jre/lib/i386/libzip.so
b6565000-b6566000 rw-p 00008000 08:09 3675675    /usr/lib/jvm/java-7-openjdk-i386/jre/lib/i386/libzip.so
b6566000-b658d000 r-xp 00000000 08:09 3675662    /usr/lib/jvm/java-7-openjdk-i386/jre/lib/i386/libjava.so
b658d000-b658e000 r--p 00026000 08:09 3675662    /usr/lib/jvm/java-7-openjdk-i386/jre/lib/i386/libjava.so
b658e000-b658f000 rw-p 00027000 08:09 3675662    /usr/lib/jvm/java-7-openjdk-i386/jre/lib/i386/libjava.so
b658f000-b6596000 r-xp 00000000 08:09 5248968    /lib/i386-linux-gnu/librt-2.19.so
b6596000-b6597000 r--p 00006000 08:09 5248968    /lib/i386-linux-gnu/librt-2.19.so
b6597000-b6598000 rw-p 00007000 08:09 5248968    /lib/i386-linux-gnu/librt-2.19.so
b6598000-b659b000 ---p 00000000 00:00 0 
b659b000-b65e9000 rw-p 00000000 00:00 0          [stack:21483]
b65e9000-b6605000 r-xp 00000000 08:09 5243922    /lib/i386-linux-gnu/libgcc_s.so.1
b6605000-b6606000 rw-p 0001b000 08:09 5243922    /lib/i386-linux-gnu/libgcc_s.so.1
b6606000-b664a000 r-xp 00000000 08:09 5248954    /lib/i386-linux-gnu/libm-2.19.so
b664a000-b664b000 r--p 00043000 08:09 5248954    /lib/i386-linux-gnu/libm-2.19.so
b664b000-b664c000 rw-p 00044000 08:09 5248954    /lib/i386-linux-gnu/libm-2.19.so
b664c000-b6728000 r-xp 00000000 08:09 3545642    /usr/lib/i386-linux-gnu/libstdc++.so.6.0.19
b6728000-b6729000 ---p 000dc000 08:09 3545642    /usr/lib/i386-linux-gnu/libstdc++.so.6.0.19
b6729000-b672d000 r--p 000dc000 08:09 3545642    /usr/lib/i386-linux-gnu/libstdc++.so.6.0.19
b672d000-b672e000 rw-p 000e0000 08:09 3545642    /usr/lib/i386-linux-gnu/libstdc++.so.6.0.19
b672e000-b6735000 rw-p 00000000 00:00 0 
b6735000-b7123000 r-xp 00000000 08:09 3675683    /usr/lib/jvm/java-7-openjdk-i386/jre/lib/i386/server/libjvm.so
b7123000-b7175000 r--p 009ed000 08:09 3675683    /usr/lib/jvm/java-7-openjdk-i386/jre/lib/i386/server/libjvm.so
b7175000-b7189000 rw-p 00a3f000 08:09 3675683    /usr/lib/jvm/java-7-openjdk-i386/jre/lib/i386/server/libjvm.so
b7189000-b75a6000 rw-p 00000000 00:00 0 
b75a6000-b75be000 r-xp 00000000 08:09 5244059    /lib/i386-linux-gnu/libz.so.1.2.8
b75be000-b75bf000 r--p 00017000 08:09 5244059    /lib/i386-linux-gnu/libz.so.1.2.8
b75bf000-b75c0000 rw-p 00018000 08:09 5244059    /lib/i386-linux-gnu/libz.so.1.2.8
b75c0000-b75c1000 rw-p 00000000 00:00 0 
b75c1000-b75d9000 r-xp 00000000 08:09 5248967    /lib/i386-linux-gnu/libpthread-2.19.so
b75d9000-b75da000 r--p 00017000 08:09 5248967    /lib/i386-linux-gnu/libpthread-2.19.so
b75da000-b75db000 rw-p 00018000 08:09 5248967    /lib/i386-linux-gnu/libpthread-2.19.so
b75db000-b75dd000 rw-p 00000000 00:00 0 
b75dd000-b75e0000 r-xp 00000000 08:09 5248964    /lib/i386-linux-gnu/libdl-2.19.so
b75e0000-b75e1000 r--p 00002000 08:09 5248964    /lib/i386-linux-gnu/libdl-2.19.so
b75e1000-b75e2000 rw-p 00003000 08:09 5248964    /lib/i386-linux-gnu/libdl-2.19.so
b75e2000-b778b000 r-xp 00000000 08:09 5248727    /lib/i386-linux-gnu/libc-2.19.so
b778b000-b778d000 r--p 001a8000 08:09 5248727    /lib/i386-linux-gnu/libc-2.19.so
b778d000-b778e000 rw-p 001aa000 08:09 5248727    /lib/i386-linux-gnu/libc-2.19.so
b778e000-b7791000 rw-p 00000000 00:00 0 
b7791000-b7799000 rw-s 00000000 08:09 794165     /tmp/hsperfdata_hunter/21478
b7799000-b779a000 rw-p 00000000 00:00 0 
b779a000-b779b000 r--p 00000000 00:00 0 
b779b000-b77a9000 r-xp 00000000 08:09 3675674    /usr/lib/jvm/java-7-openjdk-i386/jre/lib/i386/libverify.so
b77a9000-b77aa000 r--p 0000d000 08:09 3675674    /usr/lib/jvm/java-7-openjdk-i386/jre/lib/i386/libverify.so
b77aa000-b77ab000 rw-p 0000e000 08:09 3675674    /usr/lib/jvm/java-7-openjdk-i386/jre/lib/i386/libverify.so
b77ab000-b77b7000 r-xp 00000000 08:09 3675664    /usr/lib/jvm/java-7-openjdk-i386/jre/lib/i386/jli/libjli.so
b77b7000-b77b8000 r--p 0000c000 08:09 3675664    /usr/lib/jvm/java-7-openjdk-i386/jre/lib/i386/jli/libjli.so
b77b8000-b77b9000 rw-p 0000d000 08:09 3675664    /usr/lib/jvm/java-7-openjdk-i386/jre/lib/i386/jli/libjli.so
b77b9000-b77bc000 rw-p 00000000 00:00 0 
b77bc000-b77bd000 r-xp 00000000 00:00 0          [vdso]
b77bd000-b77dd000 r-xp 00000000 08:09 5248726    /lib/i386-linux-gnu/ld-2.19.so
b77dd000-b77de000 r--p 0001f000 08:09 5248726    /lib/i386-linux-gnu/ld-2.19.so
b77de000-b77df000 rw-p 00020000 08:09 5248726    /lib/i386-linux-gnu/ld-2.19.so
bfb7e000-bfb7f000 rwxp 00000000 00:00 0 
bfbb1000-bfbd2000 rw-p 00000000 00:00 0          [stack]

VM Arguments:
jvm_args: -Dfile.encoding=UTF-8 
java_command: csctrails.main.CSCTrailsDesktop
Launcher Type: SUN_STANDARD

Environment Variables:
PATH=/usr/local/sbin:/usr/local/bin:/usr/sbin:/usr/bin:/sbin:/bin:/usr/games:/usr/local/games
USERNAME=hunter
LD_LIBRARY_PATH=/usr/lib/jvm/java-7-openjdk-i386/jre/lib/i386/server:/usr/lib/jvm/java-7-openjdk-i386/jre/lib/i386:/usr/lib/jvm/java-7-openjdk-i386/jre/../lib/i386:/usr/lib/jvm/java-7-openjdk-i386/jre/lib/i386/client:/usr/lib/jvm/java-7-openjdk-i386/jre/lib/i386:
SHELL=/bin/bash
DISPLAY=:0

Signal Handlers:
SIGSEGV: [libjvm.so+0x80c740], sa_mask[0]=0x7ffbfeff, sa_flags=0x10000004
SIGBUS: [libjvm.so+0x80c740], sa_mask[0]=0x7ffbfeff, sa_flags=0x10000004
SIGFPE: [libjvm.so+0x6847c0], sa_mask[0]=0x7ffbfeff, sa_flags=0x10000004
SIGPIPE: [libjvm.so+0x6847c0], sa_mask[0]=0x7ffbfeff, sa_flags=0x10000004
SIGXFSZ: [libjvm.so+0x6847c0], sa_mask[0]=0x7ffbfeff, sa_flags=0x10000004
SIGILL: [libjvm.so+0x6847c0], sa_mask[0]=0x7ffbfeff, sa_flags=0x10000004
SIGUSR1: SIG_DFL, sa_mask[0]=0x00000000, sa_flags=0x00000000
SIGUSR2: [libjvm.so+0x684650], sa_mask[0]=0x00000004, sa_flags=0x10000004
SIGHUP: [libjvm.so+0x684880], sa_mask[0]=0x7ffbfeff, sa_flags=0x10000004
SIGINT: [libjvm.so+0x684880], sa_mask[0]=0x7ffbfeff, sa_flags=0x10000004
SIGTERM: [libjvm.so+0x684880], sa_mask[0]=0x7ffbfeff, sa_flags=0x10000004
SIGQUIT: [libjvm.so+0x684880], sa_mask[0]=0x7ffbfeff, sa_flags=0x10000004
SIGTRAP: SIG_DFL, sa_mask[0]=0x00000000, sa_flags=0x00000000


---------------  S Y S T E M  ---------------

OS:LinuxMint 17.1 (rebecca)
uname:Linux 3.13.0-37-generic #64-Ubuntu SMP Mon Sep 22 21:30:01 UTC 2014 i686
libc:glibc 2.19 NPTL 2.19 
rlimit: STACK 8192k, CORE 0k, NPROC 45875, NOFILE 4096, AS infinity
load average:0.38 0.37 0.32

/proc/meminfo:
MemTotal:        5900044 kB
MemFree:         3951540 kB
Buffers:          118836 kB
Cached:          1053364 kB
SwapCached:            0 kB
Active:          1042976 kB
Inactive:         803984 kB
Active(anon):     680412 kB
Inactive(anon):   257004 kB
Active(file):     362564 kB
Inactive(file):   546980 kB
Unevictable:           0 kB
Mlocked:               0 kB
HighTotal:       5071268 kB
HighFree:        3471776 kB
LowTotal:         828776 kB
LowFree:          479764 kB
SwapTotal:       1952764 kB
SwapFree:        1952764 kB
Dirty:               208 kB
Writeback:             0 kB
AnonPages:        674768 kB
Mapped:           265400 kB
Shmem:            262660 kB
Slab:              61604 kB
SReclaimable:      41464 kB
SUnreclaim:        20140 kB
KernelStack:        4296 kB
PageTables:         9452 kB
NFS_Unstable:          0 kB
Bounce:                0 kB
WritebackTmp:          0 kB
CommitLimit:     4902784 kB
Committed_AS:    2701172 kB
VmallocTotal:     122880 kB
VmallocUsed:       16876 kB
VmallocChunk:      88436 kB
HardwareCorrupted:     0 kB
AnonHugePages:    319488 kB
HugePages_Total:       0
HugePages_Free:        0
HugePages_Rsvd:        0
HugePages_Surp:        0
Hugepagesize:       2048 kB
DirectMap4k:       47096 kB
DirectMap2M:      866304 kB


CPU:total 4 (2 cores per cpu, 2 threads per core) family 6 model 69 stepping 1, cmov, cx8, fxsr, mmx, sse, sse2, sse3, ssse3, sse4.1, sse4.2, popcnt, avx, avx2, aes, erms, ht, tsc, tscinvbit

/proc/cpuinfo:
processor	: 0
vendor_id	: GenuineIntel
cpu family	: 6
model		: 69
model name	: Intel(R) Core(TM) i5-4210U CPU @ 1.70GHz
stepping	: 1
microcode	: 0x17
cpu MHz		: 782.000
cache size	: 3072 KB
physical id	: 0
siblings	: 4
core id		: 0
cpu cores	: 2
apicid		: 0
initial apicid	: 0
fdiv_bug	: no
f00f_bug	: no
coma_bug	: no
fpu		: yes
fpu_exception	: yes
cpuid level	: 13
wp		: yes
flags		: fpu vme de pse tsc msr pae mce cx8 apic sep mtrr pge mca cmov pat pse36 clflush dts acpi mmx fxsr sse sse2 ss ht tm pbe nx pdpe1gb rdtscp lm constant_tsc arch_perfmon pebs bts xtopology nonstop_tsc aperfmperf eagerfpu pni pclmulqdq dtes64 monitor ds_cpl vmx est tm2 ssse3 fma cx16 xtpr pdcm pcid sse4_1 sse4_2 movbe popcnt tsc_deadline_timer aes xsave avx f16c rdrand lahf_lm abm ida arat epb xsaveopt pln pts dtherm tpr_shadow vnmi flexpriority ept vpid fsgsbase tsc_adjust bmi1 avx2 smep bmi2 erms invpcid
bogomips	: 3391.96
clflush size	: 64
cache_alignment	: 64
address sizes	: 39 bits physical, 48 bits virtual
power management:

processor	: 1
vendor_id	: GenuineIntel
cpu family	: 6
model		: 69
model name	: Intel(R) Core(TM) i5-4210U CPU @ 1.70GHz
stepping	: 1
microcode	: 0x17
cpu MHz		: 782.000
cache size	: 3072 KB
physical id	: 0
siblings	: 4
core id		: 0
cpu cores	: 2
apicid		: 1
initial apicid	: 1
fdiv_bug	: no
f00f_bug	: no
coma_bug	: no
fpu		: yes
fpu_exception	: yes
cpuid level	: 13
wp		: yes
flags		: fpu vme de pse tsc msr pae mce cx8 apic sep mtrr pge mca cmov pat pse36 clflush dts acpi mmx fxsr sse sse2 ss ht tm pbe nx pdpe1gb rdtscp lm constant_tsc arch_perfmon pebs bts xtopology nonstop_tsc aperfmperf eagerfpu pni pclmulqdq dtes64 monitor ds_cpl vmx est tm2 ssse3 fma cx16 xtpr pdcm pcid sse4_1 sse4_2 movbe popcnt tsc_deadline_timer aes xsave avx f16c rdrand lahf_lm abm ida arat epb xsaveopt pln pts dtherm tpr_shadow vnmi flexpriority ept vpid fsgsbase tsc_adjust bmi1 avx2 smep bmi2 erms invpcid
bogomips	: 3391.96
clflush size	: 64
cache_alignment	: 64
address sizes	: 39 bits physical, 48 bits virtual
power management:

processor	: 2
vendor_id	: GenuineIntel
cpu family	: 6
model		: 69
model name	: Intel(R) Core(TM) i5-4210U CPU @ 1.70GHz
stepping	: 1
microcode	: 0x17
cpu MHz		: 900.000
cache size	: 3072 KB
physical id	: 0
siblings	: 4
core id		: 1
cpu cores	: 2
apicid		: 2
initial apicid	: 2
fdiv_bug	: no
f00f_bug	: no
coma_bug	: no
fpu		: yes
fpu_exception	: yes
cpuid level	: 13
wp		: yes
flags		: fpu vme de pse tsc msr pae mce cx8 apic sep mtrr pge mca cmov pat pse36 clflush dts acpi mmx fxsr sse sse2 ss ht tm pbe nx pdpe1gb rdtscp lm constant_tsc arch_perfmon pebs bts xtopology nonstop_tsc aperfmperf eagerfpu pni pclmulqdq dtes64 monitor ds_cpl vmx est tm2 ssse3 fma cx16 xtpr pdcm pcid sse4_1 sse4_2 movbe popcnt tsc_deadline_timer aes xsave avx f16c rdrand lahf_lm abm ida arat epb xsaveopt pln pts dtherm tpr_shadow vnmi flexpriority ept vpid fsgsbase tsc_adjust bmi1 avx2 smep bmi2 erms invpcid
bogomips	: 3391.96
clflush size	: 64
cache_alignment	: 64
address sizes	: 39 bits physical, 48 bits virtual
power management:

processor	: 3
vendor_id	: GenuineIntel
cpu family	: 6
model		: 69
model name	: Intel(R) Core(TM) i5-4210U CPU @ 1.70GHz
stepping	: 1
microcode	: 0x17
cpu MHz		: 1700.000
cache size	: 3072 KB
physical id	: 0
siblings	: 4
core id		: 1
cpu cores	: 2
apicid		: 3
initial apicid	: 3
fdiv_bug	: no
f00f_bug	: no
coma_bug	: no
fpu		: yes
fpu_exception	: yes
cpuid level	: 13
wp		: yes
flags		: fpu vme de pse tsc msr pae mce cx8 apic sep mtrr pge mca cmov pat pse36 clflush dts acpi mmx fxsr sse sse2 ss ht tm pbe nx pdpe1gb rdtscp lm constant_tsc arch_perfmon pebs bts xtopology nonstop_tsc aperfmperf eagerfpu pni pclmulqdq dtes64 monitor ds_cpl vmx est tm2 ssse3 fma cx16 xtpr pdcm pcid sse4_1 sse4_2 movbe popcnt tsc_deadline_timer aes xsave avx f16c rdrand lahf_lm abm ida arat epb xsaveopt pln pts dtherm tpr_shadow vnmi flexpriority ept vpid fsgsbase tsc_adjust bmi1 avx2 smep bmi2 erms invpcid
bogomips	: 3391.96
clflush size	: 64
cache_alignment	: 64
address sizes	: 39 bits physical, 48 bits virtual
power management:



Memory: 4k page, physical 5900044k(3951540k free), swap 1952764k(1952764k free)

vm_info: OpenJDK Server VM (24.75-b04) for linux-x86 JRE (1.7.0_75-b13), built on Jan 27 2015 00:41:34 by "buildd" with gcc 4.8.2

time: Fri Oct  2 09:23:01 2015
elapsed time: 7 seconds

