#
# A fatal error has been detected by the Java Runtime Environment:
#
#  SIGSEGV (0xb) at pc=0x6681dac2, pid=26061, tid=3059776320
#
# JRE version: OpenJDK Runtime Environment (7.0_75-b13) (build 1.7.0_75-b13)
# Java VM: OpenJDK Server VM (24.75-b04 mixed mode linux-x86 )
# Derivative: IcedTea 2.5.4
# Distribution: Ubuntu 14.04 LTS, package 7u75-2.5.4-1~trusty1
# Problematic frame:
# C  [libopenal.so+0x1bac2]  alcCreateContext+0xd2
#
# Failed to write core dump. Core dumps have been disabled. To enable core dumping, try "ulimit -c unlimited" before starting Java again
#
# If you would like to submit a bug report, please include
# instructions on how to reproduce the bug and visit:
#   http://icedtea.classpath.org/bugzilla
# The crash happened outside the Java Virtual Machine in native code.
# See problematic frame for where to report the bug.
#

---------------  T H R E A D  ---------------

Current thread (0xb6407c00):  JavaThread "main" [_thread_in_native, id=26066, stack(0xb65b7000,0xb6608000)]

siginfo:si_signo=SIGSEGV: si_errno=0, si_code=2 (SEGV_ACCERR), si_addr=0x674f5004

Registers:
EAX=0x674f5004, EBX=0x66851ff4, ECX=0x000000ff, EDX=0x00000001
ESP=0xb6606d20, EBP=0x674f4ffc, ESI=0x66700030, EDI=0x00000001
EIP=0x6681dac2, EFLAGS=0x00010293, CR2=0x674f5004

Top of Stack: (sp=0xb6606d20)
0xb6606d20:   0000000b b6600000 00000000 b7194000
0xb6606d30:   6b7df5e0 b640825c b6ab3127 6b7de4c0
0xb6606d40:   00000000 b6606e28 b3413654 b3402a48
0xb6606d50:   00000004 00000000 b6c01ecf b3402a48
0xb6606d60:   b3413654 00000000 b6c01f28 b7194000
0xb6606d70:   b640825c 000000ff b6bfe7e8 b6e70665
0xb6606d80:   b6c01f28 b7194000 b66070c4 b6406000
0xb6606d90:   b6c01ca1 b6606db0 00000004 0000ac44 

Instructions: (pc=0x6681dac2)
0x6681daa2:   8d b6 00 00 00 00 8b 55 00 81 fa 11 10 00 00 74
0x6681dab2:   3b 81 fa 03 00 02 00 75 07 8b 50 fc 89 54 24 78
0x6681dac2:   8b 10 89 c5 83 c0 08 85 d2 74 3a 81 fa 07 10 00
0x6681dad2:   00 75 d3 8b 50 fc 89 54 24 7c 83 8e cc 00 00 00 

Register to memory mapping:

EAX=0x674f5004 is an unknown value
EBX=0x66851ff4: <offset 0x4fff4> in /tmp/libgdxhunter/13fdc6a4/libopenal.so at 0x66802000
ECX=0x000000ff is an unknown value
EDX=0x00000001 is an unknown value
ESP=0xb6606d20 is pointing into the stack for thread: 0xb6407c00
EBP=0x674f4ffc is an unknown value
ESI=0x66700030 is an unknown value
EDI=0x00000001 is an unknown value


Stack: [0xb65b7000,0xb6608000],  sp=0xb6606d20,  free space=319k
Native frames: (J=compiled Java code, j=interpreted, Vv=VM code, C=native code)
C  [libopenal.so+0x1bac2]  alcCreateContext+0xd2

Java frames: (J=compiled Java code, j=interpreted, Vv=VM code)
j  org.lwjgl.openal.ALC10.nalcCreateContext(JJ)J+0
j  org.lwjgl.openal.ALC10.alcCreateContext(Lorg/lwjgl/openal/ALCdevice;Ljava/nio/IntBuffer;)Lorg/lwjgl/openal/ALCcontext;+8
j  org.lwjgl.openal.AL.init(Ljava/lang/String;IIZZ)V+69
j  org.lwjgl.openal.AL.create(Ljava/lang/String;IIZZ)V+227
j  org.lwjgl.openal.AL.create(Ljava/lang/String;IIZ)V+5
j  org.lwjgl.openal.AL.create()V+6
j  com.badlogic.gdx.backends.openal.OpenALAudio.<init>(III)V+116
j  com.badlogic.gdx.backends.lwjgl.LwjglApplication.<init>(Lcom/badlogic/gdx/ApplicationListener;Lcom/badlogic/gdx/backends/lwjgl/LwjglApplicationConfiguration;Lcom/badlogic/gdx/backends/lwjgl/LwjglGraphics;)V+107
j  com.badlogic.gdx.backends.lwjgl.LwjglApplication.<init>(Lcom/badlogic/gdx/ApplicationListener;Lcom/badlogic/gdx/backends/lwjgl/LwjglApplicationConfiguration;)V+11
j  csctrails.main.CSCTrailsDesktop.main([Ljava/lang/String;)V+49
v  ~StubRoutines::call_stub

---------------  P R O C E S S  ---------------

Java Threads: ( => current thread )
  0x674e6000 JavaThread "AWT-XAWT" daemon [_thread_in_native, id=26080, stack(0x668dd000,0x6692e000)]
  0x674d4000 JavaThread "Java2D Disposer" daemon [_thread_blocked, id=26079, stack(0x6692e000,0x6697f000)]
  0x67c9cc00 JavaThread "Service Thread" daemon [_thread_blocked, id=26077, stack(0x6760b000,0x6765c000)]
  0x67c9b000 JavaThread "C2 CompilerThread1" daemon [_thread_in_native, id=26076, stack(0x6765c000,0x676dd000)]
  0x67c99000 JavaThread "C2 CompilerThread0" daemon [_thread_blocked, id=26075, stack(0x676dd000,0x6775e000)]
  0x67c97400 JavaThread "Signal Dispatcher" daemon [_thread_blocked, id=26074, stack(0x6775e000,0x677af000)]
  0x67c85800 JavaThread "Finalizer" daemon [_thread_blocked, id=26073, stack(0x679af000,0x67a00000)]
  0x67c83c00 JavaThread "Reference Handler" daemon [_thread_blocked, id=26072, stack(0x6a92e000,0x6a97f000)]
=>0xb6407c00 JavaThread "main" [_thread_in_native, id=26066, stack(0xb65b7000,0xb6608000)]

Other Threads:
  0x67c81400 VMThread [stack: 0x67d4e000,0x67dcf000] [id=26071]
  0x67c9ec00 WatcherThread [stack: 0x6758a000,0x6760b000] [id=26078]

VM state:not at safepoint (normal execution)

VM Mutex/Monitor currently owned by a thread: None

Heap
 PSYoungGen      total 19456K, used 3732K [0x9ddc0000, 0x9f340000, 0xb3340000)
  eden space 16896K, 22% used [0x9ddc0000,0x9e165020,0x9ee40000)
  from space 2560K, 0% used [0x9f0c0000,0x9f0c0000,0x9f340000)
  to   space 2560K, 0% used [0x9ee40000,0x9ee40000,0x9f0c0000)
 ParOldGen       total 43520K, used 0K [0x73340000, 0x75dc0000, 0x9ddc0000)
  object space 43520K, 0% used [0x73340000,0x73340000,0x75dc0000)
 PSPermGen       total 16384K, used 4770K [0x6b340000, 0x6c340000, 0x73340000)
  object space 16384K, 29% used [0x6b340000,0x6b7e8950,0x6c340000)

Card table byte_map: [0x6b0ff000,0x6b340000] byte_map_base: 0x6ada5600

Polling page: 0xb77b9000

Code Cache  [0xb3400000, 0xb3640000, 0xb6400000)
 total_blobs=201 nmethods=7 adapters=148 free_code_cache=48819Kb largest_free_block=49979776

Compilation events (10 events):
Event: 0.150 Thread 0x67c99000 nmethod 3 0xb344ca88 code [0xb344cb80, 0xb344ccf0]
Event: 0.172 Thread 0x67c9b000    4             java.lang.String::indexOf (166 bytes)
Event: 0.177 Thread 0x67c99000    5             java.lang.String::lastIndexOf (52 bytes)
Event: 0.178 Thread 0x67c9b000 nmethod 4 0xb344df48 code [0xb344e040, 0xb344e3f0]
Event: 0.180 Thread 0x67c99000 nmethod 5 0xb344dc48 code [0xb344dd40, 0xb344de7c]
Event: 0.181 Thread 0x67c9b000    6             java.lang.String::charAt (29 bytes)
Event: 0.181 Thread 0x67c9b000 nmethod 6 0xb344e708 code [0xb344e800, 0xb344e890]
Event: 0.268 Thread 0x67c99000    7             java.lang.Object::<init> (1 bytes)
Event: 0.268 Thread 0x67c99000 nmethod 7 0xb3455c88 code [0xb3455d80, 0xb3455df0]
Event: 0.284 Thread 0x67c9b000    8             java.io.UnixFileSystem::normalize (75 bytes)

GC Heap History (0 events):
No events

Deoptimization events (0 events):
No events

Internal exceptions (10 events):
Event: 0.273 Thread 0xb6407c00 Threw 0x9e0ea3a8 at /build/buildd/openjdk-7-7u75-2.5.4/build/openjdk/hotspot/src/share/vm/prims/jvm.cpp:1284
Event: 0.274 Thread 0xb6407c00 Threw 0x9e0f0f98 at /build/buildd/openjdk-7-7u75-2.5.4/build/openjdk/hotspot/src/share/vm/prims/jvm.cpp:1284
Event: 0.275 Thread 0xb6407c00 Threw 0x9e0fb780 at /build/buildd/openjdk-7-7u75-2.5.4/build/openjdk/hotspot/src/share/vm/prims/jvm.cpp:1284
Event: 0.275 Thread 0xb6407c00 Threw 0x9e0fec58 at /build/buildd/openjdk-7-7u75-2.5.4/build/openjdk/hotspot/src/share/vm/prims/jvm.cpp:1284
Event: 0.276 Thread 0xb6407c00 Threw 0x9e104ef8 at /build/buildd/openjdk-7-7u75-2.5.4/build/openjdk/hotspot/src/share/vm/prims/jvm.cpp:1284
Event: 0.276 Thread 0xb6407c00 Threw 0x9e107e40 at /build/buildd/openjdk-7-7u75-2.5.4/build/openjdk/hotspot/src/share/vm/prims/jvm.cpp:1284
Event: 0.282 Thread 0xb6407c00 Threw 0x9e10bf68 at /build/buildd/openjdk-7-7u75-2.5.4/build/openjdk/hotspot/src/share/vm/prims/jvm.cpp:1284
Event: 0.283 Thread 0xb6407c00 Threw 0x9e10fc10 at /build/buildd/openjdk-7-7u75-2.5.4/build/openjdk/hotspot/src/share/vm/prims/jvm.cpp:1284
Event: 0.284 Thread 0xb6407c00 Threw 0x9e113358 at /build/buildd/openjdk-7-7u75-2.5.4/build/openjdk/hotspot/src/share/vm/prims/jvm.cpp:1284
Event: 0.284 Thread 0xb6407c00 Threw 0x9e116d50 at /build/buildd/openjdk-7-7u75-2.5.4/build/openjdk/hotspot/src/share/vm/prims/jvm.cpp:1284

Events (10 events):
Event: 0.282 loading class 0x674ed600
Event: 0.282 loading class 0x674ed600 done
Event: 0.283 loading class 0x674902a8
Event: 0.283 loading class 0x674902a8 done
Event: 0.283 loading class 0x67ca3368
Event: 0.284 loading class 0x67ca3368 done
Event: 0.284 loading class 0x674ed630
Event: 0.284 loading class 0x674ed630 done
Event: 0.284 loading class 0x674f4d18
Event: 0.284 loading class 0x674f4d18 done


Dynamic libraries:
08048000-08049000 r-xp 00000000 08:09 3675650    /usr/lib/jvm/java-7-openjdk-i386/jre/bin/java
08049000-0804a000 r--p 00000000 08:09 3675650    /usr/lib/jvm/java-7-openjdk-i386/jre/bin/java
0804a000-0804b000 rw-p 00001000 08:09 3675650    /usr/lib/jvm/java-7-openjdk-i386/jre/bin/java
0901d000-0903e000 rw-p 00000000 00:00 0          [heap]
61bd1000-65bd2000 rw-s 00000000 00:14 430221     /run/shm/pulse-shm-3833551465
65bd2000-65bd3000 ---p 00000000 00:00 0 
65bd3000-663d3000 rw-p 00000000 00:00 0          [stack:26082]
663d3000-663da000 r-xp 00000000 08:09 3545433    /usr/lib/i386-linux-gnu/libogg.so.0.8.1
663da000-663db000 r--p 00006000 08:09 3545433    /usr/lib/i386-linux-gnu/libogg.so.0.8.1
663db000-663dc000 rw-p 00007000 08:09 3545433    /usr/lib/i386-linux-gnu/libogg.so.0.8.1
663dc000-66405000 r-xp 00000000 08:09 3545717    /usr/lib/i386-linux-gnu/libvorbis.so.0.4.5
66405000-66406000 ---p 00029000 08:09 3545717    /usr/lib/i386-linux-gnu/libvorbis.so.0.4.5
66406000-66407000 r--p 00029000 08:09 3545717    /usr/lib/i386-linux-gnu/libvorbis.so.0.4.5
66407000-66408000 rw-p 0002a000 08:09 3545717    /usr/lib/i386-linux-gnu/libvorbis.so.0.4.5
66408000-6656e000 r-xp 00000000 08:09 3545719    /usr/lib/i386-linux-gnu/libvorbisenc.so.2.0.8
6656e000-6657f000 r--p 00165000 08:09 3545719    /usr/lib/i386-linux-gnu/libvorbisenc.so.2.0.8
6657f000-66580000 rw-p 00176000 08:09 3545719    /usr/lib/i386-linux-gnu/libvorbisenc.so.2.0.8
66580000-665b2000 r-xp 00000000 08:09 3542046    /usr/lib/i386-linux-gnu/libFLAC.so.8.3.0
665b2000-665b3000 r--p 00031000 08:09 3542046    /usr/lib/i386-linux-gnu/libFLAC.so.8.3.0
665b3000-665b4000 rw-p 00032000 08:09 3542046    /usr/lib/i386-linux-gnu/libFLAC.so.8.3.0
665b4000-665b9000 r-xp 00000000 08:09 3544706    /usr/lib/i386-linux-gnu/libasyncns.so.0.3.1
665b9000-665ba000 r--p 00004000 08:09 3544706    /usr/lib/i386-linux-gnu/libasyncns.so.0.3.1
665ba000-665bb000 rw-p 00005000 08:09 3544706    /usr/lib/i386-linux-gnu/libasyncns.so.0.3.1
665bb000-66626000 r-xp 00000000 08:09 3545614    /usr/lib/i386-linux-gnu/libsndfile.so.1.0.25
66626000-66627000 ---p 0006b000 08:09 3545614    /usr/lib/i386-linux-gnu/libsndfile.so.1.0.25
66627000-66628000 r--p 0006b000 08:09 3545614    /usr/lib/i386-linux-gnu/libsndfile.so.1.0.25
66628000-66629000 rw-p 0006c000 08:09 3545614    /usr/lib/i386-linux-gnu/libsndfile.so.1.0.25
66629000-6662d000 rw-p 00000000 00:00 0 
6662d000-66635000 r-xp 00000000 08:09 5244056    /lib/i386-linux-gnu/libwrap.so.0.7.6
66635000-66636000 r--p 00007000 08:09 5244056    /lib/i386-linux-gnu/libwrap.so.0.7.6
66636000-66637000 rw-p 00008000 08:09 5244056    /lib/i386-linux-gnu/libwrap.so.0.7.6
66637000-666a4000 r-xp 00000000 08:09 3672785    /usr/lib/i386-linux-gnu/pulseaudio/libpulsecommon-4.0.so
666a4000-666a5000 r--p 0006c000 08:09 3672785    /usr/lib/i386-linux-gnu/pulseaudio/libpulsecommon-4.0.so
666a5000-666a6000 rw-p 0006d000 08:09 3672785    /usr/lib/i386-linux-gnu/pulseaudio/libpulsecommon-4.0.so
666a6000-666af000 r-xp 00000000 08:09 5243935    /lib/i386-linux-gnu/libjson-c.so.2.0.0
666af000-666b0000 r--p 00008000 08:09 5243935    /lib/i386-linux-gnu/libjson-c.so.2.0.0
666b0000-666b1000 rw-p 00009000 08:09 5243935    /lib/i386-linux-gnu/libjson-c.so.2.0.0
666b1000-666fe000 r-xp 00000000 08:09 3545533    /usr/lib/i386-linux-gnu/libpulse.so.0.16.2
666fe000-666ff000 r--p 0004c000 08:09 3545533    /usr/lib/i386-linux-gnu/libpulse.so.0.16.2
666ff000-66700000 rw-p 0004d000 08:09 3545533    /usr/lib/i386-linux-gnu/libpulse.so.0.16.2
66700000-66740000 rw-p 00000000 00:00 0 
66740000-66800000 ---p 00000000 00:00 0 
66802000-66850000 r-xp 00000000 08:09 1969374    /tmp/libgdxhunter/13fdc6a4/libopenal.so
66850000-66852000 r--p 0004d000 08:09 1969374    /tmp/libgdxhunter/13fdc6a4/libopenal.so
66852000-66853000 rw-p 0004f000 08:09 1969374    /tmp/libgdxhunter/13fdc6a4/libopenal.so
66853000-66857000 r-xp 00000000 08:09 3544663    /usr/lib/i386-linux-gnu/libXxf86vm.so.1.0.0
66857000-66858000 r--p 00004000 08:09 3544663    /usr/lib/i386-linux-gnu/libXxf86vm.so.1.0.0
66858000-66859000 rw-p 00005000 08:09 3544663    /usr/lib/i386-linux-gnu/libXxf86vm.so.1.0.0
66859000-66862000 r-xp 00000000 08:09 3544645    /usr/lib/i386-linux-gnu/libXrandr.so.2.2.0
66862000-66863000 r--p 00008000 08:09 3544645    /usr/lib/i386-linux-gnu/libXrandr.so.2.2.0
66863000-66864000 rw-p 00009000 08:09 3544645    /usr/lib/i386-linux-gnu/libXrandr.so.2.2.0
66877000-6687e000 r--s 00000000 08:09 3678258    /usr/lib/i386-linux-gnu/gconv/gconv-modules.cache
6687e000-668d8000 r-xp 00000000 08:09 1969348    /tmp/libgdxhunter/13fdc6a4/liblwjgl.so
668d8000-668d9000 r--p 0005a000 08:09 1969348    /tmp/libgdxhunter/13fdc6a4/liblwjgl.so
668d9000-668da000 rw-p 0005b000 08:09 1969348    /tmp/libgdxhunter/13fdc6a4/liblwjgl.so
668da000-668db000 r-xp 00000000 08:09 3675665    /usr/lib/jvm/java-7-openjdk-i386/jre/lib/i386/libjawt.so
668db000-668dc000 r--p 00000000 08:09 3675665    /usr/lib/jvm/java-7-openjdk-i386/jre/lib/i386/libjawt.so
668dc000-668dd000 rw-p 00001000 08:09 3675665    /usr/lib/jvm/java-7-openjdk-i386/jre/lib/i386/libjawt.so
668dd000-668e0000 ---p 00000000 00:00 0 
668e0000-6692e000 rw-p 00000000 00:00 0          [stack:26080]
6692e000-66931000 ---p 00000000 00:00 0 
66931000-6697f000 rw-p 00000000 00:00 0          [stack:26079]
6697f000-66982000 r-xp 00000000 08:09 5243928    /lib/i386-linux-gnu/libgpg-error.so.0.10.0
66982000-66983000 r--p 00002000 08:09 5243928    /lib/i386-linux-gnu/libgpg-error.so.0.10.0
66983000-66984000 rw-p 00003000 08:09 5243928    /lib/i386-linux-gnu/libgpg-error.so.0.10.0
66984000-669aa000 r-xp 00000000 08:09 5244011    /lib/i386-linux-gnu/libpng12.so.0.50.0
669aa000-669ab000 r--p 00025000 08:09 5244011    /lib/i386-linux-gnu/libpng12.so.0.50.0
669ab000-669ac000 rw-p 00026000 08:09 5244011    /lib/i386-linux-gnu/libpng12.so.0.50.0
669ac000-669f5000 r-xp 00000000 08:09 5243909    /lib/i386-linux-gnu/libdbus-1.so.3.7.6
669f5000-669f6000 r--p 00048000 08:09 5243909    /lib/i386-linux-gnu/libdbus-1.so.3.7.6
669f6000-669f7000 rw-p 00049000 08:09 5243909    /lib/i386-linux-gnu/libdbus-1.so.3.7.6
669f7000-66a2e000 r-xp 00000000 08:09 3545473    /usr/lib/i386-linux-gnu/libp11-kit.so.0.0.0
66a2e000-66a2f000 ---p 00037000 08:09 3545473    /usr/lib/i386-linux-gnu/libp11-kit.so.0.0.0
66a2f000-66a32000 r--p 00037000 08:09 3545473    /usr/lib/i386-linux-gnu/libp11-kit.so.0.0.0
66a32000-66a33000 rw-p 0003a000 08:09 3545473    /usr/lib/i386-linux-gnu/libp11-kit.so.0.0.0
66a33000-66a45000 r-xp 00000000 08:09 3545650    /usr/lib/i386-linux-gnu/libtasn1.so.6.2.0
66a45000-66a46000 r--p 00011000 08:09 3545650    /usr/lib/i386-linux-gnu/libtasn1.so.6.2.0
66a46000-66a47000 rw-p 00012000 08:09 3545650    /usr/lib/i386-linux-gnu/libtasn1.so.6.2.0
66a47000-66ac9000 r-xp 00000000 08:09 5243924    /lib/i386-linux-gnu/libgcrypt.so.11.8.2
66ac9000-66aca000 ---p 00082000 08:09 5243924    /lib/i386-linux-gnu/libgcrypt.so.11.8.2
66aca000-66acb000 r--p 00082000 08:09 5243924    /lib/i386-linux-gnu/libgcrypt.so.11.8.2
66acb000-66acd000 rw-p 00083000 08:09 5243924    /lib/i386-linux-gnu/libgcrypt.so.11.8.2
66acd000-66ace000 rw-p 00000000 00:00 0 
66ace000-66ad8000 r-xp 00000000 08:09 3545314    /usr/lib/i386-linux-gnu/libkrb5support.so.0.1
66ad8000-66ad9000 r--p 00009000 08:09 3545314    /usr/lib/i386-linux-gnu/libkrb5support.so.0.1
66ad9000-66ada000 rw-p 0000a000 08:09 3545314    /usr/lib/i386-linux-gnu/libkrb5support.so.0.1
66ada000-66b08000 r-xp 00000000 08:09 3545306    /usr/lib/i386-linux-gnu/libk5crypto.so.3.1
66b08000-66b09000 r--p 0002d000 08:09 3545306    /usr/lib/i386-linux-gnu/libk5crypto.so.3.1
66b09000-66b0a000 rw-p 0002e000 08:09 3545306    /usr/lib/i386-linux-gnu/libk5crypto.so.3.1
66b0a000-66bc1000 r-xp 00000000 08:09 3545312    /usr/lib/i386-linux-gnu/libkrb5.so.3.3
66bc1000-66bc7000 r--p 000b7000 08:09 3545312    /usr/lib/i386-linux-gnu/libkrb5.so.3.3
66bc7000-66bc8000 rw-p 000bd000 08:09 3545312    /usr/lib/i386-linux-gnu/libkrb5.so.3.3
66bc8000-66bed000 r-xp 00000000 08:09 5243917    /lib/i386-linux-gnu/libexpat.so.1.6.0
66bed000-66bee000 ---p 00025000 08:09 5243917    /lib/i386-linux-gnu/libexpat.so.1.6.0
66bee000-66bf0000 r--p 00025000 08:09 5243917    /lib/i386-linux-gnu/libexpat.so.1.6.0
66bf0000-66bf1000 rw-p 00027000 08:09 5243917    /lib/i386-linux-gnu/libexpat.so.1.6.0
66bf1000-66c8b000 r-xp 00000000 08:09 3544989    /usr/lib/i386-linux-gnu/libfreetype.so.6.11.1
66c8b000-66c8c000 ---p 0009a000 08:09 3544989    /usr/lib/i386-linux-gnu/libfreetype.so.6.11.1
66c8c000-66c90000 r--p 0009a000 08:09 3544989    /usr/lib/i386-linux-gnu/libfreetype.so.6.11.1
66c90000-66c91000 rw-p 0009e000 08:09 3544989    /usr/lib/i386-linux-gnu/libfreetype.so.6.11.1
66c91000-66ca1000 r-xp 00000000 08:09 3544720    /usr/lib/i386-linux-gnu/libavahi-client.so.3.2.9
66ca1000-66ca2000 r--p 0000f000 08:09 3544720    /usr/lib/i386-linux-gnu/libavahi-client.so.3.2.9
66ca2000-66ca3000 rw-p 00010000 08:09 3544720    /usr/lib/i386-linux-gnu/libavahi-client.so.3.2.9
66ca3000-66caf000 r-xp 00000000 08:09 3544722    /usr/lib/i386-linux-gnu/libavahi-common.so.3.5.3
66caf000-66cb0000 r--p 0000b000 08:09 3544722    /usr/lib/i386-linux-gnu/libavahi-common.so.3.5.3
66cb0000-66cb1000 rw-p 0000c000 08:09 3544722    /usr/lib/i386-linux-gnu/libavahi-common.so.3.5.3
66cb1000-66d72000 r-xp 00000000 08:09 3545081    /usr/lib/i386-linux-gnu/libgnutls.so.26.22.6
66d72000-66d76000 r--p 000c0000 08:09 3545081    /usr/lib/i386-linux-gnu/libgnutls.so.26.22.6
66d76000-66d77000 rw-p 000c4000 08:09 3545081    /usr/lib/i386-linux-gnu/libgnutls.so.26.22.6
66d77000-66dba000 r-xp 00000000 08:09 3545115    /usr/lib/i386-linux-gnu/libgssapi_krb5.so.2.2
66dba000-66dbb000 r--p 00042000 08:09 3545115    /usr/lib/i386-linux-gnu/libgssapi_krb5.so.2.2
66dbb000-66dbc000 rw-p 00043000 08:09 3545115    /usr/lib/i386-linux-gnu/libgssapi_krb5.so.2.2
66dbc000-66ddc000 r-xp 00000000 08:09 3545799    /usr/lib/i386-linux-gnu/libxcb.so.1.1.0
66ddc000-66ddd000 r--p 0001f000 08:09 3545799    /usr/lib/i386-linux-gnu/libxcb.so.1.1.0
66ddd000-66dde000 rw-p 00020000 08:09 3545799    /usr/lib/i386-linux-gnu/libxcb.so.1.1.0
66dde000-66e17000 r-xp 00000000 08:09 3544961    /usr/lib/i386-linux-gnu/libfontconfig.so.1.8.0
66e17000-66e18000 r--p 00039000 08:09 3544961    /usr/lib/i386-linux-gnu/libfontconfig.so.1.8.0
66e18000-66e19000 rw-p 0003a000 08:09 3544961    /usr/lib/i386-linux-gnu/libfontconfig.so.1.8.0
66e19000-66e80000 r-xp 00000000 08:09 3544819    /usr/lib/i386-linux-gnu/libcups.so.2
66e80000-66e81000 ---p 00067000 08:09 3544819    /usr/lib/i386-linux-gnu/libcups.so.2
66e81000-66e85000 r--p 00067000 08:09 3544819    /usr/lib/i386-linux-gnu/libcups.so.2
66e85000-66e86000 rw-p 0006b000 08:09 3544819    /usr/lib/i386-linux-gnu/libcups.so.2
66e86000-66fb6000 r-xp 00000000 08:09 3544610    /usr/lib/i386-linux-gnu/libX11.so.6.3.0
66fb6000-66fb7000 r--p 00130000 08:09 3544610    /usr/lib/i386-linux-gnu/libX11.so.6.3.0
66fb7000-66fb9000 rw-p 00131000 08:09 3544610    /usr/lib/i386-linux-gnu/libX11.so.6.3.0
66fb9000-66fba000 rw-p 00000000 00:00 0 
66fba000-67002000 r-xp 00000000 08:09 3675633    /usr/lib/jvm/java-7-openjdk-i386/jre/lib/i386/xawt/libmawt.so
67002000-67003000 r--p 00047000 08:09 3675633    /usr/lib/jvm/java-7-openjdk-i386/jre/lib/i386/xawt/libmawt.so
67003000-67005000 rw-p 00048000 08:09 3675633    /usr/lib/jvm/java-7-openjdk-i386/jre/lib/i386/xawt/libmawt.so
67005000-67006000 rw-p 00000000 00:00 0 
67006000-67095000 r-xp 00000000 08:09 3675661    /usr/lib/jvm/java-7-openjdk-i386/jre/lib/i386/libawt.so
67095000-67096000 r--p 0008f000 08:09 3675661    /usr/lib/jvm/java-7-openjdk-i386/jre/lib/i386/libawt.so
67096000-6709d000 rw-p 00090000 08:09 3675661    /usr/lib/jvm/java-7-openjdk-i386/jre/lib/i386/libawt.so
6709d000-670c1000 rw-p 00000000 00:00 0 
670c1000-67133000 r-xp 00000000 08:09 928522     /tmp/libgdxhunter/2535ec09/libgdx.so
67133000-67134000 r--p 00072000 08:09 928522     /tmp/libgdxhunter/2535ec09/libgdx.so
67134000-67135000 rw-p 00073000 08:09 928522     /tmp/libgdxhunter/2535ec09/libgdx.so
67135000-67171000 r-xp 00000000 08:09 5243999    /lib/i386-linux-gnu/libpcre.so.3.13.1
67171000-67172000 r--p 0003b000 08:09 5243999    /lib/i386-linux-gnu/libpcre.so.3.13.1
67172000-67173000 rw-p 0003c000 08:09 5243999    /lib/i386-linux-gnu/libpcre.so.3.13.1
67173000-6727d000 r-xp 00000000 08:09 5243926    /lib/i386-linux-gnu/libglib-2.0.so.0.4002.0
6727d000-6727e000 r--p 00109000 08:09 5243926    /lib/i386-linux-gnu/libglib-2.0.so.0.4002.0
6727e000-6727f000 rw-p 0010a000 08:09 5243926    /lib/i386-linux-gnu/libglib-2.0.so.0.4002.0
6727f000-673fc000 r-xp 00000000 08:09 3545047    /usr/lib/i386-linux-gnu/libgio-2.0.so.0.4002.0
673fc000-673fe000 r--p 0017d000 08:09 3545047    /usr/lib/i386-linux-gnu/libgio-2.0.so.0.4002.0
673fe000-673ff000 rw-p 0017f000 08:09 3545047    /usr/lib/i386-linux-gnu/libgio-2.0.so.0.4002.0
673ff000-67400000 rw-p 00000000 00:00 0 
67400000-674f5000 rw-p 00000000 00:00 0 
674f5000-67500000 ---p 00000000 00:00 0 
67501000-67504000 r-xp 00000000 08:09 5243904    /lib/i386-linux-gnu/libcom_err.so.2.1
67504000-67505000 r--p 00002000 08:09 5243904    /lib/i386-linux-gnu/libcom_err.so.2.1
67505000-67506000 rw-p 00003000 08:09 5243904    /lib/i386-linux-gnu/libcom_err.so.2.1
67506000-6750b000 r-xp 00000000 08:09 3544625    /usr/lib/i386-linux-gnu/libXdmcp.so.6.0.0
6750b000-6750c000 r--p 00004000 08:09 3544625    /usr/lib/i386-linux-gnu/libXdmcp.so.6.0.0
6750c000-6750d000 rw-p 00005000 08:09 3544625    /usr/lib/i386-linux-gnu/libXdmcp.so.6.0.0
6750d000-6751e000 r-xp 00000000 08:09 3544627    /usr/lib/i386-linux-gnu/libXext.so.6.4.0
6751e000-6751f000 r--p 00010000 08:09 3544627    /usr/lib/i386-linux-gnu/libXext.so.6.4.0
6751f000-67520000 rw-p 00011000 08:09 3544627    /usr/lib/i386-linux-gnu/libXext.so.6.4.0
67520000-67533000 r-xp 00000000 08:09 5248966    /lib/i386-linux-gnu/libresolv-2.19.so
67533000-67534000 ---p 00013000 08:09 5248966    /lib/i386-linux-gnu/libresolv-2.19.so
67534000-67535000 r--p 00013000 08:09 5248966    /lib/i386-linux-gnu/libresolv-2.19.so
67535000-67536000 rw-p 00014000 08:09 5248966    /lib/i386-linux-gnu/libresolv-2.19.so
67536000-67538000 rw-p 00000000 00:00 0 
67538000-67588000 r-xp 00000000 08:09 3545087    /usr/lib/i386-linux-gnu/libgobject-2.0.so.0.4002.0
67588000-67589000 r--p 0004f000 08:09 3545087    /usr/lib/i386-linux-gnu/libgobject-2.0.so.0.4002.0
67589000-6758a000 rw-p 00050000 08:09 3545087    /usr/lib/i386-linux-gnu/libgobject-2.0.so.0.4002.0
6758a000-6758b000 ---p 00000000 00:00 0 
6758b000-6760b000 rw-p 00000000 00:00 0          [stack:26078]
6760b000-6760e000 ---p 00000000 00:00 0 
6760e000-6765c000 rw-p 00000000 00:00 0          [stack:26077]
6765c000-6765f000 ---p 00000000 00:00 0 
6765f000-676dd000 rw-p 00000000 00:00 0          [stack:26076]
676dd000-676e0000 ---p 00000000 00:00 0 
676e0000-6775e000 rw-p 00000000 00:00 0          [stack:26075]
6775e000-67761000 ---p 00000000 00:00 0 
67761000-677af000 rw-p 00000000 00:00 0          [stack:26074]
677af000-679af000 r--p 00000000 08:09 3545965    /usr/lib/locale/locale-archive
679af000-679b2000 ---p 00000000 00:00 0 
679b2000-67a00000 rw-p 00000000 00:00 0          [stack:26073]
67a00000-67a86000 rw-p 00000000 00:00 0 
67a86000-67b00000 ---p 00000000 00:00 0 
67b00000-67b21000 rw-p 00000000 00:00 0 
67b21000-67c00000 ---p 00000000 00:00 0 
67c00000-67cfa000 rw-p 00000000 00:00 0 
67cfa000-67d00000 ---p 00000000 00:00 0 
67d00000-67d0f000 r-xp 00000000 08:09 3544635    /usr/lib/i386-linux-gnu/libXi.so.6.1.0
67d0f000-67d10000 r--p 0000e000 08:09 3544635    /usr/lib/i386-linux-gnu/libXi.so.6.1.0
67d10000-67d11000 rw-p 0000f000 08:09 3544635    /usr/lib/i386-linux-gnu/libXi.so.6.1.0
67d11000-67d31000 r-xp 00000000 08:09 5244026    /lib/i386-linux-gnu/libselinux.so.1
67d31000-67d32000 r--p 0001f000 08:09 5244026    /lib/i386-linux-gnu/libselinux.so.1
67d32000-67d33000 rw-p 00020000 08:09 5244026    /lib/i386-linux-gnu/libselinux.so.1
67d33000-67d34000 rw-p 00000000 00:00 0 
67d34000-67d38000 r-xp 00000000 08:09 3544629    /usr/lib/i386-linux-gnu/libXfixes.so.3.1.0
67d38000-67d39000 r--p 00003000 08:09 3544629    /usr/lib/i386-linux-gnu/libXfixes.so.3.1.0
67d39000-67d3a000 rw-p 00004000 08:09 3544629    /usr/lib/i386-linux-gnu/libXfixes.so.3.1.0
67d3a000-67d43000 r-xp 00000000 08:09 3544621    /usr/lib/i386-linux-gnu/libXcursor.so.1.0.2
67d43000-67d44000 r--p 00008000 08:09 3544621    /usr/lib/i386-linux-gnu/libXcursor.so.1.0.2
67d44000-67d45000 rw-p 00009000 08:09 3544621    /usr/lib/i386-linux-gnu/libXcursor.so.1.0.2
67d45000-67d4e000 r--s 000b9000 08:09 3675720    /usr/lib/jvm/java-7-openjdk-i386/jre/lib/resources.jar
67d4e000-67d4f000 ---p 00000000 00:00 0 
67d4f000-67dcf000 rw-p 00000000 00:00 0          [stack:26071]
67dcf000-67f80000 r--s 01d23000 08:09 3675721    /usr/lib/jvm/java-7-openjdk-i386/jre/lib/rt.jar
67f80000-6a800000 rw-p 00000000 00:00 0 
6a800000-6a83a000 rw-p 00000000 00:00 0 
6a83a000-6a900000 ---p 00000000 00:00 0 
6a902000-6a919000 r-xp 00000000 08:09 3675680    /usr/lib/jvm/java-7-openjdk-i386/jre/lib/i386/libnet.so
6a919000-6a91a000 r--p 00017000 08:09 3675680    /usr/lib/jvm/java-7-openjdk-i386/jre/lib/i386/libnet.so
6a91a000-6a91b000 rw-p 00018000 08:09 3675680    /usr/lib/jvm/java-7-openjdk-i386/jre/lib/i386/libnet.so
6a91b000-6a92c000 r-xp 00000000 08:09 3675672    /usr/lib/jvm/java-7-openjdk-i386/jre/lib/i386/libnio.so
6a92c000-6a92d000 r--p 00010000 08:09 3675672    /usr/lib/jvm/java-7-openjdk-i386/jre/lib/i386/libnio.so
6a92d000-6a92e000 rw-p 00011000 08:09 3675672    /usr/lib/jvm/java-7-openjdk-i386/jre/lib/i386/libnio.so
6a92e000-6a931000 ---p 00000000 00:00 0 
6a931000-6a97f000 rw-p 00000000 00:00 0          [stack:26072]
6a97f000-6a980000 ---p 00000000 00:00 0 
6a980000-6aa00000 rw-p 00000000 00:00 0          [stack:26070]
6aa00000-6aa21000 rw-p 00000000 00:00 0 
6aa21000-6ab00000 ---p 00000000 00:00 0 
6ab00000-6ab21000 rw-p 00000000 00:00 0 
6ab21000-6ac00000 ---p 00000000 00:00 0 
6ac00000-6ac02000 r-xp 00000000 08:09 5243938    /lib/i386-linux-gnu/libkeyutils.so.1.4
6ac02000-6ac03000 r--p 00002000 08:09 5243938    /lib/i386-linux-gnu/libkeyutils.so.1.4
6ac03000-6ac04000 rw-p 00003000 08:09 5243938    /lib/i386-linux-gnu/libkeyutils.so.1.4
6ac04000-6ac06000 r-xp 00000000 08:09 3544614    /usr/lib/i386-linux-gnu/libXau.so.6.0.0
6ac06000-6ac07000 r--p 00001000 08:09 3544614    /usr/lib/i386-linux-gnu/libXau.so.6.0.0
6ac07000-6ac08000 rw-p 00002000 08:09 3544614    /usr/lib/i386-linux-gnu/libXau.so.6.0.0
6ac08000-6ac0d000 r-xp 00000000 08:09 3544653    /usr/lib/i386-linux-gnu/libXtst.so.6.1.0
6ac0d000-6ac0e000 r--p 00004000 08:09 3544653    /usr/lib/i386-linux-gnu/libXtst.so.6.1.0
6ac0e000-6ac0f000 rw-p 00005000 08:09 3544653    /usr/lib/i386-linux-gnu/libXtst.so.6.1.0
6ac0f000-6ac25000 r--s 00150000 08:09 9046121    /home/hunter/git/LaTech-CSC122/csctrails/libs/gdx.jar
6ac25000-6ac36000 r--s 00126000 08:09 9046119    /home/hunter/git/LaTech-CSC122/csctrails/libs/gdx-backend-lwjgl.jar
6ac36000-6ac7f000 rw-p 00000000 00:00 0 
6ac7f000-6ac80000 ---p 00000000 00:00 0 
6ac80000-6ad00000 rw-p 00000000 00:00 0          [stack:26069]
6ad00000-6ad21000 rw-p 00000000 00:00 0 
6ad21000-6ae00000 ---p 00000000 00:00 0 
6ae01000-6ae0a000 r-xp 00000000 08:09 3544647    /usr/lib/i386-linux-gnu/libXrender.so.1.3.0
6ae0a000-6ae0b000 r--p 00008000 08:09 3544647    /usr/lib/i386-linux-gnu/libXrender.so.1.3.0
6ae0b000-6ae0c000 rw-p 00009000 08:09 3544647    /usr/lib/i386-linux-gnu/libXrender.so.1.3.0
6ae0c000-6ae67000 rw-p 00000000 00:00 0 
6ae67000-6ae68000 ---p 00000000 00:00 0 
6ae68000-6aee8000 rw-p 00000000 00:00 0          [stack:26068]
6aee8000-6aee9000 ---p 00000000 00:00 0 
6aee9000-6af71000 rw-p 00000000 00:00 0          [stack:26067]
6af71000-6afa9000 rw-p 00000000 00:00 0 
6afa9000-6afbf000 rw-p 00000000 00:00 0 
6afbf000-6b0ff000 rw-p 00000000 00:00 0 
6b0ff000-6b107000 rw-p 00000000 00:00 0 
6b107000-6b13f000 rw-p 00000000 00:00 0 
6b13f000-6b155000 rw-p 00000000 00:00 0 
6b155000-6b294000 rw-p 00000000 00:00 0 
6b294000-6b29f000 rw-p 00000000 00:00 0 
6b29f000-6b33f000 rw-p 00000000 00:00 0 
6b33f000-6c340000 rw-p 00000000 00:00 0 
6c340000-73340000 rw-p 00000000 00:00 0 
73340000-75dc0000 rw-p 00000000 00:00 0 
75dc0000-9ddc0000 rw-p 00000000 00:00 0 
9ddc0000-9f340000 rw-p 00000000 00:00 0 
9f340000-b3340000 rw-p 00000000 00:00 0 
b3340000-b3349000 rw-p 00000000 00:00 0 
b3349000-b3400000 rw-p 00000000 00:00 0 
b3400000-b3640000 rwxp 00000000 00:00 0 
b3640000-b64ff000 rw-p 00000000 00:00 0 
b64ff000-b6500000 ---p 00000000 00:00 0 
b6502000-b6507000 r-xp 00000000 08:09 3544927    /usr/lib/i386-linux-gnu/libffi.so.6.0.1
b6507000-b6508000 r--p 00005000 08:09 3544927    /usr/lib/i386-linux-gnu/libffi.so.6.0.1
b6508000-b6509000 rw-p 00006000 08:09 3544927    /usr/lib/i386-linux-gnu/libffi.so.6.0.1
b6509000-b650c000 r-xp 00000000 08:09 3545063    /usr/lib/i386-linux-gnu/libgmodule-2.0.so.0.4002.0
b650c000-b650d000 r--p 00002000 08:09 3545063    /usr/lib/i386-linux-gnu/libgmodule-2.0.so.0.4002.0
b650d000-b650e000 rw-p 00003000 08:09 3545063    /usr/lib/i386-linux-gnu/libgmodule-2.0.so.0.4002.0
b650e000-b650f000 r--s 00127000 08:09 9046120    /home/hunter/git/LaTech-CSC122/csctrails/libs/gdx-natives.jar
b650f000-b6511000 r--s 0019e000 08:09 9046118    /home/hunter/git/LaTech-CSC122/csctrails/libs/gdx-backend-lwjgl-natives.jar
b6511000-b6515000 r--s 00034000 08:09 3675701    /usr/lib/jvm/java-7-openjdk-i386/jre/lib/ext/sunjce_provider.jar
b6515000-b6530000 rw-p 00000000 00:00 0 
b6530000-b653b000 r-xp 00000000 08:09 5248953    /lib/i386-linux-gnu/libnss_files-2.19.so
b653b000-b653c000 r--p 0000a000 08:09 5248953    /lib/i386-linux-gnu/libnss_files-2.19.so
b653c000-b653d000 rw-p 0000b000 08:09 5248953    /lib/i386-linux-gnu/libnss_files-2.19.so
b653d000-b6547000 r-xp 00000000 08:09 5248960    /lib/i386-linux-gnu/libnss_nis-2.19.so
b6547000-b6548000 r--p 00009000 08:09 5248960    /lib/i386-linux-gnu/libnss_nis-2.19.so
b6548000-b6549000 rw-p 0000a000 08:09 5248960    /lib/i386-linux-gnu/libnss_nis-2.19.so
b6549000-b655e000 r-xp 00000000 08:09 5248957    /lib/i386-linux-gnu/libnsl-2.19.so
b655e000-b655f000 r--p 00015000 08:09 5248957    /lib/i386-linux-gnu/libnsl-2.19.so
b655f000-b6560000 rw-p 00016000 08:09 5248957    /lib/i386-linux-gnu/libnsl-2.19.so
b6560000-b6562000 rw-p 00000000 00:00 0 
b6562000-b6569000 r-xp 00000000 08:09 5248961    /lib/i386-linux-gnu/libnss_compat-2.19.so
b6569000-b656a000 r--p 00006000 08:09 5248961    /lib/i386-linux-gnu/libnss_compat-2.19.so
b656a000-b656b000 rw-p 00007000 08:09 5248961    /lib/i386-linux-gnu/libnss_compat-2.19.so
b656b000-b656c000 r--s 00002000 08:09 3675697    /usr/lib/jvm/java-7-openjdk-i386/jre/lib/ext/dnsns.jar
b656c000-b6570000 r--s 0003c000 08:09 3675702    /usr/lib/jvm/java-7-openjdk-i386/jre/lib/ext/sunpkcs11.jar
b6570000-b6573000 r--s 0000f000 08:09 3675699    /usr/lib/jvm/java-7-openjdk-i386/jre/lib/ext/icedtea-sound.jar
b6573000-b6575000 r--s 00012000 08:09 3675700    /usr/lib/jvm/java-7-openjdk-i386/jre/lib/ext/zipfs.jar
b6575000-b6577000 r--s 00006000 08:09 4068527    /usr/share/java/java-atk-wrapper.jar
b6577000-b657a000 r--s 00086000 08:09 3675698    /usr/lib/jvm/java-7-openjdk-i386/jre/lib/ext/localedata.jar
b657a000-b657b000 r--p 002c5000 08:09 3545965    /usr/lib/locale/locale-archive
b657b000-b6583000 r-xp 00000000 08:09 3675675    /usr/lib/jvm/java-7-openjdk-i386/jre/lib/i386/libzip.so
b6583000-b6584000 r--p 00007000 08:09 3675675    /usr/lib/jvm/java-7-openjdk-i386/jre/lib/i386/libzip.so
b6584000-b6585000 rw-p 00008000 08:09 3675675    /usr/lib/jvm/java-7-openjdk-i386/jre/lib/i386/libzip.so
b6585000-b65ac000 r-xp 00000000 08:09 3675662    /usr/lib/jvm/java-7-openjdk-i386/jre/lib/i386/libjava.so
b65ac000-b65ad000 r--p 00026000 08:09 3675662    /usr/lib/jvm/java-7-openjdk-i386/jre/lib/i386/libjava.so
b65ad000-b65ae000 rw-p 00027000 08:09 3675662    /usr/lib/jvm/java-7-openjdk-i386/jre/lib/i386/libjava.so
b65ae000-b65b5000 r-xp 00000000 08:09 5248968    /lib/i386-linux-gnu/librt-2.19.so
b65b5000-b65b6000 r--p 00006000 08:09 5248968    /lib/i386-linux-gnu/librt-2.19.so
b65b6000-b65b7000 rw-p 00007000 08:09 5248968    /lib/i386-linux-gnu/librt-2.19.so
b65b7000-b65ba000 ---p 00000000 00:00 0 
b65ba000-b6608000 rw-p 00000000 00:00 0          [stack:26066]
b6608000-b6624000 r-xp 00000000 08:09 5243922    /lib/i386-linux-gnu/libgcc_s.so.1
b6624000-b6625000 rw-p 0001b000 08:09 5243922    /lib/i386-linux-gnu/libgcc_s.so.1
b6625000-b6669000 r-xp 00000000 08:09 5248954    /lib/i386-linux-gnu/libm-2.19.so
b6669000-b666a000 r--p 00043000 08:09 5248954    /lib/i386-linux-gnu/libm-2.19.so
b666a000-b666b000 rw-p 00044000 08:09 5248954    /lib/i386-linux-gnu/libm-2.19.so
b666b000-b6747000 r-xp 00000000 08:09 3545642    /usr/lib/i386-linux-gnu/libstdc++.so.6.0.19
b6747000-b6748000 ---p 000dc000 08:09 3545642    /usr/lib/i386-linux-gnu/libstdc++.so.6.0.19
b6748000-b674c000 r--p 000dc000 08:09 3545642    /usr/lib/i386-linux-gnu/libstdc++.so.6.0.19
b674c000-b674d000 rw-p 000e0000 08:09 3545642    /usr/lib/i386-linux-gnu/libstdc++.so.6.0.19
b674d000-b6754000 rw-p 00000000 00:00 0 
b6754000-b7142000 r-xp 00000000 08:09 3675683    /usr/lib/jvm/java-7-openjdk-i386/jre/lib/i386/server/libjvm.so
b7142000-b7194000 r--p 009ed000 08:09 3675683    /usr/lib/jvm/java-7-openjdk-i386/jre/lib/i386/server/libjvm.so
b7194000-b71a8000 rw-p 00a3f000 08:09 3675683    /usr/lib/jvm/java-7-openjdk-i386/jre/lib/i386/server/libjvm.so
b71a8000-b75c5000 rw-p 00000000 00:00 0 
b75c5000-b75dd000 r-xp 00000000 08:09 5244059    /lib/i386-linux-gnu/libz.so.1.2.8
b75dd000-b75de000 r--p 00017000 08:09 5244059    /lib/i386-linux-gnu/libz.so.1.2.8
b75de000-b75df000 rw-p 00018000 08:09 5244059    /lib/i386-linux-gnu/libz.so.1.2.8
b75df000-b75e0000 rw-p 00000000 00:00 0 
b75e0000-b75f8000 r-xp 00000000 08:09 5248967    /lib/i386-linux-gnu/libpthread-2.19.so
b75f8000-b75f9000 r--p 00017000 08:09 5248967    /lib/i386-linux-gnu/libpthread-2.19.so
b75f9000-b75fa000 rw-p 00018000 08:09 5248967    /lib/i386-linux-gnu/libpthread-2.19.so
b75fa000-b75fc000 rw-p 00000000 00:00 0 
b75fc000-b75ff000 r-xp 00000000 08:09 5248964    /lib/i386-linux-gnu/libdl-2.19.so
b75ff000-b7600000 r--p 00002000 08:09 5248964    /lib/i386-linux-gnu/libdl-2.19.so
b7600000-b7601000 rw-p 00003000 08:09 5248964    /lib/i386-linux-gnu/libdl-2.19.so
b7601000-b77aa000 r-xp 00000000 08:09 5248727    /lib/i386-linux-gnu/libc-2.19.so
b77aa000-b77ac000 r--p 001a8000 08:09 5248727    /lib/i386-linux-gnu/libc-2.19.so
b77ac000-b77ad000 rw-p 001aa000 08:09 5248727    /lib/i386-linux-gnu/libc-2.19.so
b77ad000-b77b0000 rw-p 00000000 00:00 0 
b77b0000-b77b8000 rw-s 00000000 08:09 929347     /tmp/hsperfdata_hunter/26061
b77b8000-b77b9000 rw-p 00000000 00:00 0 
b77b9000-b77ba000 r--p 00000000 00:00 0 
b77ba000-b77c8000 r-xp 00000000 08:09 3675674    /usr/lib/jvm/java-7-openjdk-i386/jre/lib/i386/libverify.so
b77c8000-b77c9000 r--p 0000d000 08:09 3675674    /usr/lib/jvm/java-7-openjdk-i386/jre/lib/i386/libverify.so
b77c9000-b77ca000 rw-p 0000e000 08:09 3675674    /usr/lib/jvm/java-7-openjdk-i386/jre/lib/i386/libverify.so
b77ca000-b77d6000 r-xp 00000000 08:09 3675664    /usr/lib/jvm/java-7-openjdk-i386/jre/lib/i386/jli/libjli.so
b77d6000-b77d7000 r--p 0000c000 08:09 3675664    /usr/lib/jvm/java-7-openjdk-i386/jre/lib/i386/jli/libjli.so
b77d7000-b77d8000 rw-p 0000d000 08:09 3675664    /usr/lib/jvm/java-7-openjdk-i386/jre/lib/i386/jli/libjli.so
b77d8000-b77db000 rw-p 00000000 00:00 0 
b77db000-b77dc000 r-xp 00000000 00:00 0          [vdso]
b77dc000-b77fc000 r-xp 00000000 08:09 5248726    /lib/i386-linux-gnu/ld-2.19.so
b77fc000-b77fd000 r--p 0001f000 08:09 5248726    /lib/i386-linux-gnu/ld-2.19.so
b77fd000-b77fe000 rw-p 00020000 08:09 5248726    /lib/i386-linux-gnu/ld-2.19.so
bffaa000-bffab000 rwxp 00000000 00:00 0 
bffdd000-bfffe000 rw-p 00000000 00:00 0          [stack]

VM Arguments:
jvm_args: -Dfile.encoding=UTF-8 
java_command: csctrails.main.CSCTrailsDesktop
Launcher Type: SUN_STANDARD

Environment Variables:
PATH=/usr/local/sbin:/usr/local/bin:/usr/sbin:/usr/bin:/sbin:/bin:/usr/games:/usr/local/games
USERNAME=hunter
LD_LIBRARY_PATH=/usr/lib/jvm/java-7-openjdk-i386/jre/lib/i386/server:/usr/lib/jvm/java-7-openjdk-i386/jre/lib/i386:/usr/lib/jvm/java-7-openjdk-i386/jre/../lib/i386:/usr/lib/jvm/java-7-openjdk-i386/jre/lib/i386/client:/usr/lib/jvm/java-7-openjdk-i386/jre/lib/i386:
SHELL=/bin/bash
DISPLAY=:0.0

Signal Handlers:
SIGSEGV: [libjvm.so+0x80c740], sa_mask[0]=0x7ffbfeff, sa_flags=0x10000004
SIGBUS: [libjvm.so+0x80c740], sa_mask[0]=0x7ffbfeff, sa_flags=0x10000004
SIGFPE: [libjvm.so+0x6847c0], sa_mask[0]=0x7ffbfeff, sa_flags=0x10000004
SIGPIPE: [libjvm.so+0x6847c0], sa_mask[0]=0x7ffbfeff, sa_flags=0x10000004
SIGXFSZ: [libjvm.so+0x6847c0], sa_mask[0]=0x7ffbfeff, sa_flags=0x10000004
SIGILL: [libjvm.so+0x6847c0], sa_mask[0]=0x7ffbfeff, sa_flags=0x10000004
SIGUSR1: SIG_DFL, sa_mask[0]=0x00000000, sa_flags=0x00000000
SIGUSR2: [libjvm.so+0x684650], sa_mask[0]=0x00000004, sa_flags=0x10000004
SIGHUP: [libjvm.so+0x684880], sa_mask[0]=0x7ffbfeff, sa_flags=0x10000004
SIGINT: [libjvm.so+0x684880], sa_mask[0]=0x7ffbfeff, sa_flags=0x10000004
SIGTERM: [libjvm.so+0x684880], sa_mask[0]=0x7ffbfeff, sa_flags=0x10000004
SIGQUIT: [libjvm.so+0x684880], sa_mask[0]=0x7ffbfeff, sa_flags=0x10000004
SIGTRAP: SIG_DFL, sa_mask[0]=0x00000000, sa_flags=0x00000000


---------------  S Y S T E M  ---------------

OS:LinuxMint 17.1 (rebecca)
uname:Linux 3.13.0-37-generic #64-Ubuntu SMP Mon Sep 22 21:30:01 UTC 2014 i686
libc:glibc 2.19 NPTL 2.19 
rlimit: STACK 8192k, CORE 0k, NPROC 45875, NOFILE 4096, AS infinity
load average:0.15 0.27 0.29

/proc/meminfo:
MemTotal:        5900044 kB
MemFree:         3684300 kB
Buffers:          228128 kB
Cached:           971220 kB
SwapCached:            0 kB
Active:          1326268 kB
Inactive:         764452 kB
Active(anon):     896892 kB
Inactive(anon):   243896 kB
Active(file):     429376 kB
Inactive(file):   520556 kB
Unevictable:           0 kB
Mlocked:               0 kB
HighTotal:       5071268 kB
HighFree:        3330516 kB
LowTotal:         828776 kB
LowFree:          353784 kB
SwapTotal:       1952764 kB
SwapFree:        1952764 kB
Dirty:               436 kB
Writeback:             0 kB
AnonPages:        891204 kB
Mapped:           203184 kB
Shmem:            249420 kB
Slab:              87600 kB
SReclaimable:      67996 kB
SUnreclaim:        19604 kB
KernelStack:        3432 kB
PageTables:         7692 kB
NFS_Unstable:          0 kB
Bounce:                0 kB
WritebackTmp:          0 kB
CommitLimit:     4902784 kB
Committed_AS:    2896164 kB
VmallocTotal:     122880 kB
VmallocUsed:       16876 kB
VmallocChunk:      86836 kB
HardwareCorrupted:     0 kB
AnonHugePages:    540672 kB
HugePages_Total:       0
HugePages_Free:        0
HugePages_Rsvd:        0
HugePages_Surp:        0
Hugepagesize:       2048 kB
DirectMap4k:       40952 kB
DirectMap2M:      872448 kB


CPU:total 4 (2 cores per cpu, 2 threads per core) family 6 model 69 stepping 1, cmov, cx8, fxsr, mmx, sse, sse2, sse3, ssse3, sse4.1, sse4.2, popcnt, avx, avx2, aes, erms, ht, tsc, tscinvbit

/proc/cpuinfo:
processor	: 0
vendor_id	: GenuineIntel
cpu family	: 6
model		: 69
model name	: Intel(R) Core(TM) i5-4210U CPU @ 1.70GHz
stepping	: 1
microcode	: 0x17
cpu MHz		: 1000.000
cache size	: 3072 KB
physical id	: 0
siblings	: 4
core id		: 0
cpu cores	: 2
apicid		: 0
initial apicid	: 0
fdiv_bug	: no
f00f_bug	: no
coma_bug	: no
fpu		: yes
fpu_exception	: yes
cpuid level	: 13
wp		: yes
flags		: fpu vme de pse tsc msr pae mce cx8 apic sep mtrr pge mca cmov pat pse36 clflush dts acpi mmx fxsr sse sse2 ss ht tm pbe nx pdpe1gb rdtscp lm constant_tsc arch_perfmon pebs bts xtopology nonstop_tsc aperfmperf eagerfpu pni pclmulqdq dtes64 monitor ds_cpl vmx est tm2 ssse3 fma cx16 xtpr pdcm pcid sse4_1 sse4_2 movbe popcnt tsc_deadline_timer aes xsave avx f16c rdrand lahf_lm abm ida arat epb xsaveopt pln pts dtherm tpr_shadow vnmi flexpriority ept vpid fsgsbase tsc_adjust bmi1 avx2 smep bmi2 erms invpcid
bogomips	: 3392.26
clflush size	: 64
cache_alignment	: 64
address sizes	: 39 bits physical, 48 bits virtual
power management:

processor	: 1
vendor_id	: GenuineIntel
cpu family	: 6
model		: 69
model name	: Intel(R) Core(TM) i5-4210U CPU @ 1.70GHz
stepping	: 1
microcode	: 0x17
cpu MHz		: 782.000
cache size	: 3072 KB
physical id	: 0
siblings	: 4
core id		: 0
cpu cores	: 2
apicid		: 1
initial apicid	: 1
fdiv_bug	: no
f00f_bug	: no
coma_bug	: no
fpu		: yes
fpu_exception	: yes
cpuid level	: 13
wp		: yes
flags		: fpu vme de pse tsc msr pae mce cx8 apic sep mtrr pge mca cmov pat pse36 clflush dts acpi mmx fxsr sse sse2 ss ht tm pbe nx pdpe1gb rdtscp lm constant_tsc arch_perfmon pebs bts xtopology nonstop_tsc aperfmperf eagerfpu pni pclmulqdq dtes64 monitor ds_cpl vmx est tm2 ssse3 fma cx16 xtpr pdcm pcid sse4_1 sse4_2 movbe popcnt tsc_deadline_timer aes xsave avx f16c rdrand lahf_lm abm ida arat epb xsaveopt pln pts dtherm tpr_shadow vnmi flexpriority ept vpid fsgsbase tsc_adjust bmi1 avx2 smep bmi2 erms invpcid
bogomips	: 3392.26
clflush size	: 64
cache_alignment	: 64
address sizes	: 39 bits physical, 48 bits virtual
power management:

processor	: 2
vendor_id	: GenuineIntel
cpu family	: 6
model		: 69
model name	: Intel(R) Core(TM) i5-4210U CPU @ 1.70GHz
stepping	: 1
microcode	: 0x17
cpu MHz		: 1700.000
cache size	: 3072 KB
physical id	: 0
siblings	: 4
core id		: 1
cpu cores	: 2
apicid		: 2
initial apicid	: 2
fdiv_bug	: no
f00f_bug	: no
coma_bug	: no
fpu		: yes
fpu_exception	: yes
cpuid level	: 13
wp		: yes
flags		: fpu vme de pse tsc msr pae mce cx8 apic sep mtrr pge mca cmov pat pse36 clflush dts acpi mmx fxsr sse sse2 ss ht tm pbe nx pdpe1gb rdtscp lm constant_tsc arch_perfmon pebs bts xtopology nonstop_tsc aperfmperf eagerfpu pni pclmulqdq dtes64 monitor ds_cpl vmx est tm2 ssse3 fma cx16 xtpr pdcm pcid sse4_1 sse4_2 movbe popcnt tsc_deadline_timer aes xsave avx f16c rdrand lahf_lm abm ida arat epb xsaveopt pln pts dtherm tpr_shadow vnmi flexpriority ept vpid fsgsbase tsc_adjust bmi1 avx2 smep bmi2 erms invpcid
bogomips	: 3392.26
clflush size	: 64
cache_alignment	: 64
address sizes	: 39 bits physical, 48 bits virtual
power management:

processor	: 3
vendor_id	: GenuineIntel
cpu family	: 6
model		: 69
model name	: Intel(R) Core(TM) i5-4210U CPU @ 1.70GHz
stepping	: 1
microcode	: 0x17
cpu MHz		: 782.000
cache size	: 3072 KB
physical id	: 0
siblings	: 4
core id		: 1
cpu cores	: 2
apicid		: 3
initial apicid	: 3
fdiv_bug	: no
f00f_bug	: no
coma_bug	: no
fpu		: yes
fpu_exception	: yes
cpuid level	: 13
wp		: yes
flags		: fpu vme de pse tsc msr pae mce cx8 apic sep mtrr pge mca cmov pat pse36 clflush dts acpi mmx fxsr sse sse2 ss ht tm pbe nx pdpe1gb rdtscp lm constant_tsc arch_perfmon pebs bts xtopology nonstop_tsc aperfmperf eagerfpu pni pclmulqdq dtes64 monitor ds_cpl vmx est tm2 ssse3 fma cx16 xtpr pdcm pcid sse4_1 sse4_2 movbe popcnt tsc_deadline_timer aes xsave avx f16c rdrand lahf_lm abm ida arat epb xsaveopt pln pts dtherm tpr_shadow vnmi flexpriority ept vpid fsgsbase tsc_adjust bmi1 avx2 smep bmi2 erms invpcid
bogomips	: 3392.26
clflush size	: 64
cache_alignment	: 64
address sizes	: 39 bits physical, 48 bits virtual
power management:



Memory: 4k page, physical 5900044k(3684300k free), swap 1952764k(1952764k free)

vm_info: OpenJDK Server VM (24.75-b04) for linux-x86 JRE (1.7.0_75-b13), built on Jan 27 2015 00:41:34 by "buildd" with gcc 4.8.2

time: Sat Oct  3 14:46:19 2015
elapsed time: 0 seconds

