#
# A fatal error has been detected by the Java Runtime Environment:
#
#  SIGSEGV (0xb) at pc=0x5f4e2c60, pid=21165, tid=1638103872
#
# JRE version: OpenJDK Runtime Environment (7.0_75-b13) (build 1.7.0_75-b13)
# Java VM: OpenJDK Server VM (24.75-b04 mixed mode linux-x86 )
# Derivative: IcedTea 2.5.4
# Distribution: Ubuntu 14.04 LTS, package 7u75-2.5.4-1~trusty1
# Problematic frame:
# C  0x5f4e2c60
#
# Failed to write core dump. Core dumps have been disabled. To enable core dumping, try "ulimit -c unlimited" before starting Java again
#
# If you would like to submit a bug report, please include
# instructions on how to reproduce the bug and visit:
#   http://icedtea.classpath.org/bugzilla
# The crash happened outside the Java Virtual Machine in native code.
# See problematic frame for where to report the bug.
#

---------------  T H R E A D  ---------------

Current thread (0x667a1c00):  JavaThread "LWJGL Application" [_thread_in_native, id=21188, stack(0x619e7000,0x61a38000)]

siginfo:si_signo=SIGSEGV: si_errno=0, si_code=2 (SEGV_ACCERR), si_addr=0x5f4e2c60

Registers:
EAX=0x5f4d5de0, EBX=0x67071ff4, ECX=0x00000000, EDX=0x5f4d6e80
ESP=0x61a36cbc, EBP=0x600be110, ESI=0x5f4d5da0, EDI=0x00000200
EIP=0x5f4e2c60, EFLAGS=0x00210206, CR2=0x5f4e2c60

Top of Stack: (sp=0x61a36cbc)
0x61a36cbc:   67021dc4 5f4d5da0 5f4d5de0 5f4a8e9c
0x61a36ccc:   5f4e514c 6a700dbc 667a3328 6a7009c8
0x61a36cdc:   6a7009d0 6a700dbc 000003ec b70ef308
0x61a36cec:   00000000 61a37084 00000000 5f4a8e90
0x61a36cfc:   5f4e5140 bee66666 00000000 41a17c58
0x61a36d0c:   00000000 00000000 00000000 600a4f38
0x61a36d1c:   5f4d6c00 5f4d5c60 00000000 00000000
0x61a36d2c:   00000000 00000000 3f800000 3f800000 

Instructions: (pc=0x5f4e2c60)
0x5f4e2c40:   00 00 00 00 00 00 80 3f 00 00 00 00 00 00 00 00
0x5f4e2c50:   00 00 00 00 00 00 00 00 00 00 00 00 00 00 00 00
0x5f4e2c60:   80 78 4d 5f 24 00 00 00 40 68 4d 5f 00 5a 4e 5f
0x5f4e2c70:   a0 5d 4d 5f 60 2c 4e 5f 00 00 00 00 00 00 00 00 

Register to memory mapping:

EAX=0x5f4d5de0 is an unknown value
EBX=0x67071ff4: <offset 0x72ff4> in /tmp/libgdxhunter/2535ec09/libgdx.so at 0x66fff000
ECX=0x00000000 is an unknown value
EDX=0x5f4d6e80 is an unknown value
ESP=0x61a36cbc is pointing into the stack for thread: 0x667a1c00
EBP=0x600be110 is an unknown value
ESI=0x5f4d5da0 is an unknown value
EDI=0x00000200 is an unknown value


Stack: [0x619e7000,0x61a38000],  sp=0x61a36cbc,  free space=319k
Native frames: (J=compiled Java code, j=interpreted, Vv=VM code, C=native code)
C  0x5f4e2c60

Java frames: (J=compiled Java code, j=interpreted, Vv=VM code)
j  com.badlogic.gdx.physics.box2d.World.jniStep(JFII)V+0
j  com.badlogic.gdx.physics.box2d.World.step(FII)V+8
j  csctrails.states.PlayState.update(F)V+12
j  csctrails.handlers.GameStateManager.update(F)V+11
j  csctrails.main.Game.render()V+20
j  com.badlogic.gdx.backends.lwjgl.LwjglApplication.mainLoop()V+642
j  com.badlogic.gdx.backends.lwjgl.LwjglApplication$1.run()V+27
v  ~StubRoutines::call_stub

---------------  P R O C E S S  ---------------

Java Threads: ( => current thread )
  0x67994800 JavaThread "process reaper" daemon [_thread_blocked, id=21190, stack(0x619cc000,0x619e7000)]
  0xb6407c00 JavaThread "DestroyJavaVM" [_thread_blocked, id=21170, stack(0xb651d000,0xb656e000)]
=>0x667a1c00 JavaThread "LWJGL Application" [_thread_in_native, id=21188, stack(0x619e7000,0x61a38000)]
  0x6670e400 JavaThread "AWT-XAWT" daemon [_thread_in_native, id=21184, stack(0x66842000,0x66893000)]
  0x673fd800 JavaThread "Java2D Disposer" daemon [_thread_blocked, id=21183, stack(0x66893000,0x668e4000)]
  0x67b9cc00 JavaThread "Service Thread" daemon [_thread_blocked, id=21181, stack(0x6755c000,0x675ad000)]
  0x67b9b000 JavaThread "C2 CompilerThread1" daemon [_thread_blocked, id=21180, stack(0x675ad000,0x6762e000)]
  0x67b99000 JavaThread "C2 CompilerThread0" daemon [_thread_blocked, id=21179, stack(0x6762e000,0x676af000)]
  0x67b97400 JavaThread "Signal Dispatcher" daemon [_thread_blocked, id=21178, stack(0x676af000,0x67700000)]
  0x67b85800 JavaThread "Finalizer" daemon [_thread_blocked, id=21177, stack(0x6a82e000,0x6a87f000)]
  0x67b83c00 JavaThread "Reference Handler" daemon [_thread_blocked, id=21176, stack(0x6aa2e000,0x6aa7f000)]

Other Threads:
  0x67b81400 VMThread [stack: 0x67c4e000,0x67ccf000] [id=21175]
  0x67b9ec00 WatcherThread [stack: 0x674db000,0x6755c000] [id=21182]

VM state:not at safepoint (normal execution)

VM Mutex/Monitor currently owned by a thread: None

Heap
 PSYoungGen      total 19456K, used 8111K [0x9dd40000, 0x9f2c0000, 0xb32c0000)
  eden space 16896K, 32% used [0x9dd40000,0x9e2ae9d0,0x9edc0000)
  from space 2560K, 99% used [0x9edc0000,0x9f03d2d8,0x9f040000)
  to   space 2560K, 0% used [0x9f040000,0x9f040000,0x9f2c0000)
 ParOldGen       total 43520K, used 1306K [0x732c0000, 0x75d40000, 0x9dd40000)
  object space 43520K, 3% used [0x732c0000,0x73406988,0x75d40000)
 PSPermGen       total 16384K, used 6796K [0x6b2c0000, 0x6c2c0000, 0x732c0000)
  object space 16384K, 41% used [0x6b2c0000,0x6b9633c8,0x6c2c0000)

Card table byte_map: [0x6b07f000,0x6b2c0000] byte_map_base: 0x6ad25a00

Polling page: 0xb771f000

Code Cache  [0xb338b000, 0xb35cb000, 0xb638b000)
 total_blobs=472 nmethods=163 adapters=263 free_code_cache=48526Kb largest_free_block=49673920

Compilation events (10 events):
Event: 5.359 Thread 0x67b99000  157             java.util.ArrayList$SubList$1::next (79 bytes)
Event: 5.359 Thread 0x67b9b000  158             java.util.ArrayList$SubList$1::checkForComodification (26 bytes)
Event: 5.359 Thread 0x67b9b000 nmethod 158 0xb3428248 code [0xb3428340, 0xb34283d0]
Event: 5.360 Thread 0x67b99000 nmethod 157 0xb3427f08 code [0xb3428000, 0xb34280f0]
Event: 5.931 Thread 0x67b9b000  160             com.badlogic.gdx.physics.box2d.Contact::getFixtureA (22 bytes)
Event: 5.935 Thread 0x67b9b000 nmethod 160 0xb3427508 code [0xb3427640, 0xb3427910]
Event: 6.032 Thread 0x67b99000  161             java.util.ArrayList::access$100 (5 bytes)
Event: 6.033 Thread 0x67b99000 nmethod 161 0xb3421808 code [0xb3421900, 0xb3421950]
Event: 6.260 Thread 0x67b9b000  162             com.badlogic.gdx.physics.box2d.Contact::getFixtureB (22 bytes)
Event: 6.265 Thread 0x67b9b000 nmethod 162 0xb3424bc8 code [0xb3424d00, 0xb3424fd0]

GC Heap History (2 events):
Event: 2.261 GC heap before
{Heap before GC invocations=1 (full 0):
 PSYoungGen      total 19456K, used 16896K [0x9dd40000, 0x9f2c0000, 0xb32c0000)
  eden space 16896K, 100% used [0x9dd40000,0x9edc0000,0x9edc0000)
  from space 2560K, 0% used [0x9f040000,0x9f040000,0x9f2c0000)
  to   space 2560K, 0% used [0x9edc0000,0x9edc0000,0x9f040000)
 ParOldGen       total 43520K, used 0K [0x732c0000, 0x75d40000, 0x9dd40000)
  object space 43520K, 0% used [0x732c0000,0x732c0000,0x75d40000)
 PSPermGen       total 16384K, used 6778K [0x6b2c0000, 0x6c2c0000, 0x732c0000)
  object space 16384K, 41% used [0x6b2c0000,0x6b95e8e8,0x6c2c0000)
Event: 2.271 GC heap after
Heap after GC invocations=1 (full 0):
 PSYoungGen      total 19456K, used 2548K [0x9dd40000, 0x9f2c0000, 0xb32c0000)
  eden space 16896K, 0% used [0x9dd40000,0x9dd40000,0x9edc0000)
  from space 2560K, 99% used [0x9edc0000,0x9f03d2d8,0x9f040000)
  to   space 2560K, 0% used [0x9f040000,0x9f040000,0x9f2c0000)
 ParOldGen       total 43520K, used 1306K [0x732c0000, 0x75d40000, 0x9dd40000)
  object space 43520K, 3% used [0x732c0000,0x73406988,0x75d40000)
 PSPermGen       total 16384K, used 6778K [0x6b2c0000, 0x6c2c0000, 0x732c0000)
  object space 16384K, 41% used [0x6b2c0000,0x6b95e8e8,0x6c2c0000)
}

Deoptimization events (1 events):
Event: 2.738 Thread 0x667a1c00 Uncommon trap: reason=unreached action=reinterpret pc=0xb3402b0c method=com.badlogic.gdx.utils.Array.iterator()Ljava/util/Iterator; @ 4

Internal exceptions (10 events):
Event: 0.735 Thread 0x667a1c00 Threw 0x9ea72750 at /build/buildd/openjdk-7-7u75-2.5.4/build/openjdk/hotspot/src/share/vm/prims/jvm.cpp:1284
Event: 0.736 Thread 0x667a1c00 Threw 0x9ea7fc20 at /build/buildd/openjdk-7-7u75-2.5.4/build/openjdk/hotspot/src/share/vm/prims/jvm.cpp:1284
Event: 0.760 Thread 0x667a1c00 Threw 0x9ec227c8 at /build/buildd/openjdk-7-7u75-2.5.4/build/openjdk/hotspot/src/share/vm/prims/jvm.cpp:1284
Event: 0.760 Thread 0x667a1c00 Threw 0x9ec27378 at /build/buildd/openjdk-7-7u75-2.5.4/build/openjdk/hotspot/src/share/vm/prims/jvm.cpp:1284
Event: 0.763 Thread 0x667a1c00 Threw 0x9ec2bcd0 at /build/buildd/openjdk-7-7u75-2.5.4/build/openjdk/hotspot/src/share/vm/prims/jvm.cpp:1284
Event: 0.763 Thread 0x667a1c00 Threw 0x9ec307c8 at /build/buildd/openjdk-7-7u75-2.5.4/build/openjdk/hotspot/src/share/vm/prims/jvm.cpp:1284
Event: 0.764 Thread 0x667a1c00 Threw 0x9ec34f58 at /build/buildd/openjdk-7-7u75-2.5.4/build/openjdk/hotspot/src/share/vm/prims/jvm.cpp:1284
Event: 0.765 Thread 0x667a1c00 Threw 0x9ec39970 at /build/buildd/openjdk-7-7u75-2.5.4/build/openjdk/hotspot/src/share/vm/prims/jvm.cpp:1284
Event: 0.918 Thread 0x667a1c00 Threw 0x9ec5db48 at /build/buildd/openjdk-7-7u75-2.5.4/build/openjdk/hotspot/src/share/vm/prims/jvm.cpp:1284
Event: 2.738 Thread 0x667a1c00 Implicit null exception at 0xb34026e9 to 0xb3402af5

Events (10 events):
Event: 0.765 loading class 0x600f1208 done
Event: 0.918 loading class 0x673869c8
Event: 0.918 loading class 0x673869c8 done
Event: 2.261 Executing VM operation: ParallelGCFailedAllocation
Event: 2.271 Executing VM operation: ParallelGCFailedAllocation done
Event: 2.738 Thread 0x667a1c00 Uncommon trap: trap_request=0xffffffad fr.pc=0xb3402b0c
Event: 2.738 Thread 0x667a1c00 DEOPT PACKING pc=0xb3402b0c sp=0x61a36e50
Event: 2.738 Thread 0x667a1c00 DEOPT UNPACKING pc=0xb33b7bc8 sp=0x61a36e00 mode 2
Event: 4.067 Executing VM operation: EnableBiasedLocking
Event: 4.067 Executing VM operation: EnableBiasedLocking done


Dynamic libraries:
08048000-08049000 r-xp 00000000 08:09 3675650    /usr/lib/jvm/java-7-openjdk-i386/jre/bin/java
08049000-0804a000 r--p 00000000 08:09 3675650    /usr/lib/jvm/java-7-openjdk-i386/jre/bin/java
0804a000-0804b000 rw-p 00001000 08:09 3675650    /usr/lib/jvm/java-7-openjdk-i386/jre/bin/java
0883c000-0885d000 rw-p 00000000 00:00 0          [heap]
5f200000-5f2eb000 rw-p 00000000 00:00 0 
5f2eb000-5f300000 ---p 00000000 00:00 0 
5f400000-5f4fc000 rw-p 00000000 00:00 0 
5f4fc000-5f500000 ---p 00000000 00:00 0 
5f500000-5f5e5000 rw-p 00000000 00:00 0 
5f5e5000-5f600000 ---p 00000000 00:00 0 
5f600000-5f700000 rw-p 00000000 00:00 0 
5f700000-5f800000 rw-p 00000000 00:00 0 
5f800000-5f8ff000 rw-p 00000000 00:00 0 
5f8ff000-5f900000 ---p 00000000 00:00 0 
5fa00000-5fc00000 rw-p 00000000 00:00 0 
5fc00000-5fd00000 rw-p 00000000 00:00 0 
5fd67000-60000000 rw-p 00000000 00:00 0 
60000000-60100000 rw-p 00000000 00:00 0 
6013b000-6013d000 rw-s 00000000 00:04 152627     /drm mm object (deleted)
6013d000-6013f000 rw-s 00000000 00:04 151158     /drm mm object (deleted)
6013f000-60177000 rw-s 00000000 00:04 151154     /drm mm object (deleted)
60177000-60179000 rw-s 00000000 00:04 151153     /drm mm object (deleted)
60179000-6017b000 rw-s 00000000 00:04 151152     /drm mm object (deleted)
6017b000-6017d000 rw-s 00000000 00:04 151151     /drm mm object (deleted)
6017d000-6017f000 rw-s 00000000 00:04 151150     /drm mm object (deleted)
6017f000-60181000 rw-s 00000000 00:04 151149     /drm mm object (deleted)
60181000-60183000 rw-s 00000000 00:04 151148     /drm mm object (deleted)
60183000-60185000 rw-s 00000000 00:04 151147     /drm mm object (deleted)
60185000-60187000 rw-s 00000000 00:04 151146     /drm mm object (deleted)
60187000-60189000 rw-s 00000000 00:04 151145     /drm mm object (deleted)
60189000-6018b000 rw-s 00000000 00:04 151144     /drm mm object (deleted)
6018b000-601c3000 rw-s 00000000 00:04 151804     /drm mm object (deleted)
601c3000-601fb000 rw-s 00000000 00:04 151803     /drm mm object (deleted)
601fb000-61100000 rw-p 00000000 00:00 0 
61100000-611fe000 rw-p 00000000 00:00 0 
611fe000-61200000 ---p 00000000 00:00 0 
61201000-61203000 rw-s 00000000 00:04 151143     /drm mm object (deleted)
61203000-61205000 rw-s 00000000 00:04 151142     /drm mm object (deleted)
61205000-61207000 rw-s 00000000 00:04 151141     /drm mm object (deleted)
61207000-61209000 rw-s 00000000 00:04 151140     /drm mm object (deleted)
61209000-6120b000 rw-s 00000000 00:04 151139     /drm mm object (deleted)
6120b000-6120d000 rw-s 00000000 00:04 151138     /drm mm object (deleted)
6120e000-61210000 rw-s 00000000 00:04 151802     /drm mm object (deleted)
61210000-61212000 rw-s 00000000 00:04 151801     /drm mm object (deleted)
61212000-61214000 rw-s 00000000 00:04 151800     /drm mm object (deleted)
61214000-61216000 rw-s 00000000 00:04 151799     /drm mm object (deleted)
61216000-61218000 rw-s 00000000 00:04 151798     /drm mm object (deleted)
61218000-6121a000 rw-s 00000000 00:04 151797     /drm mm object (deleted)
6121a000-6121c000 rw-s 00000000 00:04 151796     /drm mm object (deleted)
6121c000-6121e000 rw-s 00000000 00:04 151795     /drm mm object (deleted)
6121e000-61220000 rw-s 00000000 00:04 151794     /drm mm object (deleted)
61220000-61277000 rw-p 00000000 00:00 0 
61278000-6127a000 rw-s 00000000 00:04 151793     /drm mm object (deleted)
6127a000-6127c000 rw-s 00000000 00:04 151792     /drm mm object (deleted)
6127c000-6127e000 rw-s 00000000 00:04 151791     /drm mm object (deleted)
6127e000-61280000 rw-s 00000000 00:04 151790     /drm mm object (deleted)
61280000-61282000 rw-s 00000000 00:04 151789     /drm mm object (deleted)
61282000-612b7000 r-xp 00000000 08:09 3550246    /usr/lib/i386-linux-gnu/libtxc_dxtn_s2tc.so.0.0.0
612b7000-612b8000 r--p 00034000 08:09 3550246    /usr/lib/i386-linux-gnu/libtxc_dxtn_s2tc.so.0.0.0
612b8000-612b9000 rw-p 00035000 08:09 3550246    /usr/lib/i386-linux-gnu/libtxc_dxtn_s2tc.so.0.0.0
612b9000-61301000 rw-p 00000000 00:00 0 
61301000-6130a000 r-xp 00000000 08:09 3545497    /usr/lib/i386-linux-gnu/libpciaccess.so.0.11.1
6130a000-6130b000 r--p 00008000 08:09 3545497    /usr/lib/i386-linux-gnu/libpciaccess.so.0.11.1
6130b000-6130c000 rw-p 00009000 08:09 3545497    /usr/lib/i386-linux-gnu/libpciaccess.so.0.11.1
6130c000-61318000 r-xp 00000000 08:09 3542044    /usr/lib/i386-linux-gnu/libdrm_radeon.so.1.0.1
61318000-61319000 r--p 0000c000 08:09 3542044    /usr/lib/i386-linux-gnu/libdrm_radeon.so.1.0.1
61319000-6131a000 rw-p 0000d000 08:09 3542044    /usr/lib/i386-linux-gnu/libdrm_radeon.so.1.0.1
6131a000-61320000 r-xp 00000000 08:09 3542041    /usr/lib/i386-linux-gnu/libdrm_nouveau.so.2.0.0
61320000-61321000 r--p 00005000 08:09 3542041    /usr/lib/i386-linux-gnu/libdrm_nouveau.so.2.0.0
61321000-61322000 rw-p 00006000 08:09 3542041    /usr/lib/i386-linux-gnu/libdrm_nouveau.so.2.0.0
61322000-61342000 r-xp 00000000 08:09 3542039    /usr/lib/i386-linux-gnu/libdrm_intel.so.1.0.0
61342000-61343000 r--p 0001f000 08:09 3542039    /usr/lib/i386-linux-gnu/libdrm_intel.so.1.0.0
61343000-61344000 rw-p 00020000 08:09 3542039    /usr/lib/i386-linux-gnu/libdrm_intel.so.1.0.0
61344000-61869000 r-xp 00000000 08:09 3671282    /usr/lib/i386-linux-gnu/dri/i965_dri.so
61869000-61876000 r--p 00524000 08:09 3671282    /usr/lib/i386-linux-gnu/dri/i965_dri.so
61876000-6187e000 rw-p 00531000 08:09 3671282    /usr/lib/i386-linux-gnu/dri/i965_dri.so
6187e000-618b7000 rw-p 00000000 00:00 0 
618b7000-618bf000 r-xp 00000000 08:09 5243958    /lib/i386-linux-gnu/libnih-dbus.so.1.0.0
618bf000-618c0000 r--p 00007000 08:09 5243958    /lib/i386-linux-gnu/libnih-dbus.so.1.0.0
618c0000-618c1000 rw-p 00008000 08:09 5243958    /lib/i386-linux-gnu/libnih-dbus.so.1.0.0
618c1000-618d8000 r-xp 00000000 08:09 5243960    /lib/i386-linux-gnu/libnih.so.1.0.0
618d8000-618d9000 r--p 00016000 08:09 5243960    /lib/i386-linux-gnu/libnih.so.1.0.0
618d9000-618da000 rw-p 00017000 08:09 5243960    /lib/i386-linux-gnu/libnih.so.1.0.0
618da000-618f6000 r-xp 00000000 08:09 5243900    /lib/i386-linux-gnu/libcgmanager.so.0.0.0
618f6000-618f7000 r--p 0001b000 08:09 5243900    /lib/i386-linux-gnu/libcgmanager.so.0.0.0
618f7000-618f8000 rw-p 0001c000 08:09 5243900    /lib/i386-linux-gnu/libcgmanager.so.0.0.0
618f8000-61909000 r-xp 00000000 08:09 5244044    /lib/i386-linux-gnu/libudev.so.1.3.5
61909000-6190a000 r--p 00010000 08:09 5244044    /lib/i386-linux-gnu/libudev.so.1.3.5
6190a000-6190b000 rw-p 00011000 08:09 5244044    /lib/i386-linux-gnu/libudev.so.1.3.5
6190b000-61916000 r-xp 00000000 08:09 3540179    /usr/lib/i386-linux-gnu/libdrm.so.2.4.0
61916000-61917000 r--p 0000a000 08:09 3540179    /usr/lib/i386-linux-gnu/libdrm.so.2.4.0
61917000-61918000 rw-p 0000b000 08:09 3540179    /usr/lib/i386-linux-gnu/libdrm.so.2.4.0
61918000-61919000 r-xp 00000000 08:09 3545809    /usr/lib/i386-linux-gnu/libxshmfence.so.1.0.0
61919000-6191a000 r--p 00000000 08:09 3545809    /usr/lib/i386-linux-gnu/libxshmfence.so.1.0.0
6191a000-6191b000 rw-p 00001000 08:09 3545809    /usr/lib/i386-linux-gnu/libxshmfence.so.1.0.0
6191b000-61920000 r-xp 00000000 08:09 3545787    /usr/lib/i386-linux-gnu/libxcb-sync.so.1.0.0
61920000-61921000 r--p 00004000 08:09 3545787    /usr/lib/i386-linux-gnu/libxcb-sync.so.1.0.0
61921000-61922000 rw-p 00005000 08:09 3545787    /usr/lib/i386-linux-gnu/libxcb-sync.so.1.0.0
61922000-61938000 r-xp 00000000 08:09 3545767    /usr/lib/i386-linux-gnu/libxcb-glx.so.0.0.0
61938000-61939000 r--p 00016000 08:09 3545767    /usr/lib/i386-linux-gnu/libxcb-glx.so.0.0.0
61939000-6193a000 rw-p 00017000 08:09 3545767    /usr/lib/i386-linux-gnu/libxcb-glx.so.0.0.0
6193a000-6194a000 r-xp 00000000 08:09 3545733    /usr/lib/i386-linux-gnu/libglapi.so.0.0.0
6194a000-6194c000 r--p 0000f000 08:09 3545733    /usr/lib/i386-linux-gnu/libglapi.so.0.0.0
6194c000-61951000 rwxp 00011000 08:09 3545733    /usr/lib/i386-linux-gnu/libglapi.so.0.0.0
61951000-61952000 rwxp 00000000 00:00 0 
61952000-619ab000 r-xp 00000000 08:09 3674195    /usr/lib/i386-linux-gnu/mesa/libGL.so.1.2.0
619ab000-619ad000 r--p 00058000 08:09 3674195    /usr/lib/i386-linux-gnu/mesa/libGL.so.1.2.0
619ad000-619b2000 rwxp 0005a000 08:09 3674195    /usr/lib/i386-linux-gnu/mesa/libGL.so.1.2.0
619b2000-619b4000 rw-s 00000000 00:04 151788     /drm mm object (deleted)
619b4000-619bc000 rw-s 00000000 00:04 151781     /drm mm object (deleted)
619bc000-619c4000 rw-s 00000000 00:04 151780     /drm mm object (deleted)
619c4000-619cc000 rw-s 00000000 00:04 151776     /drm mm object (deleted)
619cc000-619cf000 ---p 00000000 00:00 0 
619cf000-619e7000 rw-p 00000000 00:00 0          [stack:21190]
619e7000-619ea000 ---p 00000000 00:00 0 
619ea000-61a38000 rw-p 00000000 00:00 0          [stack:21188]
61a38000-61a39000 ---p 00000000 00:00 0 
61a39000-61b39000 rw-p 00000000 00:00 0          [stack:21187]
61b39000-65b3a000 rw-s 00000000 00:14 152610     /run/shm/pulse-shm-3138387778
65b3a000-65b3b000 ---p 00000000 00:00 0 
65b3b000-6633b000 rw-p 00000000 00:00 0          [stack:21186]
6633b000-66342000 r-xp 00000000 08:09 3545433    /usr/lib/i386-linux-gnu/libogg.so.0.8.1
66342000-66343000 r--p 00006000 08:09 3545433    /usr/lib/i386-linux-gnu/libogg.so.0.8.1
66343000-66344000 rw-p 00007000 08:09 3545433    /usr/lib/i386-linux-gnu/libogg.so.0.8.1
66344000-6636d000 r-xp 00000000 08:09 3545717    /usr/lib/i386-linux-gnu/libvorbis.so.0.4.5
6636d000-6636e000 ---p 00029000 08:09 3545717    /usr/lib/i386-linux-gnu/libvorbis.so.0.4.5
6636e000-6636f000 r--p 00029000 08:09 3545717    /usr/lib/i386-linux-gnu/libvorbis.so.0.4.5
6636f000-66370000 rw-p 0002a000 08:09 3545717    /usr/lib/i386-linux-gnu/libvorbis.so.0.4.5
66370000-664d6000 r-xp 00000000 08:09 3545719    /usr/lib/i386-linux-gnu/libvorbisenc.so.2.0.8
664d6000-664e7000 r--p 00165000 08:09 3545719    /usr/lib/i386-linux-gnu/libvorbisenc.so.2.0.8
664e7000-664e8000 rw-p 00176000 08:09 3545719    /usr/lib/i386-linux-gnu/libvorbisenc.so.2.0.8
664e8000-6651a000 r-xp 00000000 08:09 3542046    /usr/lib/i386-linux-gnu/libFLAC.so.8.3.0
6651a000-6651b000 r--p 00031000 08:09 3542046    /usr/lib/i386-linux-gnu/libFLAC.so.8.3.0
6651b000-6651c000 rw-p 00032000 08:09 3542046    /usr/lib/i386-linux-gnu/libFLAC.so.8.3.0
6651c000-66521000 r-xp 00000000 08:09 3544706    /usr/lib/i386-linux-gnu/libasyncns.so.0.3.1
66521000-66522000 r--p 00004000 08:09 3544706    /usr/lib/i386-linux-gnu/libasyncns.so.0.3.1
66522000-66523000 rw-p 00005000 08:09 3544706    /usr/lib/i386-linux-gnu/libasyncns.so.0.3.1
66523000-6658e000 r-xp 00000000 08:09 3545614    /usr/lib/i386-linux-gnu/libsndfile.so.1.0.25
6658e000-6658f000 ---p 0006b000 08:09 3545614    /usr/lib/i386-linux-gnu/libsndfile.so.1.0.25
6658f000-66590000 r--p 0006b000 08:09 3545614    /usr/lib/i386-linux-gnu/libsndfile.so.1.0.25
66590000-66591000 rw-p 0006c000 08:09 3545614    /usr/lib/i386-linux-gnu/libsndfile.so.1.0.25
66591000-66595000 rw-p 00000000 00:00 0 
66595000-66602000 r-xp 00000000 08:09 3672785    /usr/lib/i386-linux-gnu/pulseaudio/libpulsecommon-4.0.so
66602000-66603000 r--p 0006c000 08:09 3672785    /usr/lib/i386-linux-gnu/pulseaudio/libpulsecommon-4.0.so
66603000-66604000 rw-p 0006d000 08:09 3672785    /usr/lib/i386-linux-gnu/pulseaudio/libpulsecommon-4.0.so
66604000-66651000 r-xp 00000000 08:09 3545533    /usr/lib/i386-linux-gnu/libpulse.so.0.16.2
66651000-66652000 r--p 0004c000 08:09 3545533    /usr/lib/i386-linux-gnu/libpulse.so.0.16.2
66652000-66653000 rw-p 0004d000 08:09 3545533    /usr/lib/i386-linux-gnu/libpulse.so.0.16.2
66653000-666a1000 r-xp 00000000 08:09 928522     /tmp/libgdxhunter/13fdc6a4/libopenal.so
666a1000-666a3000 r--p 0004d000 08:09 928522     /tmp/libgdxhunter/13fdc6a4/libopenal.so
666a3000-666a4000 rw-p 0004f000 08:09 928522     /tmp/libgdxhunter/13fdc6a4/libopenal.so
666a4000-666fe000 r-xp 00000000 08:09 928518     /tmp/libgdxhunter/13fdc6a4/liblwjgl.so
666fe000-666ff000 r--p 0005a000 08:09 928518     /tmp/libgdxhunter/13fdc6a4/liblwjgl.so
666ff000-66700000 rw-p 0005b000 08:09 928518     /tmp/libgdxhunter/13fdc6a4/liblwjgl.so
66700000-667c8000 rw-p 00000000 00:00 0 
667c8000-66800000 ---p 00000000 00:00 0 
66800000-66802000 rw-s 00000000 00:04 151787     /drm mm object (deleted)
66802000-6680a000 r-xp 00000000 08:09 5244056    /lib/i386-linux-gnu/libwrap.so.0.7.6
6680a000-6680b000 r--p 00007000 08:09 5244056    /lib/i386-linux-gnu/libwrap.so.0.7.6
6680b000-6680c000 rw-p 00008000 08:09 5244056    /lib/i386-linux-gnu/libwrap.so.0.7.6
6680c000-66815000 r-xp 00000000 08:09 5243935    /lib/i386-linux-gnu/libjson-c.so.2.0.0
66815000-66816000 r--p 00008000 08:09 5243935    /lib/i386-linux-gnu/libjson-c.so.2.0.0
66816000-66817000 rw-p 00009000 08:09 5243935    /lib/i386-linux-gnu/libjson-c.so.2.0.0
66817000-6681b000 r-xp 00000000 08:09 3544663    /usr/lib/i386-linux-gnu/libXxf86vm.so.1.0.0
6681b000-6681c000 r--p 00004000 08:09 3544663    /usr/lib/i386-linux-gnu/libXxf86vm.so.1.0.0
6681c000-6681d000 rw-p 00005000 08:09 3544663    /usr/lib/i386-linux-gnu/libXxf86vm.so.1.0.0
6681d000-66826000 r-xp 00000000 08:09 3544645    /usr/lib/i386-linux-gnu/libXrandr.so.2.2.0
66826000-66827000 r--p 00008000 08:09 3544645    /usr/lib/i386-linux-gnu/libXrandr.so.2.2.0
66827000-66828000 rw-p 00009000 08:09 3544645    /usr/lib/i386-linux-gnu/libXrandr.so.2.2.0
66828000-66829000 rwxp 00000000 00:00 0 
66829000-6682b000 r-xp 00000000 08:09 3545775    /usr/lib/i386-linux-gnu/libxcb-present.so.0.0.0
6682b000-6682c000 r--p 00001000 08:09 3545775    /usr/lib/i386-linux-gnu/libxcb-present.so.0.0.0
6682c000-6682d000 rw-p 00002000 08:09 3545775    /usr/lib/i386-linux-gnu/libxcb-present.so.0.0.0
6682d000-6682f000 r-xp 00000000 08:09 3545765    /usr/lib/i386-linux-gnu/libxcb-dri3.so.0.0.0
6682f000-66830000 r--p 00001000 08:09 3545765    /usr/lib/i386-linux-gnu/libxcb-dri3.so.0.0.0
66830000-66831000 rw-p 00002000 08:09 3545765    /usr/lib/i386-linux-gnu/libxcb-dri3.so.0.0.0
66831000-66835000 r-xp 00000000 08:09 3545763    /usr/lib/i386-linux-gnu/libxcb-dri2.so.0.0.0
66835000-66836000 r--p 00003000 08:09 3545763    /usr/lib/i386-linux-gnu/libxcb-dri2.so.0.0.0
66836000-66837000 rw-p 00004000 08:09 3545763    /usr/lib/i386-linux-gnu/libxcb-dri2.so.0.0.0
66837000-66839000 r-xp 00000000 08:09 3544623    /usr/lib/i386-linux-gnu/libXdamage.so.1.1.0
66839000-6683a000 r--p 00001000 08:09 3544623    /usr/lib/i386-linux-gnu/libXdamage.so.1.1.0
6683a000-6683b000 rw-p 00002000 08:09 3544623    /usr/lib/i386-linux-gnu/libXdamage.so.1.1.0
6683b000-66842000 r--s 00000000 08:09 3678258    /usr/lib/i386-linux-gnu/gconv/gconv-modules.cache
66842000-66845000 ---p 00000000 00:00 0 
66845000-66893000 rw-p 00000000 00:00 0          [stack:21184]
66893000-66896000 ---p 00000000 00:00 0 
66896000-668e4000 rw-p 00000000 00:00 0          [stack:21183]
668e4000-6690a000 r-xp 00000000 08:09 5244011    /lib/i386-linux-gnu/libpng12.so.0.50.0
6690a000-6690b000 r--p 00025000 08:09 5244011    /lib/i386-linux-gnu/libpng12.so.0.50.0
6690b000-6690c000 rw-p 00026000 08:09 5244011    /lib/i386-linux-gnu/libpng12.so.0.50.0
6690c000-66955000 r-xp 00000000 08:09 5243909    /lib/i386-linux-gnu/libdbus-1.so.3.7.6
66955000-66956000 r--p 00048000 08:09 5243909    /lib/i386-linux-gnu/libdbus-1.so.3.7.6
66956000-66957000 rw-p 00049000 08:09 5243909    /lib/i386-linux-gnu/libdbus-1.so.3.7.6
66957000-6698e000 r-xp 00000000 08:09 3545473    /usr/lib/i386-linux-gnu/libp11-kit.so.0.0.0
6698e000-6698f000 ---p 00037000 08:09 3545473    /usr/lib/i386-linux-gnu/libp11-kit.so.0.0.0
6698f000-66992000 r--p 00037000 08:09 3545473    /usr/lib/i386-linux-gnu/libp11-kit.so.0.0.0
66992000-66993000 rw-p 0003a000 08:09 3545473    /usr/lib/i386-linux-gnu/libp11-kit.so.0.0.0
66993000-669a5000 r-xp 00000000 08:09 3545650    /usr/lib/i386-linux-gnu/libtasn1.so.6.2.0
669a5000-669a6000 r--p 00011000 08:09 3545650    /usr/lib/i386-linux-gnu/libtasn1.so.6.2.0
669a6000-669a7000 rw-p 00012000 08:09 3545650    /usr/lib/i386-linux-gnu/libtasn1.so.6.2.0
669a7000-66a29000 r-xp 00000000 08:09 5243924    /lib/i386-linux-gnu/libgcrypt.so.11.8.2
66a29000-66a2a000 ---p 00082000 08:09 5243924    /lib/i386-linux-gnu/libgcrypt.so.11.8.2
66a2a000-66a2b000 r--p 00082000 08:09 5243924    /lib/i386-linux-gnu/libgcrypt.so.11.8.2
66a2b000-66a2d000 rw-p 00083000 08:09 5243924    /lib/i386-linux-gnu/libgcrypt.so.11.8.2
66a2d000-66a2e000 rw-p 00000000 00:00 0 
66a2e000-66a38000 r-xp 00000000 08:09 3545314    /usr/lib/i386-linux-gnu/libkrb5support.so.0.1
66a38000-66a39000 r--p 00009000 08:09 3545314    /usr/lib/i386-linux-gnu/libkrb5support.so.0.1
66a39000-66a3a000 rw-p 0000a000 08:09 3545314    /usr/lib/i386-linux-gnu/libkrb5support.so.0.1
66a3a000-66a68000 r-xp 00000000 08:09 3545306    /usr/lib/i386-linux-gnu/libk5crypto.so.3.1
66a68000-66a69000 r--p 0002d000 08:09 3545306    /usr/lib/i386-linux-gnu/libk5crypto.so.3.1
66a69000-66a6a000 rw-p 0002e000 08:09 3545306    /usr/lib/i386-linux-gnu/libk5crypto.so.3.1
66a6a000-66b21000 r-xp 00000000 08:09 3545312    /usr/lib/i386-linux-gnu/libkrb5.so.3.3
66b21000-66b27000 r--p 000b7000 08:09 3545312    /usr/lib/i386-linux-gnu/libkrb5.so.3.3
66b27000-66b28000 rw-p 000bd000 08:09 3545312    /usr/lib/i386-linux-gnu/libkrb5.so.3.3
66b28000-66b4d000 r-xp 00000000 08:09 5243917    /lib/i386-linux-gnu/libexpat.so.1.6.0
66b4d000-66b4e000 ---p 00025000 08:09 5243917    /lib/i386-linux-gnu/libexpat.so.1.6.0
66b4e000-66b50000 r--p 00025000 08:09 5243917    /lib/i386-linux-gnu/libexpat.so.1.6.0
66b50000-66b51000 rw-p 00027000 08:09 5243917    /lib/i386-linux-gnu/libexpat.so.1.6.0
66b51000-66beb000 r-xp 00000000 08:09 3544989    /usr/lib/i386-linux-gnu/libfreetype.so.6.11.1
66beb000-66bec000 ---p 0009a000 08:09 3544989    /usr/lib/i386-linux-gnu/libfreetype.so.6.11.1
66bec000-66bf0000 r--p 0009a000 08:09 3544989    /usr/lib/i386-linux-gnu/libfreetype.so.6.11.1
66bf0000-66bf1000 rw-p 0009e000 08:09 3544989    /usr/lib/i386-linux-gnu/libfreetype.so.6.11.1
66bf1000-66c01000 r-xp 00000000 08:09 3544720    /usr/lib/i386-linux-gnu/libavahi-client.so.3.2.9
66c01000-66c02000 r--p 0000f000 08:09 3544720    /usr/lib/i386-linux-gnu/libavahi-client.so.3.2.9
66c02000-66c03000 rw-p 00010000 08:09 3544720    /usr/lib/i386-linux-gnu/libavahi-client.so.3.2.9
66c03000-66c0f000 r-xp 00000000 08:09 3544722    /usr/lib/i386-linux-gnu/libavahi-common.so.3.5.3
66c0f000-66c10000 r--p 0000b000 08:09 3544722    /usr/lib/i386-linux-gnu/libavahi-common.so.3.5.3
66c10000-66c11000 rw-p 0000c000 08:09 3544722    /usr/lib/i386-linux-gnu/libavahi-common.so.3.5.3
66c11000-66cd2000 r-xp 00000000 08:09 3545081    /usr/lib/i386-linux-gnu/libgnutls.so.26.22.6
66cd2000-66cd6000 r--p 000c0000 08:09 3545081    /usr/lib/i386-linux-gnu/libgnutls.so.26.22.6
66cd6000-66cd7000 rw-p 000c4000 08:09 3545081    /usr/lib/i386-linux-gnu/libgnutls.so.26.22.6
66cd7000-66d1a000 r-xp 00000000 08:09 3545115    /usr/lib/i386-linux-gnu/libgssapi_krb5.so.2.2
66d1a000-66d1b000 r--p 00042000 08:09 3545115    /usr/lib/i386-linux-gnu/libgssapi_krb5.so.2.2
66d1b000-66d1c000 rw-p 00043000 08:09 3545115    /usr/lib/i386-linux-gnu/libgssapi_krb5.so.2.2
66d1c000-66d55000 r-xp 00000000 08:09 3544961    /usr/lib/i386-linux-gnu/libfontconfig.so.1.8.0
66d55000-66d56000 r--p 00039000 08:09 3544961    /usr/lib/i386-linux-gnu/libfontconfig.so.1.8.0
66d56000-66d57000 rw-p 0003a000 08:09 3544961    /usr/lib/i386-linux-gnu/libfontconfig.so.1.8.0
66d57000-66dbe000 r-xp 00000000 08:09 3544819    /usr/lib/i386-linux-gnu/libcups.so.2
66dbe000-66dbf000 ---p 00067000 08:09 3544819    /usr/lib/i386-linux-gnu/libcups.so.2
66dbf000-66dc3000 r--p 00067000 08:09 3544819    /usr/lib/i386-linux-gnu/libcups.so.2
66dc3000-66dc4000 rw-p 0006b000 08:09 3544819    /usr/lib/i386-linux-gnu/libcups.so.2
66dc4000-66ef4000 r-xp 00000000 08:09 3544610    /usr/lib/i386-linux-gnu/libX11.so.6.3.0
66ef4000-66ef5000 r--p 00130000 08:09 3544610    /usr/lib/i386-linux-gnu/libX11.so.6.3.0
66ef5000-66ef7000 rw-p 00131000 08:09 3544610    /usr/lib/i386-linux-gnu/libX11.so.6.3.0
66ef7000-66ef8000 rw-p 00000000 00:00 0 
66ef8000-66f40000 r-xp 00000000 08:09 3675633    /usr/lib/jvm/java-7-openjdk-i386/jre/lib/i386/xawt/libmawt.so
66f40000-66f41000 r--p 00047000 08:09 3675633    /usr/lib/jvm/java-7-openjdk-i386/jre/lib/i386/xawt/libmawt.so
66f41000-66f43000 rw-p 00048000 08:09 3675633    /usr/lib/jvm/java-7-openjdk-i386/jre/lib/i386/xawt/libmawt.so
66f43000-66f44000 rw-p 00000000 00:00 0 
66f44000-66fd3000 r-xp 00000000 08:09 3675661    /usr/lib/jvm/java-7-openjdk-i386/jre/lib/i386/libawt.so
66fd3000-66fd4000 r--p 0008f000 08:09 3675661    /usr/lib/jvm/java-7-openjdk-i386/jre/lib/i386/libawt.so
66fd4000-66fdb000 rw-p 00090000 08:09 3675661    /usr/lib/jvm/java-7-openjdk-i386/jre/lib/i386/libawt.so
66fdb000-66fff000 rw-p 00000000 00:00 0 
66fff000-67071000 r-xp 00000000 08:09 928512     /tmp/libgdxhunter/2535ec09/libgdx.so
67071000-67072000 r--p 00072000 08:09 928512     /tmp/libgdxhunter/2535ec09/libgdx.so
67072000-67073000 rw-p 00073000 08:09 928512     /tmp/libgdxhunter/2535ec09/libgdx.so
67073000-6717d000 r-xp 00000000 08:09 5243926    /lib/i386-linux-gnu/libglib-2.0.so.0.4002.0
6717d000-6717e000 r--p 00109000 08:09 5243926    /lib/i386-linux-gnu/libglib-2.0.so.0.4002.0
6717e000-6717f000 rw-p 0010a000 08:09 5243926    /lib/i386-linux-gnu/libglib-2.0.so.0.4002.0
6717f000-672fc000 r-xp 00000000 08:09 3545047    /usr/lib/i386-linux-gnu/libgio-2.0.so.0.4002.0
672fc000-672fe000 r--p 0017d000 08:09 3545047    /usr/lib/i386-linux-gnu/libgio-2.0.so.0.4002.0
672fe000-672ff000 rw-p 0017f000 08:09 3545047    /usr/lib/i386-linux-gnu/libgio-2.0.so.0.4002.0
672ff000-67300000 rw-p 00000000 00:00 0 
67300000-67400000 rw-p 00000000 00:00 0 
67400000-67403000 r-xp 00000000 08:09 5243928    /lib/i386-linux-gnu/libgpg-error.so.0.10.0
67403000-67404000 r--p 00002000 08:09 5243928    /lib/i386-linux-gnu/libgpg-error.so.0.10.0
67404000-67405000 rw-p 00003000 08:09 5243928    /lib/i386-linux-gnu/libgpg-error.so.0.10.0
67405000-67425000 r-xp 00000000 08:09 3545799    /usr/lib/i386-linux-gnu/libxcb.so.1.1.0
67425000-67426000 r--p 0001f000 08:09 3545799    /usr/lib/i386-linux-gnu/libxcb.so.1.1.0
67426000-67427000 rw-p 00020000 08:09 3545799    /usr/lib/i386-linux-gnu/libxcb.so.1.1.0
67427000-67436000 r-xp 00000000 08:09 3544635    /usr/lib/i386-linux-gnu/libXi.so.6.1.0
67436000-67437000 r--p 0000e000 08:09 3544635    /usr/lib/i386-linux-gnu/libXi.so.6.1.0
67437000-67438000 rw-p 0000f000 08:09 3544635    /usr/lib/i386-linux-gnu/libXi.so.6.1.0
67438000-67449000 r-xp 00000000 08:09 3544627    /usr/lib/i386-linux-gnu/libXext.so.6.4.0
67449000-6744a000 r--p 00010000 08:09 3544627    /usr/lib/i386-linux-gnu/libXext.so.6.4.0
6744a000-6744b000 rw-p 00011000 08:09 3544627    /usr/lib/i386-linux-gnu/libXext.so.6.4.0
6744b000-67487000 r-xp 00000000 08:09 5243999    /lib/i386-linux-gnu/libpcre.so.3.13.1
67487000-67488000 r--p 0003b000 08:09 5243999    /lib/i386-linux-gnu/libpcre.so.3.13.1
67488000-67489000 rw-p 0003c000 08:09 5243999    /lib/i386-linux-gnu/libpcre.so.3.13.1
67489000-674d9000 r-xp 00000000 08:09 3545087    /usr/lib/i386-linux-gnu/libgobject-2.0.so.0.4002.0
674d9000-674da000 r--p 0004f000 08:09 3545087    /usr/lib/i386-linux-gnu/libgobject-2.0.so.0.4002.0
674da000-674db000 rw-p 00050000 08:09 3545087    /usr/lib/i386-linux-gnu/libgobject-2.0.so.0.4002.0
674db000-674dc000 ---p 00000000 00:00 0 
674dc000-6755c000 rw-p 00000000 00:00 0          [stack:21182]
6755c000-6755f000 ---p 00000000 00:00 0 
6755f000-675ad000 rw-p 00000000 00:00 0          [stack:21181]
675ad000-675b0000 ---p 00000000 00:00 0 
675b0000-6762e000 rw-p 00000000 00:00 0          [stack:21180]
6762e000-67631000 ---p 00000000 00:00 0 
67631000-676af000 rw-p 00000000 00:00 0          [stack:21179]
676af000-676b2000 ---p 00000000 00:00 0 
676b2000-67700000 rw-p 00000000 00:00 0          [stack:21178]
67700000-67900000 r--p 00000000 08:09 3545965    /usr/lib/locale/locale-archive
67900000-679ff000 rw-p 00000000 00:00 0 
679ff000-67a00000 ---p 00000000 00:00 0 
67a00000-67a21000 rw-p 00000000 00:00 0 
67a21000-67b00000 ---p 00000000 00:00 0 
67b00000-67bfa000 rw-p 00000000 00:00 0 
67bfa000-67c00000 ---p 00000000 00:00 0 
67c00000-67c01000 r-xp 00000000 08:09 3544608    /usr/lib/i386-linux-gnu/libX11-xcb.so.1.0.0
67c01000-67c02000 r--p 00000000 08:09 3544608    /usr/lib/i386-linux-gnu/libX11-xcb.so.1.0.0
67c02000-67c03000 rw-p 00001000 08:09 3544608    /usr/lib/i386-linux-gnu/libX11-xcb.so.1.0.0
67c03000-67c08000 r-xp 00000000 08:09 3544625    /usr/lib/i386-linux-gnu/libXdmcp.so.6.0.0
67c08000-67c09000 r--p 00004000 08:09 3544625    /usr/lib/i386-linux-gnu/libXdmcp.so.6.0.0
67c09000-67c0a000 rw-p 00005000 08:09 3544625    /usr/lib/i386-linux-gnu/libXdmcp.so.6.0.0
67c0a000-67c0f000 r-xp 00000000 08:09 3544653    /usr/lib/i386-linux-gnu/libXtst.so.6.1.0
67c0f000-67c10000 r--p 00004000 08:09 3544653    /usr/lib/i386-linux-gnu/libXtst.so.6.1.0
67c10000-67c11000 rw-p 00005000 08:09 3544653    /usr/lib/i386-linux-gnu/libXtst.so.6.1.0
67c11000-67c31000 r-xp 00000000 08:09 5244026    /lib/i386-linux-gnu/libselinux.so.1
67c31000-67c32000 r--p 0001f000 08:09 5244026    /lib/i386-linux-gnu/libselinux.so.1
67c32000-67c33000 rw-p 00020000 08:09 5244026    /lib/i386-linux-gnu/libselinux.so.1
67c33000-67c34000 rw-p 00000000 00:00 0 
67c34000-67c38000 r-xp 00000000 08:09 3544629    /usr/lib/i386-linux-gnu/libXfixes.so.3.1.0
67c38000-67c39000 r--p 00003000 08:09 3544629    /usr/lib/i386-linux-gnu/libXfixes.so.3.1.0
67c39000-67c3a000 rw-p 00004000 08:09 3544629    /usr/lib/i386-linux-gnu/libXfixes.so.3.1.0
67c3a000-67c43000 r-xp 00000000 08:09 3544621    /usr/lib/i386-linux-gnu/libXcursor.so.1.0.2
67c43000-67c44000 r--p 00008000 08:09 3544621    /usr/lib/i386-linux-gnu/libXcursor.so.1.0.2
67c44000-67c45000 rw-p 00009000 08:09 3544621    /usr/lib/i386-linux-gnu/libXcursor.so.1.0.2
67c45000-67c4e000 r--s 000b9000 08:09 3675720    /usr/lib/jvm/java-7-openjdk-i386/jre/lib/resources.jar
67c4e000-67c4f000 ---p 00000000 00:00 0 
67c4f000-67ccf000 rw-p 00000000 00:00 0          [stack:21175]
67ccf000-67e80000 r--s 01d23000 08:09 3675721    /usr/lib/jvm/java-7-openjdk-i386/jre/lib/rt.jar
67e80000-6a700000 rw-p 00000000 00:00 0 
6a700000-6a7f9000 rw-p 00000000 00:00 0 
6a7f9000-6a800000 ---p 00000000 00:00 0 
6a800000-6a801000 r-xp 00000000 08:09 3675665    /usr/lib/jvm/java-7-openjdk-i386/jre/lib/i386/libjawt.so
6a801000-6a802000 r--p 00000000 08:09 3675665    /usr/lib/jvm/java-7-openjdk-i386/jre/lib/i386/libjawt.so
6a802000-6a803000 rw-p 00001000 08:09 3675665    /usr/lib/jvm/java-7-openjdk-i386/jre/lib/i386/libjawt.so
6a803000-6a80c000 r-xp 00000000 08:09 3544647    /usr/lib/i386-linux-gnu/libXrender.so.1.3.0
6a80c000-6a80d000 r--p 00008000 08:09 3544647    /usr/lib/i386-linux-gnu/libXrender.so.1.3.0
6a80d000-6a80e000 rw-p 00009000 08:09 3544647    /usr/lib/i386-linux-gnu/libXrender.so.1.3.0
6a80e000-6a813000 r-xp 00000000 08:09 3544927    /usr/lib/i386-linux-gnu/libffi.so.6.0.1
6a813000-6a814000 r--p 00005000 08:09 3544927    /usr/lib/i386-linux-gnu/libffi.so.6.0.1
6a814000-6a815000 rw-p 00006000 08:09 3544927    /usr/lib/i386-linux-gnu/libffi.so.6.0.1
6a815000-6a82c000 r-xp 00000000 08:09 3675680    /usr/lib/jvm/java-7-openjdk-i386/jre/lib/i386/libnet.so
6a82c000-6a82d000 r--p 00017000 08:09 3675680    /usr/lib/jvm/java-7-openjdk-i386/jre/lib/i386/libnet.so
6a82d000-6a82e000 rw-p 00018000 08:09 3675680    /usr/lib/jvm/java-7-openjdk-i386/jre/lib/i386/libnet.so
6a82e000-6a831000 ---p 00000000 00:00 0 
6a831000-6a87f000 rw-p 00000000 00:00 0          [stack:21177]
6a87f000-6a880000 ---p 00000000 00:00 0 
6a880000-6a900000 rw-p 00000000 00:00 0          [stack:21174]
6a900000-6a921000 rw-p 00000000 00:00 0 
6a921000-6aa00000 ---p 00000000 00:00 0 
6aa00000-6aa13000 r-xp 00000000 08:09 5248966    /lib/i386-linux-gnu/libresolv-2.19.so
6aa13000-6aa14000 ---p 00013000 08:09 5248966    /lib/i386-linux-gnu/libresolv-2.19.so
6aa14000-6aa15000 r--p 00013000 08:09 5248966    /lib/i386-linux-gnu/libresolv-2.19.so
6aa15000-6aa16000 rw-p 00014000 08:09 5248966    /lib/i386-linux-gnu/libresolv-2.19.so
6aa16000-6aa18000 rw-p 00000000 00:00 0 
6aa18000-6aa2e000 r--s 00150000 08:09 9046121    /home/hunter/git/LaTech-CSC122/csctrails/libs/gdx.jar
6aa2e000-6aa31000 ---p 00000000 00:00 0 
6aa31000-6aa7f000 rw-p 00000000 00:00 0          [stack:21176]
6aa7f000-6aa80000 ---p 00000000 00:00 0 
6aa80000-6ab00000 rw-p 00000000 00:00 0          [stack:21173]
6ab00000-6ab21000 rw-p 00000000 00:00 0 
6ab21000-6ac00000 ---p 00000000 00:00 0 
6ac00000-6ac11000 r-xp 00000000 08:09 3675672    /usr/lib/jvm/java-7-openjdk-i386/jre/lib/i386/libnio.so
6ac11000-6ac12000 r--p 00010000 08:09 3675672    /usr/lib/jvm/java-7-openjdk-i386/jre/lib/i386/libnio.so
6ac12000-6ac13000 rw-p 00011000 08:09 3675672    /usr/lib/jvm/java-7-openjdk-i386/jre/lib/i386/libnio.so
6ac13000-6ac24000 r--s 00126000 08:09 9046119    /home/hunter/git/LaTech-CSC122/csctrails/libs/gdx-backend-lwjgl.jar
6ac24000-6ac7f000 rw-p 00000000 00:00 0 
6ac7f000-6ac80000 ---p 00000000 00:00 0 
6ac80000-6ad00000 rw-p 00000000 00:00 0          [stack:21172]
6ad00000-6ad21000 rw-p 00000000 00:00 0 
6ad21000-6ae00000 ---p 00000000 00:00 0 
6ae00000-6ae02000 r-xp 00000000 08:09 5243938    /lib/i386-linux-gnu/libkeyutils.so.1.4
6ae02000-6ae03000 r--p 00002000 08:09 5243938    /lib/i386-linux-gnu/libkeyutils.so.1.4
6ae03000-6ae04000 rw-p 00003000 08:09 5243938    /lib/i386-linux-gnu/libkeyutils.so.1.4
6ae04000-6ae68000 rw-p 00000000 00:00 0 
6ae68000-6ae69000 ---p 00000000 00:00 0 
6ae69000-6aef1000 rw-p 00000000 00:00 0          [stack:21171]
6aef1000-6af29000 rw-p 00000000 00:00 0 
6af29000-6af3f000 rw-p 00000000 00:00 0 
6af3f000-6b07f000 rw-p 00000000 00:00 0 
6b07f000-6b087000 rw-p 00000000 00:00 0 
6b087000-6b0bf000 rw-p 00000000 00:00 0 
6b0bf000-6b0d5000 rw-p 00000000 00:00 0 
6b0d5000-6b214000 rw-p 00000000 00:00 0 
6b214000-6b21f000 rw-p 00000000 00:00 0 
6b21f000-6b2bf000 rw-p 00000000 00:00 0 
6b2bf000-6c2c0000 rw-p 00000000 00:00 0 
6c2c0000-732c0000 rw-p 00000000 00:00 0 
732c0000-75d40000 rw-p 00000000 00:00 0 
75d40000-9dd40000 rw-p 00000000 00:00 0 
9dd40000-9f2c0000 rw-p 00000000 00:00 0 
9f2c0000-b32c0000 rw-p 00000000 00:00 0 
b32c0000-b32c1000 rw-s 00000000 00:04 151777     /drm mm object (deleted)
b32c1000-b32c4000 r-xp 00000000 08:09 5243904    /lib/i386-linux-gnu/libcom_err.so.2.1
b32c4000-b32c5000 r--p 00002000 08:09 5243904    /lib/i386-linux-gnu/libcom_err.so.2.1
b32c5000-b32c6000 rw-p 00003000 08:09 5243904    /lib/i386-linux-gnu/libcom_err.so.2.1
b32c6000-b32c9000 r-xp 00000000 08:09 3545063    /usr/lib/i386-linux-gnu/libgmodule-2.0.so.0.4002.0
b32c9000-b32ca000 r--p 00002000 08:09 3545063    /usr/lib/i386-linux-gnu/libgmodule-2.0.so.0.4002.0
b32ca000-b32cb000 rw-p 00003000 08:09 3545063    /usr/lib/i386-linux-gnu/libgmodule-2.0.so.0.4002.0
b32cb000-b32d4000 rw-p 00000000 00:00 0 
b32d4000-b338b000 rw-p 00000000 00:00 0 
b338b000-b35cb000 rwxp 00000000 00:00 0 
b35cb000-b638b000 rw-p 00000000 00:00 0 
b638b000-b6396000 r-xp 00000000 08:09 5248953    /lib/i386-linux-gnu/libnss_files-2.19.so
b6396000-b6397000 r--p 0000a000 08:09 5248953    /lib/i386-linux-gnu/libnss_files-2.19.so
b6397000-b6398000 rw-p 0000b000 08:09 5248953    /lib/i386-linux-gnu/libnss_files-2.19.so
b6398000-b63a2000 r-xp 00000000 08:09 5248960    /lib/i386-linux-gnu/libnss_nis-2.19.so
b63a2000-b63a3000 r--p 00009000 08:09 5248960    /lib/i386-linux-gnu/libnss_nis-2.19.so
b63a3000-b63a4000 rw-p 0000a000 08:09 5248960    /lib/i386-linux-gnu/libnss_nis-2.19.so
b63a4000-b63b9000 r-xp 00000000 08:09 5248957    /lib/i386-linux-gnu/libnsl-2.19.so
b63b9000-b63ba000 r--p 00015000 08:09 5248957    /lib/i386-linux-gnu/libnsl-2.19.so
b63ba000-b63bb000 rw-p 00016000 08:09 5248957    /lib/i386-linux-gnu/libnsl-2.19.so
b63bb000-b63bd000 rw-p 00000000 00:00 0 
b63bd000-b63bf000 r-xp 00000000 08:09 3544614    /usr/lib/i386-linux-gnu/libXau.so.6.0.0
b63bf000-b63c0000 r--p 00001000 08:09 3544614    /usr/lib/i386-linux-gnu/libXau.so.6.0.0
b63c0000-b63c1000 rw-p 00002000 08:09 3544614    /usr/lib/i386-linux-gnu/libXau.so.6.0.0
b63c1000-b63c2000 r--s 00127000 08:09 9046120    /home/hunter/git/LaTech-CSC122/csctrails/libs/gdx-natives.jar
b63c2000-b63c4000 r--s 0019e000 08:09 9046118    /home/hunter/git/LaTech-CSC122/csctrails/libs/gdx-backend-lwjgl-natives.jar
b63c4000-b63c8000 r--s 00034000 08:09 3675701    /usr/lib/jvm/java-7-openjdk-i386/jre/lib/ext/sunjce_provider.jar
b63c8000-b63c9000 r--s 00002000 08:09 3675697    /usr/lib/jvm/java-7-openjdk-i386/jre/lib/ext/dnsns.jar
b63c9000-b63cd000 r--s 0003c000 08:09 3675702    /usr/lib/jvm/java-7-openjdk-i386/jre/lib/ext/sunpkcs11.jar
b63cd000-b63d0000 r--s 0000f000 08:09 3675699    /usr/lib/jvm/java-7-openjdk-i386/jre/lib/ext/icedtea-sound.jar
b63d0000-b63d2000 r--s 00012000 08:09 3675700    /usr/lib/jvm/java-7-openjdk-i386/jre/lib/ext/zipfs.jar
b63d2000-b63d4000 r--s 00006000 08:09 4068527    /usr/share/java/java-atk-wrapper.jar
b63d4000-b63d7000 r--s 00086000 08:09 3675698    /usr/lib/jvm/java-7-openjdk-i386/jre/lib/ext/localedata.jar
b63d7000-b63fe000 r-xp 00000000 08:09 3675662    /usr/lib/jvm/java-7-openjdk-i386/jre/lib/i386/libjava.so
b63fe000-b63ff000 r--p 00026000 08:09 3675662    /usr/lib/jvm/java-7-openjdk-i386/jre/lib/i386/libjava.so
b63ff000-b6400000 rw-p 00027000 08:09 3675662    /usr/lib/jvm/java-7-openjdk-i386/jre/lib/i386/libjava.so
b6400000-b64ff000 rw-p 00000000 00:00 0 
b64ff000-b6500000 ---p 00000000 00:00 0 
b6500000-b6501000 r--p 002c5000 08:09 3545965    /usr/lib/locale/locale-archive
b6501000-b6509000 r-xp 00000000 08:09 3675675    /usr/lib/jvm/java-7-openjdk-i386/jre/lib/i386/libzip.so
b6509000-b650a000 r--p 00007000 08:09 3675675    /usr/lib/jvm/java-7-openjdk-i386/jre/lib/i386/libzip.so
b650a000-b650b000 rw-p 00008000 08:09 3675675    /usr/lib/jvm/java-7-openjdk-i386/jre/lib/i386/libzip.so
b650b000-b6512000 r-xp 00000000 08:09 5248961    /lib/i386-linux-gnu/libnss_compat-2.19.so
b6512000-b6513000 r--p 00006000 08:09 5248961    /lib/i386-linux-gnu/libnss_compat-2.19.so
b6513000-b6514000 rw-p 00007000 08:09 5248961    /lib/i386-linux-gnu/libnss_compat-2.19.so
b6514000-b651b000 r-xp 00000000 08:09 5248968    /lib/i386-linux-gnu/librt-2.19.so
b651b000-b651c000 r--p 00006000 08:09 5248968    /lib/i386-linux-gnu/librt-2.19.so
b651c000-b651d000 rw-p 00007000 08:09 5248968    /lib/i386-linux-gnu/librt-2.19.so
b651d000-b6520000 ---p 00000000 00:00 0 
b6520000-b656e000 rw-p 00000000 00:00 0          [stack:21170]
b656e000-b658a000 r-xp 00000000 08:09 5243922    /lib/i386-linux-gnu/libgcc_s.so.1
b658a000-b658b000 rw-p 0001b000 08:09 5243922    /lib/i386-linux-gnu/libgcc_s.so.1
b658b000-b65cf000 r-xp 00000000 08:09 5248954    /lib/i386-linux-gnu/libm-2.19.so
b65cf000-b65d0000 r--p 00043000 08:09 5248954    /lib/i386-linux-gnu/libm-2.19.so
b65d0000-b65d1000 rw-p 00044000 08:09 5248954    /lib/i386-linux-gnu/libm-2.19.so
b65d1000-b66ad000 r-xp 00000000 08:09 3545642    /usr/lib/i386-linux-gnu/libstdc++.so.6.0.19
b66ad000-b66ae000 ---p 000dc000 08:09 3545642    /usr/lib/i386-linux-gnu/libstdc++.so.6.0.19
b66ae000-b66b2000 r--p 000dc000 08:09 3545642    /usr/lib/i386-linux-gnu/libstdc++.so.6.0.19
b66b2000-b66b3000 rw-p 000e0000 08:09 3545642    /usr/lib/i386-linux-gnu/libstdc++.so.6.0.19
b66b3000-b66ba000 rw-p 00000000 00:00 0 
b66ba000-b70a8000 r-xp 00000000 08:09 3675683    /usr/lib/jvm/java-7-openjdk-i386/jre/lib/i386/server/libjvm.so
b70a8000-b70fa000 r--p 009ed000 08:09 3675683    /usr/lib/jvm/java-7-openjdk-i386/jre/lib/i386/server/libjvm.so
b70fa000-b710e000 rw-p 00a3f000 08:09 3675683    /usr/lib/jvm/java-7-openjdk-i386/jre/lib/i386/server/libjvm.so
b710e000-b752b000 rw-p 00000000 00:00 0 
b752b000-b7543000 r-xp 00000000 08:09 5244059    /lib/i386-linux-gnu/libz.so.1.2.8
b7543000-b7544000 r--p 00017000 08:09 5244059    /lib/i386-linux-gnu/libz.so.1.2.8
b7544000-b7545000 rw-p 00018000 08:09 5244059    /lib/i386-linux-gnu/libz.so.1.2.8
b7545000-b7546000 rw-p 00000000 00:00 0 
b7546000-b755e000 r-xp 00000000 08:09 5248967    /lib/i386-linux-gnu/libpthread-2.19.so
b755e000-b755f000 r--p 00017000 08:09 5248967    /lib/i386-linux-gnu/libpthread-2.19.so
b755f000-b7560000 rw-p 00018000 08:09 5248967    /lib/i386-linux-gnu/libpthread-2.19.so
b7560000-b7562000 rw-p 00000000 00:00 0 
b7562000-b7565000 r-xp 00000000 08:09 5248964    /lib/i386-linux-gnu/libdl-2.19.so
b7565000-b7566000 r--p 00002000 08:09 5248964    /lib/i386-linux-gnu/libdl-2.19.so
b7566000-b7567000 rw-p 00003000 08:09 5248964    /lib/i386-linux-gnu/libdl-2.19.so
b7567000-b7710000 r-xp 00000000 08:09 5248727    /lib/i386-linux-gnu/libc-2.19.so
b7710000-b7712000 r--p 001a8000 08:09 5248727    /lib/i386-linux-gnu/libc-2.19.so
b7712000-b7713000 rw-p 001aa000 08:09 5248727    /lib/i386-linux-gnu/libc-2.19.so
b7713000-b7716000 rw-p 00000000 00:00 0 
b7716000-b771e000 rw-s 00000000 08:09 794159     /tmp/hsperfdata_hunter/21165
b771e000-b771f000 rw-p 00000000 00:00 0 
b771f000-b7720000 r--p 00000000 00:00 0 
b7720000-b772e000 r-xp 00000000 08:09 3675674    /usr/lib/jvm/java-7-openjdk-i386/jre/lib/i386/libverify.so
b772e000-b772f000 r--p 0000d000 08:09 3675674    /usr/lib/jvm/java-7-openjdk-i386/jre/lib/i386/libverify.so
b772f000-b7730000 rw-p 0000e000 08:09 3675674    /usr/lib/jvm/java-7-openjdk-i386/jre/lib/i386/libverify.so
b7730000-b773c000 r-xp 00000000 08:09 3675664    /usr/lib/jvm/java-7-openjdk-i386/jre/lib/i386/jli/libjli.so
b773c000-b773d000 r--p 0000c000 08:09 3675664    /usr/lib/jvm/java-7-openjdk-i386/jre/lib/i386/jli/libjli.so
b773d000-b773e000 rw-p 0000d000 08:09 3675664    /usr/lib/jvm/java-7-openjdk-i386/jre/lib/i386/jli/libjli.so
b773e000-b7741000 rw-p 00000000 00:00 0 
b7741000-b7742000 r-xp 00000000 00:00 0          [vdso]
b7742000-b7762000 r-xp 00000000 08:09 5248726    /lib/i386-linux-gnu/ld-2.19.so
b7762000-b7763000 r--p 0001f000 08:09 5248726    /lib/i386-linux-gnu/ld-2.19.so
b7763000-b7764000 rw-p 00020000 08:09 5248726    /lib/i386-linux-gnu/ld-2.19.so
bf89b000-bf89c000 rwxp 00000000 00:00 0 
bf8ce000-bf8ef000 rw-p 00000000 00:00 0          [stack]

VM Arguments:
jvm_args: -Dfile.encoding=UTF-8 
java_command: csctrails.main.CSCTrailsDesktop
Launcher Type: SUN_STANDARD

Environment Variables:
PATH=/usr/local/sbin:/usr/local/bin:/usr/sbin:/usr/bin:/sbin:/bin:/usr/games:/usr/local/games
USERNAME=hunter
LD_LIBRARY_PATH=/usr/lib/jvm/java-7-openjdk-i386/jre/lib/i386/server:/usr/lib/jvm/java-7-openjdk-i386/jre/lib/i386:/usr/lib/jvm/java-7-openjdk-i386/jre/../lib/i386:/usr/lib/jvm/java-7-openjdk-i386/jre/lib/i386/client:/usr/lib/jvm/java-7-openjdk-i386/jre/lib/i386:
SHELL=/bin/bash
DISPLAY=:0

Signal Handlers:
SIGSEGV: [libjvm.so+0x80c740], sa_mask[0]=0x7ffbfeff, sa_flags=0x10000004
SIGBUS: [libjvm.so+0x80c740], sa_mask[0]=0x7ffbfeff, sa_flags=0x10000004
SIGFPE: [libjvm.so+0x6847c0], sa_mask[0]=0x7ffbfeff, sa_flags=0x10000004
SIGPIPE: [libjvm.so+0x6847c0], sa_mask[0]=0x7ffbfeff, sa_flags=0x10000004
SIGXFSZ: [libjvm.so+0x6847c0], sa_mask[0]=0x7ffbfeff, sa_flags=0x10000004
SIGILL: [libjvm.so+0x6847c0], sa_mask[0]=0x7ffbfeff, sa_flags=0x10000004
SIGUSR1: SIG_DFL, sa_mask[0]=0x00000000, sa_flags=0x00000000
SIGUSR2: [libjvm.so+0x684650], sa_mask[0]=0x00000004, sa_flags=0x10000004
SIGHUP: [libjvm.so+0x684880], sa_mask[0]=0x7ffbfeff, sa_flags=0x10000004
SIGINT: [libjvm.so+0x684880], sa_mask[0]=0x7ffbfeff, sa_flags=0x10000004
SIGTERM: [libjvm.so+0x684880], sa_mask[0]=0x7ffbfeff, sa_flags=0x10000004
SIGQUIT: [libjvm.so+0x684880], sa_mask[0]=0x7ffbfeff, sa_flags=0x10000004
SIGTRAP: SIG_DFL, sa_mask[0]=0x00000000, sa_flags=0x00000000


---------------  S Y S T E M  ---------------

OS:LinuxMint 17.1 (rebecca)
uname:Linux 3.13.0-37-generic #64-Ubuntu SMP Mon Sep 22 21:30:01 UTC 2014 i686
libc:glibc 2.19 NPTL 2.19 
rlimit: STACK 8192k, CORE 0k, NPROC 45875, NOFILE 4096, AS infinity
load average:0.71 0.44 0.32

/proc/meminfo:
MemTotal:        5900044 kB
MemFree:         3968964 kB
Buffers:          118468 kB
Cached:          1043172 kB
SwapCached:            0 kB
Active:          1033736 kB
Inactive:         795588 kB
Active(anon):     673320 kB
Inactive(anon):   246988 kB
Active(file):     360416 kB
Inactive(file):   548600 kB
Unevictable:           0 kB
Mlocked:               0 kB
HighTotal:       5071268 kB
HighFree:        3478040 kB
LowTotal:         828776 kB
LowFree:          490924 kB
SwapTotal:       1952764 kB
SwapFree:        1952764 kB
Dirty:               204 kB
Writeback:             0 kB
AnonPages:        667680 kB
Mapped:           261716 kB
Shmem:            252628 kB
Slab:              61576 kB
SReclaimable:      41448 kB
SUnreclaim:        20128 kB
KernelStack:        4288 kB
PageTables:         9428 kB
NFS_Unstable:          0 kB
Bounce:                0 kB
WritebackTmp:          0 kB
CommitLimit:     4902784 kB
Committed_AS:    2678372 kB
VmallocTotal:     122880 kB
VmallocUsed:       16876 kB
VmallocChunk:      88436 kB
HardwareCorrupted:     0 kB
AnonHugePages:    319488 kB
HugePages_Total:       0
HugePages_Free:        0
HugePages_Rsvd:        0
HugePages_Surp:        0
Hugepagesize:       2048 kB
DirectMap4k:       47096 kB
DirectMap2M:      866304 kB


CPU:total 4 (2 cores per cpu, 2 threads per core) family 6 model 69 stepping 1, cmov, cx8, fxsr, mmx, sse, sse2, sse3, ssse3, sse4.1, sse4.2, popcnt, avx, avx2, aes, erms, ht, tsc, tscinvbit

/proc/cpuinfo:
processor	: 0
vendor_id	: GenuineIntel
cpu family	: 6
model		: 69
model name	: Intel(R) Core(TM) i5-4210U CPU @ 1.70GHz
stepping	: 1
microcode	: 0x17
cpu MHz		: 782.000
cache size	: 3072 KB
physical id	: 0
siblings	: 4
core id		: 0
cpu cores	: 2
apicid		: 0
initial apicid	: 0
fdiv_bug	: no
f00f_bug	: no
coma_bug	: no
fpu		: yes
fpu_exception	: yes
cpuid level	: 13
wp		: yes
flags		: fpu vme de pse tsc msr pae mce cx8 apic sep mtrr pge mca cmov pat pse36 clflush dts acpi mmx fxsr sse sse2 ss ht tm pbe nx pdpe1gb rdtscp lm constant_tsc arch_perfmon pebs bts xtopology nonstop_tsc aperfmperf eagerfpu pni pclmulqdq dtes64 monitor ds_cpl vmx est tm2 ssse3 fma cx16 xtpr pdcm pcid sse4_1 sse4_2 movbe popcnt tsc_deadline_timer aes xsave avx f16c rdrand lahf_lm abm ida arat epb xsaveopt pln pts dtherm tpr_shadow vnmi flexpriority ept vpid fsgsbase tsc_adjust bmi1 avx2 smep bmi2 erms invpcid
bogomips	: 3391.96
clflush size	: 64
cache_alignment	: 64
address sizes	: 39 bits physical, 48 bits virtual
power management:

processor	: 1
vendor_id	: GenuineIntel
cpu family	: 6
model		: 69
model name	: Intel(R) Core(TM) i5-4210U CPU @ 1.70GHz
stepping	: 1
microcode	: 0x17
cpu MHz		: 782.000
cache size	: 3072 KB
physical id	: 0
siblings	: 4
core id		: 0
cpu cores	: 2
apicid		: 1
initial apicid	: 1
fdiv_bug	: no
f00f_bug	: no
coma_bug	: no
fpu		: yes
fpu_exception	: yes
cpuid level	: 13
wp		: yes
flags		: fpu vme de pse tsc msr pae mce cx8 apic sep mtrr pge mca cmov pat pse36 clflush dts acpi mmx fxsr sse sse2 ss ht tm pbe nx pdpe1gb rdtscp lm constant_tsc arch_perfmon pebs bts xtopology nonstop_tsc aperfmperf eagerfpu pni pclmulqdq dtes64 monitor ds_cpl vmx est tm2 ssse3 fma cx16 xtpr pdcm pcid sse4_1 sse4_2 movbe popcnt tsc_deadline_timer aes xsave avx f16c rdrand lahf_lm abm ida arat epb xsaveopt pln pts dtherm tpr_shadow vnmi flexpriority ept vpid fsgsbase tsc_adjust bmi1 avx2 smep bmi2 erms invpcid
bogomips	: 3391.96
clflush size	: 64
cache_alignment	: 64
address sizes	: 39 bits physical, 48 bits virtual
power management:

processor	: 2
vendor_id	: GenuineIntel
cpu family	: 6
model		: 69
model name	: Intel(R) Core(TM) i5-4210U CPU @ 1.70GHz
stepping	: 1
microcode	: 0x17
cpu MHz		: 782.000
cache size	: 3072 KB
physical id	: 0
siblings	: 4
core id		: 1
cpu cores	: 2
apicid		: 2
initial apicid	: 2
fdiv_bug	: no
f00f_bug	: no
coma_bug	: no
fpu		: yes
fpu_exception	: yes
cpuid level	: 13
wp		: yes
flags		: fpu vme de pse tsc msr pae mce cx8 apic sep mtrr pge mca cmov pat pse36 clflush dts acpi mmx fxsr sse sse2 ss ht tm pbe nx pdpe1gb rdtscp lm constant_tsc arch_perfmon pebs bts xtopology nonstop_tsc aperfmperf eagerfpu pni pclmulqdq dtes64 monitor ds_cpl vmx est tm2 ssse3 fma cx16 xtpr pdcm pcid sse4_1 sse4_2 movbe popcnt tsc_deadline_timer aes xsave avx f16c rdrand lahf_lm abm ida arat epb xsaveopt pln pts dtherm tpr_shadow vnmi flexpriority ept vpid fsgsbase tsc_adjust bmi1 avx2 smep bmi2 erms invpcid
bogomips	: 3391.96
clflush size	: 64
cache_alignment	: 64
address sizes	: 39 bits physical, 48 bits virtual
power management:

processor	: 3
vendor_id	: GenuineIntel
cpu family	: 6
model		: 69
model name	: Intel(R) Core(TM) i5-4210U CPU @ 1.70GHz
stepping	: 1
microcode	: 0x17
cpu MHz		: 782.000
cache size	: 3072 KB
physical id	: 0
siblings	: 4
core id		: 1
cpu cores	: 2
apicid		: 3
initial apicid	: 3
fdiv_bug	: no
f00f_bug	: no
coma_bug	: no
fpu		: yes
fpu_exception	: yes
cpuid level	: 13
wp		: yes
flags		: fpu vme de pse tsc msr pae mce cx8 apic sep mtrr pge mca cmov pat pse36 clflush dts acpi mmx fxsr sse sse2 ss ht tm pbe nx pdpe1gb rdtscp lm constant_tsc arch_perfmon pebs bts xtopology nonstop_tsc aperfmperf eagerfpu pni pclmulqdq dtes64 monitor ds_cpl vmx est tm2 ssse3 fma cx16 xtpr pdcm pcid sse4_1 sse4_2 movbe popcnt tsc_deadline_timer aes xsave avx f16c rdrand lahf_lm abm ida arat epb xsaveopt pln pts dtherm tpr_shadow vnmi flexpriority ept vpid fsgsbase tsc_adjust bmi1 avx2 smep bmi2 erms invpcid
bogomips	: 3391.96
clflush size	: 64
cache_alignment	: 64
address sizes	: 39 bits physical, 48 bits virtual
power management:



Memory: 4k page, physical 5900044k(3968964k free), swap 1952764k(1952764k free)

vm_info: OpenJDK Server VM (24.75-b04) for linux-x86 JRE (1.7.0_75-b13), built on Jan 27 2015 00:41:34 by "buildd" with gcc 4.8.2

time: Fri Oct  2 09:19:50 2015
elapsed time: 6 seconds

